# JRE version: OpenJDK Runtime Environment Temurin-21.0.9+10 (21.0.9+10) (build 21.0.9+10-LTS)
# Java VM: OpenJDK 64-Bit Server VM Temurin-21.0.9+10 (21.0.9+10-LTS, mixed mode, sharing, tiered, compressed oops, compressed class ptrs, parallel gc, windows-amd64)
GC Precious Log:
 CardTable entry size: 512
 CPUs: 4 total, 4 available
 Memory: 16263M
 Large Page Support: Disabled
 NUMA Support: Disabled
 Compressed Oops: Enabled (32-bit)
 Alignments: Space 512K, Generation 512K, Heap 2M
 Heap Min Capacity: 100M
 Heap Initial Capacity: 100M
 Heap Max Capacity: 2G
 Pre-touch: Disabled
 Parallel Workers: 4
Heap:
 PSYoungGen      total 3072K, used 2351K [0x00000000d5580000, 0x00000000d5980000, 0x0000000100000000)
  eden space 2560K, 79% used [0x00000000d5580000,0x00000000d577d368,0x00000000d5800000)
  from space 512K, 61% used [0x00000000d5880000,0x00000000d58cec08,0x00000000d5900000)
  to   space 512K, 0% used [0x00000000d5900000,0x00000000d5900000,0x00000000d5980000)
 ParOldGen       total 370688K, used 370485K [0x0000000080000000, 0x0000000096a00000, 0x00000000d5580000)
  object space 370688K, 99% used [0x0000000080000000,0x00000000969cd510,0x0000000096a00000)
 Metaspace       used 69587K, committed 71104K, reserved 1114112K
  class space    used 7304K, committed 7936K, reserved 1048576K
GC Heap History (20 events):
Event: 86.771 GC heap before
{Heap before GC invocations=1097 (full 3):
 PSYoungGen      total 3072K, used 2848K [0x00000000d5580000, 0x00000000d5980000, 0x0000000100000000)
  eden space 2560K, 100% used [0x00000000d5580000,0x00000000d5800000,0x00000000d5800000)
  from space 512K, 56% used [0x00000000d5880000,0x00000000d58c8000,0x00000000d5900000)
  to   space 512K, 0% used [0x00000000d5900000,0x00000000d5900000,0x00000000d5980000)
 ParOldGen       total 368128K, used 368120K [0x0000000080000000, 0x0000000096780000, 0x00000000d5580000)
  object space 368128K, 99% used [0x0000000080000000,0x000000009677e010,0x0000000096780000)
 Metaspace       used 69490K, committed 71040K, reserved 1114112K
  class space    used 7293K, committed 7936K, reserved 1048576K
}
Event: 86.773 GC heap after
{Heap after GC invocations=1097 (full 3):
 PSYoungGen      total 3072K, used 256K [0x00000000d5580000, 0x00000000d5980000, 0x0000000100000000)
  eden space 2560K, 0% used [0x00000000d5580000,0x00000000d5580000,0x00000000d5800000)
  from space 512K, 50% used [0x00000000d5900000,0x00000000d5940000,0x00000000d5980000)
  to   space 512K, 0% used [0x00000000d5880000,0x00000000d5880000,0x00000000d5900000)
 ParOldGen       total 368640K, used 368376K [0x0000000080000000, 0x0000000096800000, 0x00000000d5580000)
  object space 368640K, 99% used [0x0000000080000000,0x00000000967be010,0x0000000096800000)
 Metaspace       used 69490K, committed 71040K, reserved 1114112K
  class space    used 7293K, committed 7936K, reserved 1048576K
}
Event: 86.806 GC heap before
{Heap before GC invocations=1098 (full 3):
 PSYoungGen      total 3072K, used 2816K [0x00000000d5580000, 0x00000000d5980000, 0x0000000100000000)
  eden space 2560K, 100% used [0x00000000d5580000,0x00000000d5800000,0x00000000d5800000)
  from space 512K, 50% used [0x00000000d5900000,0x00000000d5940000,0x00000000d5980000)
  to   space 512K, 0% used [0x00000000d5880000,0x00000000d5880000,0x00000000d5900000)
 ParOldGen       total 368640K, used 368376K [0x0000000080000000, 0x0000000096800000, 0x00000000d5580000)
  object space 368640K, 99% used [0x0000000080000000,0x00000000967be010,0x0000000096800000)
 Metaspace       used 69490K, committed 71040K, reserved 1114112K
  class space    used 7293K, committed 7936K, reserved 1048576K
}
Event: 86.808 GC heap after
{Heap after GC invocations=1098 (full 3):
 PSYoungGen      total 3072K, used 224K [0x00000000d5580000, 0x00000000d5980000, 0x0000000100000000)
  eden space 2560K, 0% used [0x00000000d5580000,0x00000000d5580000,0x00000000d5800000)
  from space 512K, 43% used [0x00000000d5880000,0x00000000d58b8000,0x00000000d5900000)
  to   space 512K, 0% used [0x00000000d5900000,0x00000000d5900000,0x00000000d5980000)
 ParOldGen       total 368640K, used 368600K [0x0000000080000000, 0x0000000096800000, 0x00000000d5580000)
  object space 368640K, 99% used [0x0000000080000000,0x00000000967f6010,0x0000000096800000)
 Metaspace       used 69490K, committed 71040K, reserved 1114112K
  class space    used 7293K, committed 7936K, reserved 1048576K
}
Event: 86.819 GC heap before
{Heap before GC invocations=1099 (full 3):
 PSYoungGen      total 3072K, used 2784K [0x00000000d5580000, 0x00000000d5980000, 0x0000000100000000)
  eden space 2560K, 100% used [0x00000000d5580000,0x00000000d5800000,0x00000000d5800000)
  from space 512K, 43% used [0x00000000d5880000,0x00000000d58b8000,0x00000000d5900000)
  to   space 512K, 0% used [0x00000000d5900000,0x00000000d5900000,0x00000000d5980000)
 ParOldGen       total 368640K, used 368600K [0x0000000080000000, 0x0000000096800000, 0x00000000d5580000)
  object space 368640K, 99% used [0x0000000080000000,0x00000000967f6010,0x0000000096800000)
 Metaspace       used 69490K, committed 71040K, reserved 1114112K
  class space    used 7293K, committed 7936K, reserved 1048576K
}
Event: 86.821 GC heap after
{Heap after GC invocations=1099 (full 3):
 PSYoungGen      total 3072K, used 352K [0x00000000d5580000, 0x00000000d5980000, 0x0000000100000000)
  eden space 2560K, 0% used [0x00000000d5580000,0x00000000d5580000,0x00000000d5800000)
  from space 512K, 68% used [0x00000000d5900000,0x00000000d5958000,0x00000000d5980000)
  to   space 512K, 0% used [0x00000000d5880000,0x00000000d5880000,0x00000000d5900000)
 ParOldGen       total 369152K, used 368760K [0x0000000080000000, 0x0000000096880000, 0x00000000d5580000)
  object space 369152K, 99% used [0x0000000080000000,0x000000009681e3d0,0x0000000096880000)
 Metaspace       used 69490K, committed 71040K, reserved 1114112K
  class space    used 7293K, committed 7936K, reserved 1048576K
}
Event: 86.832 GC heap before
{Heap before GC invocations=1100 (full 3):
 PSYoungGen      total 3072K, used 2912K [0x00000000d5580000, 0x00000000d5980000, 0x0000000100000000)
  eden space 2560K, 100% used [0x00000000d5580000,0x00000000d5800000,0x00000000d5800000)
  from space 512K, 68% used [0x00000000d5900000,0x00000000d5958000,0x00000000d5980000)
  to   space 512K, 0% used [0x00000000d5880000,0x00000000d5880000,0x00000000d5900000)
 ParOldGen       total 369152K, used 368760K [0x0000000080000000, 0x0000000096880000, 0x00000000d5580000)
  object space 369152K, 99% used [0x0000000080000000,0x000000009681e3d0,0x0000000096880000)
 Metaspace       used 69490K, committed 71040K, reserved 1114112K
  class space    used 7293K, committed 7936K, reserved 1048576K
}
Event: 86.833 GC heap after
{Heap after GC invocations=1100 (full 3):
 PSYoungGen      total 3072K, used 283K [0x00000000d5580000, 0x00000000d5980000, 0x0000000100000000)
  eden space 2560K, 0% used [0x00000000d5580000,0x00000000d5580000,0x00000000d5800000)
  from space 512K, 55% used [0x00000000d5880000,0x00000000d58c6c08,0x00000000d5900000)
  to   space 512K, 0% used [0x00000000d5900000,0x00000000d5900000,0x00000000d5980000)
 ParOldGen       total 369152K, used 369040K [0x0000000080000000, 0x0000000096880000, 0x00000000d5580000)
  object space 369152K, 99% used [0x0000000080000000,0x00000000968643d0,0x0000000096880000)
 Metaspace       used 69490K, committed 71040K, reserved 1114112K
  class space    used 7293K, committed 7936K, reserved 1048576K
}
Event: 86.843 GC heap before
{Heap before GC invocations=1101 (full 3):
 PSYoungGen      total 3072K, used 2843K [0x00000000d5580000, 0x00000000d5980000, 0x0000000100000000)
  eden space 2560K, 100% used [0x00000000d5580000,0x00000000d5800000,0x00000000d5800000)
  from space 512K, 55% used [0x00000000d5880000,0x00000000d58c6c08,0x00000000d5900000)
  to   space 512K, 0% used [0x00000000d5900000,0x00000000d5900000,0x00000000d5980000)
 ParOldGen       total 369152K, used 369040K [0x0000000080000000, 0x0000000096880000, 0x00000000d5580000)
  object space 369152K, 99% used [0x0000000080000000,0x00000000968643d0,0x0000000096880000)
 Metaspace       used 69490K, committed 71040K, reserved 1114112K
  class space    used 7293K, committed 7936K, reserved 1048576K
}
Event: 86.845 GC heap after
{Heap after GC invocations=1101 (full 3):
 PSYoungGen      total 3072K, used 320K [0x00000000d5580000, 0x00000000d5980000, 0x0000000100000000)
  eden space 2560K, 0% used [0x00000000d5580000,0x00000000d5580000,0x00000000d5800000)
  from space 512K, 62% used [0x00000000d5900000,0x00000000d5950000,0x00000000d5980000)
  to   space 512K, 0% used [0x00000000d5880000,0x00000000d5880000,0x00000000d5900000)
 ParOldGen       total 369664K, used 369323K [0x0000000080000000, 0x0000000096900000, 0x00000000d5580000)
  object space 369664K, 99% used [0x0000000080000000,0x00000000968aafd8,0x0000000096900000)
 Metaspace       used 69490K, committed 71040K, reserved 1114112K
  class space    used 7293K, committed 7936K, reserved 1048576K
}
Event: 86.856 GC heap before
{Heap before GC invocations=1102 (full 3):
 PSYoungGen      total 3072K, used 2880K [0x00000000d5580000, 0x00000000d5980000, 0x0000000100000000)
  eden space 2560K, 100% used [0x00000000d5580000,0x00000000d5800000,0x00000000d5800000)
  from space 512K, 62% used [0x00000000d5900000,0x00000000d5950000,0x00000000d5980000)
  to   space 512K, 0% used [0x00000000d5880000,0x00000000d5880000,0x00000000d5900000)
 ParOldGen       total 369664K, used 369323K [0x0000000080000000, 0x0000000096900000, 0x00000000d5580000)
  object space 369664K, 99% used [0x0000000080000000,0x00000000968aafd8,0x0000000096900000)
 Metaspace       used 69490K, committed 71040K, reserved 1114112K
  class space    used 7293K, committed 7936K, reserved 1048576K
}
Event: 86.857 GC heap after
{Heap after GC invocations=1102 (full 3):
 PSYoungGen      total 3072K, used 320K [0x00000000d5580000, 0x00000000d5980000, 0x0000000100000000)
  eden space 2560K, 0% used [0x00000000d5580000,0x00000000d5580000,0x00000000d5800000)
  from space 512K, 62% used [0x00000000d5880000,0x00000000d58d0000,0x00000000d5900000)
  to   space 512K, 0% used [0x00000000d5900000,0x00000000d5900000,0x00000000d5980000)
 ParOldGen       total 369664K, used 369587K [0x0000000080000000, 0x0000000096900000, 0x00000000d5580000)
  object space 369664K, 99% used [0x0000000080000000,0x00000000968ecfd8,0x0000000096900000)
 Metaspace       used 69490K, committed 71040K, reserved 1114112K
  class space    used 7293K, committed 7936K, reserved 1048576K
}
Event: 86.889 GC heap before
{Heap before GC invocations=1103 (full 3):
 PSYoungGen      total 3072K, used 2880K [0x00000000d5580000, 0x00000000d5980000, 0x0000000100000000)
  eden space 2560K, 100% used [0x00000000d5580000,0x00000000d5800000,0x00000000d5800000)
  from space 512K, 62% used [0x00000000d5880000,0x00000000d58d0000,0x00000000d5900000)
  to   space 512K, 0% used [0x00000000d5900000,0x00000000d5900000,0x00000000d5980000)
 ParOldGen       total 369664K, used 369587K [0x0000000080000000, 0x0000000096900000, 0x00000000d5580000)
  object space 369664K, 99% used [0x0000000080000000,0x00000000968ecfd8,0x0000000096900000)
 Metaspace       used 69490K, committed 71040K, reserved 1114112K
  class space    used 7293K, committed 7936K, reserved 1048576K
}
Event: 86.890 GC heap after
{Heap after GC invocations=1103 (full 3):
 PSYoungGen      total 3072K, used 310K [0x00000000d5580000, 0x00000000d5980000, 0x0000000100000000)
  eden space 2560K, 0% used [0x00000000d5580000,0x00000000d5580000,0x00000000d5800000)
  from space 512K, 60% used [0x00000000d5900000,0x00000000d594d808,0x00000000d5980000)
  to   space 512K, 0% used [0x00000000d5880000,0x00000000d5880000,0x00000000d5900000)
 ParOldGen       total 370176K, used 369827K [0x0000000080000000, 0x0000000096980000, 0x00000000d5580000)
  object space 370176K, 99% used [0x0000000080000000,0x0000000096928fd8,0x0000000096980000)
 Metaspace       used 69490K, committed 71040K, reserved 1114112K
  class space    used 7293K, committed 7936K, reserved 1048576K
}
Event: 86.915 GC heap before
{Heap before GC invocations=1104 (full 3):
 PSYoungGen      total 3072K, used 2870K [0x00000000d5580000, 0x00000000d5980000, 0x0000000100000000)
  eden space 2560K, 100% used [0x00000000d5580000,0x00000000d5800000,0x00000000d5800000)
  from space 512K, 60% used [0x00000000d5900000,0x00000000d594d808,0x00000000d5980000)
  to   space 512K, 0% used [0x00000000d5880000,0x00000000d5880000,0x00000000d5900000)
 ParOldGen       total 370176K, used 369827K [0x0000000080000000, 0x0000000096980000, 0x00000000d5580000)
  object space 370176K, 99% used [0x0000000080000000,0x0000000096928fd8,0x0000000096980000)
 Metaspace       used 69490K, committed 71040K, reserved 1114112K
  class space    used 7293K, committed 7936K, reserved 1048576K
}
Event: 86.918 GC heap after
{Heap after GC invocations=1104 (full 3):
 PSYoungGen      total 3072K, used 320K [0x00000000d5580000, 0x00000000d5980000, 0x0000000100000000)
  eden space 2560K, 0% used [0x00000000d5580000,0x00000000d5580000,0x00000000d5800000)
  from space 512K, 62% used [0x00000000d5880000,0x00000000d58d0000,0x00000000d5900000)
  to   space 512K, 0% used [0x00000000d5900000,0x00000000d5900000,0x00000000d5980000)
 ParOldGen       total 370176K, used 369969K [0x0000000080000000, 0x0000000096980000, 0x00000000d5580000)
  object space 370176K, 99% used [0x0000000080000000,0x000000009694c7e0,0x0000000096980000)
 Metaspace       used 69490K, committed 71040K, reserved 1114112K
  class space    used 7293K, committed 7936K, reserved 1048576K
}
Event: 86.942 GC heap before
{Heap before GC invocations=1105 (full 3):
 PSYoungGen      total 3072K, used 2880K [0x00000000d5580000, 0x00000000d5980000, 0x0000000100000000)
  eden space 2560K, 100% used [0x00000000d5580000,0x00000000d5800000,0x00000000d5800000)
  from space 512K, 62% used [0x00000000d5880000,0x00000000d58d0000,0x00000000d5900000)
  to   space 512K, 0% used [0x00000000d5900000,0x00000000d5900000,0x00000000d5980000)
 ParOldGen       total 370176K, used 369969K [0x0000000080000000, 0x0000000096980000, 0x00000000d5580000)
  object space 370176K, 99% used [0x0000000080000000,0x000000009694c7e0,0x0000000096980000)
 Metaspace       used 69490K, committed 71040K, reserved 1114112K
  class space    used 7293K, committed 7936K, reserved 1048576K
}
Event: 86.943 GC heap after
{Heap after GC invocations=1105 (full 3):
 PSYoungGen      total 3072K, used 320K [0x00000000d5580000, 0x00000000d5980000, 0x0000000100000000)
  eden space 2560K, 0% used [0x00000000d5580000,0x00000000d5580000,0x00000000d5800000)
  from space 512K, 62% used [0x00000000d5900000,0x00000000d5950000,0x00000000d5980000)
  to   space 512K, 0% used [0x00000000d5880000,0x00000000d5880000,0x00000000d5900000)
 ParOldGen       total 370688K, used 370205K [0x0000000080000000, 0x0000000096a00000, 0x00000000d5580000)
  object space 370688K, 99% used [0x0000000080000000,0x0000000096987510,0x0000000096a00000)
 Metaspace       used 69490K, committed 71040K, reserved 1114112K
  class space    used 7293K, committed 7936K, reserved 1048576K
}
Event: 86.973 GC heap before
{Heap before GC invocations=1106 (full 3):
 PSYoungGen      total 3072K, used 2880K [0x00000000d5580000, 0x00000000d5980000, 0x0000000100000000)
  eden space 2560K, 100% used [0x00000000d5580000,0x00000000d5800000,0x00000000d5800000)
  from space 512K, 62% used [0x00000000d5900000,0x00000000d5950000,0x00000000d5980000)
  to   space 512K, 0% used [0x00000000d5880000,0x00000000d5880000,0x00000000d5900000)
 ParOldGen       total 370688K, used 370205K [0x0000000080000000, 0x0000000096a00000, 0x00000000d5580000)
  object space 370688K, 99% used [0x0000000080000000,0x0000000096987510,0x0000000096a00000)
 Metaspace       used 69490K, committed 71040K, reserved 1114112K
  class space    used 7293K, committed 7936K, reserved 1048576K
}
Event: 86.975 GC heap after
{Heap after GC invocations=1106 (full 3):
 PSYoungGen      total 3072K, used 315K [0x00000000d5580000, 0x00000000d5980000, 0x0000000100000000)
  eden space 2560K, 0% used [0x00000000d5580000,0x00000000d5580000,0x00000000d5800000)
  from space 512K, 61% used [0x00000000d5880000,0x00000000d58cec08,0x00000000d5900000)
  to   space 512K, 0% used [0x00000000d5900000,0x00000000d5900000,0x00000000d5980000)
 ParOldGen       total 370688K, used 370485K [0x0000000080000000, 0x0000000096a00000, 0x00000000d5580000)
  object space 370688K, 99% used [0x0000000080000000,0x00000000969cd510,0x0000000096a00000)
 Metaspace       used 69490K, committed 71040K, reserved 1114112K
  class space    used 7293K, committed 7936K, reserved 1048576K
}

