# JRE version: OpenJDK Runtime Environment Temurin-21.0.9+10 (21.0.9+10) (build 21.0.9+10-LTS)
# Java VM: OpenJDK 64-Bit Server VM Temurin-21.0.9+10 (21.0.9+10-LTS, mixed mode, sharing, tiered, compressed oops, compressed class ptrs, parallel gc, windows-amd64)
GC Precious Log:
 CardTable entry size: 512
 CPUs: 4 total, 4 available
 Memory: 16263M
 Large Page Support: Disabled
 NUMA Support: Disabled
 Compressed Oops: Enabled (32-bit)
 Alignments: Space 512K, Generation 512K, Heap 2M
 Heap Min Capacity: 100M
 Heap Initial Capacity: 100M
 Heap Max Capacity: 2G
 Pre-touch: Disabled
 Parallel Workers: 4
Heap:
 PSYoungGen      total 22016K, used 9182K [0x00000000d5580000, 0x00000000d6d00000, 0x0000000100000000)
  eden space 19968K, 36% used [0x00000000d5580000,0x00000000d5c9c5f0,0x00000000d6900000)
  from space 2048K, 92% used [0x00000000d6b00000,0x00000000d6cdb430,0x00000000d6d00000)
  to   space 2048K, 0% used [0x00000000d6900000,0x00000000d6900000,0x00000000d6b00000)
 ParOldGen       total 69632K, used 60430K [0x0000000080000000, 0x0000000084400000, 0x00000000d5580000)
  object space 69632K, 86% used [0x0000000080000000,0x0000000083b03818,0x0000000084400000)
 Metaspace       used 61374K, committed 62784K, reserved 1114112K
  class space    used 6515K, committed 7104K, reserved 1048576K
GC Heap History (20 events):
Event: 44.151 GC heap before
{Heap before GC invocations=58 (full 2):
 PSYoungGen      total 20992K, used 20974K [0x00000000d5580000, 0x00000000d6f00000, 0x0000000100000000)
  eden space 19968K, 100% used [0x00000000d5580000,0x00000000d6900000,0x00000000d6900000)
  from space 1024K, 98% used [0x00000000d6900000,0x00000000d69fbb70,0x00000000d6a00000)
  to   space 3072K, 0% used [0x00000000d6c00000,0x00000000d6c00000,0x00000000d6f00000)
 ParOldGen       total 68608K, used 65430K [0x0000000080000000, 0x0000000084300000, 0x00000000d5580000)
  object space 68608K, 95% used [0x0000000080000000,0x0000000083fe5a40,0x0000000084300000)
 Metaspace       used 57493K, committed 58880K, reserved 1114112K
  class space    used 6148K, committed 6720K, reserved 1048576K
}
Event: 44.155 GC heap after
{Heap after GC invocations=58 (full 2):
 PSYoungGen      total 22016K, used 1968K [0x00000000d5580000, 0x00000000d6e00000, 0x0000000100000000)
  eden space 19968K, 0% used [0x00000000d5580000,0x00000000d5580000,0x00000000d6900000)
  from space 2048K, 96% used [0x00000000d6c00000,0x00000000d6dec088,0x00000000d6e00000)
  to   space 2560K, 0% used [0x00000000d6900000,0x00000000d6900000,0x00000000d6b80000)
 ParOldGen       total 68608K, used 66426K [0x0000000080000000, 0x0000000084300000, 0x00000000d5580000)
  object space 68608K, 96% used [0x0000000080000000,0x00000000840dea30,0x0000000084300000)
 Metaspace       used 57493K, committed 58880K, reserved 1114112K
  class space    used 6148K, committed 6720K, reserved 1048576K
}
Event: 44.243 GC heap before
{Heap before GC invocations=59 (full 2):
 PSYoungGen      total 22016K, used 21803K [0x00000000d5580000, 0x00000000d6e00000, 0x0000000100000000)
  eden space 19968K, 99% used [0x00000000d5580000,0x00000000d68deb88,0x00000000d6900000)
  from space 2048K, 96% used [0x00000000d6c00000,0x00000000d6dec088,0x00000000d6e00000)
  to   space 2560K, 0% used [0x00000000d6900000,0x00000000d6900000,0x00000000d6b80000)
 ParOldGen       total 68608K, used 66426K [0x0000000080000000, 0x0000000084300000, 0x00000000d5580000)
  object space 68608K, 96% used [0x0000000080000000,0x00000000840dea30,0x0000000084300000)
 Metaspace       used 57503K, committed 58944K, reserved 1114112K
  class space    used 6148K, committed 6720K, reserved 1048576K
}
Event: 44.245 GC heap after
{Heap after GC invocations=59 (full 2):
 PSYoungGen      total 21504K, used 1526K [0x00000000d5580000, 0x00000000d6d00000, 0x0000000100000000)
  eden space 19968K, 0% used [0x00000000d5580000,0x00000000d5580000,0x00000000d6900000)
  from space 1536K, 99% used [0x00000000d6900000,0x00000000d6a7daf8,0x00000000d6a80000)
  to   space 2048K, 0% used [0x00000000d6b00000,0x00000000d6b00000,0x00000000d6d00000)
 ParOldGen       total 68608K, used 67401K [0x0000000080000000, 0x0000000084300000, 0x00000000d5580000)
  object space 68608K, 98% used [0x0000000080000000,0x00000000841d27c8,0x0000000084300000)
 Metaspace       used 57503K, committed 58944K, reserved 1114112K
  class space    used 6148K, committed 6720K, reserved 1048576K
}
Event: 44.353 GC heap before
{Heap before GC invocations=60 (full 2):
 PSYoungGen      total 21504K, used 21494K [0x00000000d5580000, 0x00000000d6d00000, 0x0000000100000000)
  eden space 19968K, 100% used [0x00000000d5580000,0x00000000d6900000,0x00000000d6900000)
  from space 1536K, 99% used [0x00000000d6900000,0x00000000d6a7daf8,0x00000000d6a80000)
  to   space 2048K, 0% used [0x00000000d6b00000,0x00000000d6b00000,0x00000000d6d00000)
 ParOldGen       total 68608K, used 67401K [0x0000000080000000, 0x0000000084300000, 0x00000000d5580000)
  object space 68608K, 98% used [0x0000000080000000,0x00000000841d27c8,0x0000000084300000)
 Metaspace       used 57510K, committed 58944K, reserved 1114112K
  class space    used 6148K, committed 6720K, reserved 1048576K
}
Event: 44.355 GC heap after
{Heap after GC invocations=60 (full 2):
 PSYoungGen      total 21504K, used 1438K [0x00000000d5580000, 0x00000000d6c80000, 0x0000000100000000)
  eden space 19968K, 0% used [0x00000000d5580000,0x00000000d5580000,0x00000000d6900000)
  from space 1536K, 93% used [0x00000000d6b00000,0x00000000d6c67948,0x00000000d6c80000)
  to   space 1536K, 0% used [0x00000000d6900000,0x00000000d6900000,0x00000000d6a80000)
 ParOldGen       total 68608K, used 67984K [0x0000000080000000, 0x0000000084300000, 0x00000000d5580000)
  object space 68608K, 99% used [0x0000000080000000,0x0000000084264320,0x0000000084300000)
 Metaspace       used 57510K, committed 58944K, reserved 1114112K
  class space    used 6148K, committed 6720K, reserved 1048576K
}
Event: 44.439 GC heap before
{Heap before GC invocations=61 (full 2):
 PSYoungGen      total 21504K, used 21406K [0x00000000d5580000, 0x00000000d6c80000, 0x0000000100000000)
  eden space 19968K, 100% used [0x00000000d5580000,0x00000000d6900000,0x00000000d6900000)
  from space 1536K, 93% used [0x00000000d6b00000,0x00000000d6c67948,0x00000000d6c80000)
  to   space 1536K, 0% used [0x00000000d6900000,0x00000000d6900000,0x00000000d6a80000)
 ParOldGen       total 68608K, used 67984K [0x0000000080000000, 0x0000000084300000, 0x00000000d5580000)
  object space 68608K, 99% used [0x0000000080000000,0x0000000084264320,0x0000000084300000)
 Metaspace       used 57679K, committed 59136K, reserved 1114112K
  class space    used 6150K, committed 6720K, reserved 1048576K
}
Event: 44.443 GC heap after
{Heap after GC invocations=61 (full 2):
 PSYoungGen      total 21504K, used 504K [0x00000000d5580000, 0x00000000d6b80000, 0x0000000100000000)
  eden space 19968K, 0% used [0x00000000d5580000,0x00000000d5580000,0x00000000d6900000)
  from space 1536K, 32% used [0x00000000d6900000,0x00000000d697e3a0,0x00000000d6a80000)
  to   space 1024K, 0% used [0x00000000d6a80000,0x00000000d6a80000,0x00000000d6b80000)
 ParOldGen       total 69120K, used 68833K [0x0000000080000000, 0x0000000084380000, 0x00000000d5580000)
  object space 69120K, 99% used [0x0000000080000000,0x00000000843386c8,0x0000000084380000)
 Metaspace       used 57679K, committed 59136K, reserved 1114112K
  class space    used 6150K, committed 6720K, reserved 1048576K
}
Event: 44.532 GC heap before
{Heap before GC invocations=62 (full 2):
 PSYoungGen      total 21504K, used 13222K [0x00000000d5580000, 0x00000000d6b80000, 0x0000000100000000)
  eden space 19968K, 63% used [0x00000000d5580000,0x00000000d61eb648,0x00000000d6900000)
  from space 1536K, 32% used [0x00000000d6900000,0x00000000d697e3a0,0x00000000d6a80000)
  to   space 1024K, 0% used [0x00000000d6a80000,0x00000000d6a80000,0x00000000d6b80000)
 ParOldGen       total 69120K, used 68833K [0x0000000080000000, 0x0000000084380000, 0x00000000d5580000)
  object space 69120K, 99% used [0x0000000080000000,0x00000000843386c8,0x0000000084380000)
 Metaspace       used 58304K, committed 59776K, reserved 1114112K
  class space    used 6221K, committed 6848K, reserved 1048576K
}
Event: 44.535 GC heap after
{Heap after GC invocations=62 (full 2):
 PSYoungGen      total 20992K, used 546K [0x00000000d5580000, 0x00000000d6b80000, 0x0000000100000000)
  eden space 19968K, 0% used [0x00000000d5580000,0x00000000d5580000,0x00000000d6900000)
  from space 1024K, 53% used [0x00000000d6a80000,0x00000000d6b08ac0,0x00000000d6b80000)
  to   space 1024K, 0% used [0x00000000d6980000,0x00000000d6980000,0x00000000d6a80000)
 ParOldGen       total 69632K, used 69302K [0x0000000080000000, 0x0000000084400000, 0x00000000d5580000)
  object space 69632K, 99% used [0x0000000080000000,0x00000000843ad988,0x0000000084400000)
 Metaspace       used 58304K, committed 59776K, reserved 1114112K
  class space    used 6221K, committed 6848K, reserved 1048576K
}
Event: 44.535 GC heap before
{Heap before GC invocations=63 (full 3):
 PSYoungGen      total 20992K, used 546K [0x00000000d5580000, 0x00000000d6b80000, 0x0000000100000000)
  eden space 19968K, 0% used [0x00000000d5580000,0x00000000d5580000,0x00000000d6900000)
  from space 1024K, 53% used [0x00000000d6a80000,0x00000000d6b08ac0,0x00000000d6b80000)
  to   space 1024K, 0% used [0x00000000d6980000,0x00000000d6980000,0x00000000d6a80000)
 ParOldGen       total 69632K, used 69302K [0x0000000080000000, 0x0000000084400000, 0x00000000d5580000)
  object space 69632K, 99% used [0x0000000080000000,0x00000000843ad988,0x0000000084400000)
 Metaspace       used 58304K, committed 59776K, reserved 1114112K
  class space    used 6221K, committed 6848K, reserved 1048576K
}
Event: 44.732 GC heap after
{Heap after GC invocations=63 (full 3):
 PSYoungGen      total 20992K, used 0K [0x00000000d5580000, 0x00000000d6b80000, 0x0000000100000000)
  eden space 19968K, 0% used [0x00000000d5580000,0x00000000d5580000,0x00000000d6900000)
  from space 1024K, 0% used [0x00000000d6a80000,0x00000000d6a80000,0x00000000d6b80000)
  to   space 1024K, 0% used [0x00000000d6980000,0x00000000d6980000,0x00000000d6a80000)
 ParOldGen       total 69632K, used 56214K [0x0000000080000000, 0x0000000084400000, 0x00000000d5580000)
  object space 69632K, 80% used [0x0000000080000000,0x00000000836e5a30,0x0000000084400000)
 Metaspace       used 58304K, committed 59776K, reserved 1114112K
  class space    used 6221K, committed 6848K, reserved 1048576K
}
Event: 44.876 GC heap before
{Heap before GC invocations=64 (full 3):
 PSYoungGen      total 20992K, used 19968K [0x00000000d5580000, 0x00000000d6b80000, 0x0000000100000000)
  eden space 19968K, 100% used [0x00000000d5580000,0x00000000d6900000,0x00000000d6900000)
  from space 1024K, 0% used [0x00000000d6a80000,0x00000000d6a80000,0x00000000d6b80000)
  to   space 1024K, 0% used [0x00000000d6980000,0x00000000d6980000,0x00000000d6a80000)
 ParOldGen       total 69632K, used 56214K [0x0000000080000000, 0x0000000084400000, 0x00000000d5580000)
  object space 69632K, 80% used [0x0000000080000000,0x00000000836e5a30,0x0000000084400000)
 Metaspace       used 58951K, committed 60416K, reserved 1114112K
  class space    used 6252K, committed 6848K, reserved 1048576K
}
Event: 44.880 GC heap after
{Heap after GC invocations=64 (full 3):
 PSYoungGen      total 20992K, used 1007K [0x00000000d5580000, 0x00000000d6c00000, 0x0000000100000000)
  eden space 19968K, 0% used [0x00000000d5580000,0x00000000d5580000,0x00000000d6900000)
  from space 1024K, 98% used [0x00000000d6980000,0x00000000d6a7bca0,0x00000000d6a80000)
  to   space 1536K, 0% used [0x00000000d6a80000,0x00000000d6a80000,0x00000000d6c00000)
 ParOldGen       total 69632K, used 56262K [0x0000000080000000, 0x0000000084400000, 0x00000000d5580000)
  object space 69632K, 80% used [0x0000000080000000,0x00000000836f1a30,0x0000000084400000)
 Metaspace       used 58951K, committed 60416K, reserved 1114112K
  class space    used 6252K, committed 6848K, reserved 1048576K
}
Event: 45.080 GC heap before
{Heap before GC invocations=65 (full 3):
 PSYoungGen      total 20992K, used 20975K [0x00000000d5580000, 0x00000000d6c00000, 0x0000000100000000)
  eden space 19968K, 100% used [0x00000000d5580000,0x00000000d6900000,0x00000000d6900000)
  from space 1024K, 98% used [0x00000000d6980000,0x00000000d6a7bca0,0x00000000d6a80000)
  to   space 1536K, 0% used [0x00000000d6a80000,0x00000000d6a80000,0x00000000d6c00000)
 ParOldGen       total 69632K, used 56262K [0x0000000080000000, 0x0000000084400000, 0x00000000d5580000)
  object space 69632K, 80% used [0x0000000080000000,0x00000000836f1a30,0x0000000084400000)
 Metaspace       used 59256K, committed 60736K, reserved 1114112K
  class space    used 6284K, committed 6912K, reserved 1048576K
}
Event: 45.083 GC heap after
{Heap after GC invocations=65 (full 3):
 PSYoungGen      total 21504K, used 1417K [0x00000000d5580000, 0x00000000d6c00000, 0x0000000100000000)
  eden space 19968K, 0% used [0x00000000d5580000,0x00000000d5580000,0x00000000d6900000)
  from space 1536K, 92% used [0x00000000d6a80000,0x00000000d6be2408,0x00000000d6c00000)
  to   space 1536K, 0% used [0x00000000d6900000,0x00000000d6900000,0x00000000d6a80000)
 ParOldGen       total 69632K, used 57946K [0x0000000080000000, 0x0000000084400000, 0x00000000d5580000)
  object space 69632K, 83% used [0x0000000080000000,0x0000000083896b98,0x0000000084400000)
 Metaspace       used 59256K, committed 60736K, reserved 1114112K
  class space    used 6284K, committed 6912K, reserved 1048576K
}
Event: 45.516 GC heap before
{Heap before GC invocations=66 (full 3):
 PSYoungGen      total 21504K, used 21385K [0x00000000d5580000, 0x00000000d6c00000, 0x0000000100000000)
  eden space 19968K, 100% used [0x00000000d5580000,0x00000000d6900000,0x00000000d6900000)
  from space 1536K, 92% used [0x00000000d6a80000,0x00000000d6be2408,0x00000000d6c00000)
  to   space 1536K, 0% used [0x00000000d6900000,0x00000000d6900000,0x00000000d6a80000)
 ParOldGen       total 69632K, used 57946K [0x0000000080000000, 0x0000000084400000, 0x00000000d5580000)
  object space 69632K, 83% used [0x0000000080000000,0x0000000083896b98,0x0000000084400000)
 Metaspace       used 59630K, committed 61120K, reserved 1114112K
  class space    used 6331K, committed 6976K, reserved 1048576K
}
Event: 45.520 GC heap after
{Heap after GC invocations=66 (full 3):
 PSYoungGen      total 21504K, used 1523K [0x00000000d5580000, 0x00000000d6d00000, 0x0000000100000000)
  eden space 19968K, 0% used [0x00000000d5580000,0x00000000d5580000,0x00000000d6900000)
  from space 1536K, 99% used [0x00000000d6900000,0x00000000d6a7cf28,0x00000000d6a80000)
  to   space 2048K, 0% used [0x00000000d6b00000,0x00000000d6b00000,0x00000000d6d00000)
 ParOldGen       total 69632K, used 58985K [0x0000000080000000, 0x0000000084400000, 0x00000000d5580000)
  object space 69632K, 84% used [0x0000000080000000,0x000000008399a640,0x0000000084400000)
 Metaspace       used 59630K, committed 61120K, reserved 1114112K
  class space    used 6331K, committed 6976K, reserved 1048576K
}
Event: 47.331 GC heap before
{Heap before GC invocations=67 (full 3):
 PSYoungGen      total 21504K, used 21491K [0x00000000d5580000, 0x00000000d6d00000, 0x0000000100000000)
  eden space 19968K, 100% used [0x00000000d5580000,0x00000000d6900000,0x00000000d6900000)
  from space 1536K, 99% used [0x00000000d6900000,0x00000000d6a7cf28,0x00000000d6a80000)
  to   space 2048K, 0% used [0x00000000d6b00000,0x00000000d6b00000,0x00000000d6d00000)
 ParOldGen       total 69632K, used 58985K [0x0000000080000000, 0x0000000084400000, 0x00000000d5580000)
  object space 69632K, 84% used [0x0000000080000000,0x000000008399a640,0x0000000084400000)
 Metaspace       used 61127K, committed 62592K, reserved 1114112K
  class space    used 6496K, committed 7104K, reserved 1048576K
}
Event: 47.335 GC heap after
{Heap after GC invocations=67 (full 3):
 PSYoungGen      total 22016K, used 1901K [0x00000000d5580000, 0x00000000d6d00000, 0x0000000100000000)
  eden space 19968K, 0% used [0x00000000d5580000,0x00000000d5580000,0x00000000d6900000)
  from space 2048K, 92% used [0x00000000d6b00000,0x00000000d6cdb430,0x00000000d6d00000)
  to   space 2048K, 0% used [0x00000000d6900000,0x00000000d6900000,0x00000000d6b00000)
 ParOldGen       total 69632K, used 60430K [0x0000000080000000, 0x0000000084400000, 0x00000000d5580000)
  object space 69632K, 86% used [0x0000000080000000,0x0000000083b03818,0x0000000084400000)
 Metaspace       used 61127K, committed 62592K, reserved 1114112K
  class space    used 6496K, committed 7104K, reserved 1048576K
}

