# JRE version: OpenJDK Runtime Environment Temurin-21.0.9+10 (21.0.9+10) (build 21.0.9+10-LTS)
# Java VM: OpenJDK 64-Bit Server VM Temurin-21.0.9+10 (21.0.9+10-LTS, mixed mode, sharing, tiered, compressed oops, compressed class ptrs, parallel gc, windows-amd64)
GC Precious Log:
 CardTable entry size: 512
 CPUs: 4 total, 4 available
 Memory: 16263M
 Large Page Support: Disabled
 NUMA Support: Disabled
 Compressed Oops: Enabled (32-bit)
 Alignments: Space 512K, Generation 512K, Heap 2M
 Heap Min Capacity: 100M
 Heap Initial Capacity: 100M
 Heap Max Capacity: 2G
 Pre-touch: Disabled
 Parallel Workers: 4
Heap:
 PSYoungGen      total 22528K, used 18605K [0x00000000d5580000, 0x00000000d7480000, 0x0000000100000000)
  eden space 22016K, 82% used [0x00000000d5580000,0x00000000d6731ce0,0x00000000d6b00000)
  from space 512K, 95% used [0x00000000d7400000,0x00000000d7479a50,0x00000000d7480000)
  to   space 2048K, 0% used [0x00000000d7080000,0x00000000d7080000,0x00000000d7280000)
 ParOldGen       total 68608K, used 29363K [0x0000000080000000, 0x0000000084300000, 0x00000000d5580000)
  object space 68608K, 42% used [0x0000000080000000,0x0000000081cacf68,0x0000000084300000)
 Metaspace       used 32000K, committed 32832K, reserved 1114112K
  class space    used 3187K, committed 3584K, reserved 1048576K
GC Heap History (20 events):
Event: 15.178 GC heap before
{Heap before GC invocations=6 (full 0):
 PSYoungGen      total 29184K, used 29183K [0x00000000d5580000, 0x00000000d8400000, 0x0000000100000000)
  eden space 25088K, 100% used [0x00000000d5580000,0x00000000d6e00000,0x00000000d6e00000)
  from space 4096K, 99% used [0x00000000d6e80000,0x00000000d727fca8,0x00000000d7280000)
  to   space 11264K, 0% used [0x00000000d7900000,0x00000000d7900000,0x00000000d8400000)
 ParOldGen       total 68608K, used 19238K [0x0000000080000000, 0x0000000084300000, 0x00000000d5580000)
  object space 68608K, 28% used [0x0000000080000000,0x00000000812c99d0,0x0000000084300000)
 Metaspace       used 20630K, committed 21312K, reserved 1114112K
  class space    used 2051K, committed 2368K, reserved 1048576K
}
Event: 15.191 GC heap after
{Heap after GC invocations=6 (full 0):
 PSYoungGen      total 30720K, used 5712K [0x00000000d5580000, 0x00000000d7f00000, 0x0000000100000000)
  eden space 24576K, 0% used [0x00000000d5580000,0x00000000d5580000,0x00000000d6d80000)
  from space 6144K, 92% used [0x00000000d7900000,0x00000000d7e94308,0x00000000d7f00000)
  to   space 7168K, 0% used [0x00000000d7100000,0x00000000d7100000,0x00000000d7800000)
 ParOldGen       total 68608K, used 19246K [0x0000000080000000, 0x0000000084300000, 0x00000000d5580000)
  object space 68608K, 28% used [0x0000000080000000,0x00000000812cb9d0,0x0000000084300000)
 Metaspace       used 20630K, committed 21312K, reserved 1114112K
  class space    used 2051K, committed 2368K, reserved 1048576K
}
Event: 15.207 GC heap before
{Heap before GC invocations=7 (full 0):
 PSYoungGen      total 30720K, used 6836K [0x00000000d5580000, 0x00000000d7f00000, 0x0000000100000000)
  eden space 24576K, 4% used [0x00000000d5580000,0x00000000d5698d18,0x00000000d6d80000)
  from space 6144K, 92% used [0x00000000d7900000,0x00000000d7e94308,0x00000000d7f00000)
  to   space 7168K, 0% used [0x00000000d7100000,0x00000000d7100000,0x00000000d7800000)
 ParOldGen       total 68608K, used 19246K [0x0000000080000000, 0x0000000084300000, 0x00000000d5580000)
  object space 68608K, 28% used [0x0000000080000000,0x00000000812cb9d0,0x0000000084300000)
 Metaspace       used 20878K, committed 21504K, reserved 1114112K
  class space    used 2051K, committed 2368K, reserved 1048576K
}
Event: 15.218 GC heap after
{Heap after GC invocations=7 (full 0):
 PSYoungGen      total 27136K, used 2546K [0x00000000d5580000, 0x00000000d7980000, 0x0000000100000000)
  eden space 24576K, 0% used [0x00000000d5580000,0x00000000d5580000,0x00000000d6d80000)
  from space 2560K, 99% used [0x00000000d7100000,0x00000000d737ca38,0x00000000d7380000)
  to   space 4096K, 0% used [0x00000000d7580000,0x00000000d7580000,0x00000000d7980000)
 ParOldGen       total 68608K, used 21516K [0x0000000080000000, 0x0000000084300000, 0x00000000d5580000)
  object space 68608K, 31% used [0x0000000080000000,0x0000000081503018,0x0000000084300000)
 Metaspace       used 20878K, committed 21504K, reserved 1114112K
  class space    used 2051K, committed 2368K, reserved 1048576K
}
Event: 15.218 GC heap before
{Heap before GC invocations=8 (full 1):
 PSYoungGen      total 27136K, used 2546K [0x00000000d5580000, 0x00000000d7980000, 0x0000000100000000)
  eden space 24576K, 0% used [0x00000000d5580000,0x00000000d5580000,0x00000000d6d80000)
  from space 2560K, 99% used [0x00000000d7100000,0x00000000d737ca38,0x00000000d7380000)
  to   space 4096K, 0% used [0x00000000d7580000,0x00000000d7580000,0x00000000d7980000)
 ParOldGen       total 68608K, used 21516K [0x0000000080000000, 0x0000000084300000, 0x00000000d5580000)
  object space 68608K, 31% used [0x0000000080000000,0x0000000081503018,0x0000000084300000)
 Metaspace       used 20878K, committed 21504K, reserved 1114112K
  class space    used 2051K, committed 2368K, reserved 1048576K
}
Event: 15.298 GC heap after
{Heap after GC invocations=8 (full 1):
 PSYoungGen      total 27136K, used 0K [0x00000000d5580000, 0x00000000d7980000, 0x0000000100000000)
  eden space 24576K, 0% used [0x00000000d5580000,0x00000000d5580000,0x00000000d6d80000)
  from space 2560K, 0% used [0x00000000d7100000,0x00000000d7100000,0x00000000d7380000)
  to   space 4096K, 0% used [0x00000000d7580000,0x00000000d7580000,0x00000000d7980000)
 ParOldGen       total 68608K, used 22712K [0x0000000080000000, 0x0000000084300000, 0x00000000d5580000)
  object space 68608K, 33% used [0x0000000080000000,0x000000008162e218,0x0000000084300000)
 Metaspace       used 20866K, committed 21504K, reserved 1114112K
  class space    used 2047K, committed 2368K, reserved 1048576K
}
Event: 16.462 GC heap before
{Heap before GC invocations=9 (full 1):
 PSYoungGen      total 27136K, used 24567K [0x00000000d5580000, 0x00000000d7980000, 0x0000000100000000)
  eden space 24576K, 99% used [0x00000000d5580000,0x00000000d6d7dcc0,0x00000000d6d80000)
  from space 2560K, 0% used [0x00000000d7100000,0x00000000d7100000,0x00000000d7380000)
  to   space 4096K, 0% used [0x00000000d7580000,0x00000000d7580000,0x00000000d7980000)
 ParOldGen       total 68608K, used 22712K [0x0000000080000000, 0x0000000084300000, 0x00000000d5580000)
  object space 68608K, 33% used [0x0000000080000000,0x000000008162e218,0x0000000084300000)
 Metaspace       used 22940K, committed 23616K, reserved 1114112K
  class space    used 2222K, committed 2496K, reserved 1048576K
}
Event: 16.464 GC heap after
{Heap after GC invocations=9 (full 1):
 PSYoungGen      total 26624K, used 2216K [0x00000000d5580000, 0x00000000d7800000, 0x0000000100000000)
  eden space 24064K, 0% used [0x00000000d5580000,0x00000000d5580000,0x00000000d6d00000)
  from space 2560K, 86% used [0x00000000d7580000,0x00000000d77aa2b0,0x00000000d7800000)
  to   space 3072K, 0% used [0x00000000d7200000,0x00000000d7200000,0x00000000d7500000)
 ParOldGen       total 68608K, used 22720K [0x0000000080000000, 0x0000000084300000, 0x00000000d5580000)
  object space 68608K, 33% used [0x0000000080000000,0x0000000081630218,0x0000000084300000)
 Metaspace       used 22940K, committed 23616K, reserved 1114112K
  class space    used 2222K, committed 2496K, reserved 1048576K
}
Event: 18.038 GC heap before
{Heap before GC invocations=10 (full 1):
 PSYoungGen      total 26624K, used 26280K [0x00000000d5580000, 0x00000000d7800000, 0x0000000100000000)
  eden space 24064K, 99% used [0x00000000d5580000,0x00000000d6cfffe8,0x00000000d6d00000)
  from space 2560K, 86% used [0x00000000d7580000,0x00000000d77aa2b0,0x00000000d7800000)
  to   space 3072K, 0% used [0x00000000d7200000,0x00000000d7200000,0x00000000d7500000)
 ParOldGen       total 68608K, used 22720K [0x0000000080000000, 0x0000000084300000, 0x00000000d5580000)
  object space 68608K, 33% used [0x0000000080000000,0x0000000081630218,0x0000000084300000)
 Metaspace       used 26281K, committed 27136K, reserved 1114112K
  class space    used 2572K, committed 2944K, reserved 1048576K
}
Event: 18.042 GC heap after
{Heap after GC invocations=10 (full 1):
 PSYoungGen      total 26624K, used 3063K [0x00000000d5580000, 0x00000000d7600000, 0x0000000100000000)
  eden space 23552K, 0% used [0x00000000d5580000,0x00000000d5580000,0x00000000d6c80000)
  from space 3072K, 99% used [0x00000000d7200000,0x00000000d74fdd40,0x00000000d7500000)
  to   space 1024K, 0% used [0x00000000d7500000,0x00000000d7500000,0x00000000d7600000)
 ParOldGen       total 68608K, used 23893K [0x0000000080000000, 0x0000000084300000, 0x00000000d5580000)
  object space 68608K, 34% used [0x0000000080000000,0x0000000081755748,0x0000000084300000)
 Metaspace       used 26281K, committed 27136K, reserved 1114112K
  class space    used 2572K, committed 2944K, reserved 1048576K
}
Event: 18.323 GC heap before
{Heap before GC invocations=11 (full 1):
 PSYoungGen      total 26624K, used 26615K [0x00000000d5580000, 0x00000000d7600000, 0x0000000100000000)
  eden space 23552K, 100% used [0x00000000d5580000,0x00000000d6c80000,0x00000000d6c80000)
  from space 3072K, 99% used [0x00000000d7200000,0x00000000d74fdd40,0x00000000d7500000)
  to   space 1024K, 0% used [0x00000000d7500000,0x00000000d7500000,0x00000000d7600000)
 ParOldGen       total 68608K, used 23893K [0x0000000080000000, 0x0000000084300000, 0x00000000d5580000)
  object space 68608K, 34% used [0x0000000080000000,0x0000000081755748,0x0000000084300000)
 Metaspace       used 26897K, committed 27648K, reserved 1114112K
  class space    used 2661K, committed 3008K, reserved 1048576K
}
Event: 18.327 GC heap after
{Heap after GC invocations=11 (full 1):
 PSYoungGen      total 24064K, used 1009K [0x00000000d5580000, 0x00000000d7600000, 0x0000000100000000)
  eden space 23040K, 0% used [0x00000000d5580000,0x00000000d5580000,0x00000000d6c00000)
  from space 1024K, 98% used [0x00000000d7500000,0x00000000d75fc4a8,0x00000000d7600000)
  to   space 4096K, 0% used [0x00000000d6e00000,0x00000000d6e00000,0x00000000d7200000)
 ParOldGen       total 68608K, used 26143K [0x0000000080000000, 0x0000000084300000, 0x00000000d5580000)
  object space 68608K, 38% used [0x0000000080000000,0x0000000081987e08,0x0000000084300000)
 Metaspace       used 26897K, committed 27648K, reserved 1114112K
  class space    used 2661K, committed 3008K, reserved 1048576K
}
Event: 18.403 GC heap before
{Heap before GC invocations=12 (full 1):
 PSYoungGen      total 24064K, used 24049K [0x00000000d5580000, 0x00000000d7600000, 0x0000000100000000)
  eden space 23040K, 100% used [0x00000000d5580000,0x00000000d6c00000,0x00000000d6c00000)
  from space 1024K, 98% used [0x00000000d7500000,0x00000000d75fc4a8,0x00000000d7600000)
  to   space 4096K, 0% used [0x00000000d6e00000,0x00000000d6e00000,0x00000000d7200000)
 ParOldGen       total 68608K, used 26143K [0x0000000080000000, 0x0000000084300000, 0x00000000d5580000)
  object space 68608K, 38% used [0x0000000080000000,0x0000000081987e08,0x0000000084300000)
 Metaspace       used 27060K, committed 27904K, reserved 1114112K
  class space    used 2682K, committed 3008K, reserved 1048576K
}
Event: 18.405 GC heap after
{Heap after GC invocations=12 (full 1):
 PSYoungGen      total 26624K, used 160K [0x00000000d5580000, 0x00000000d7580000, 0x0000000100000000)
  eden space 22528K, 0% used [0x00000000d5580000,0x00000000d5580000,0x00000000d6b80000)
  from space 4096K, 3% used [0x00000000d6e00000,0x00000000d6e28000,0x00000000d7200000)
  to   space 1536K, 0% used [0x00000000d7400000,0x00000000d7400000,0x00000000d7580000)
 ParOldGen       total 68608K, used 27165K [0x0000000080000000, 0x0000000084300000, 0x00000000d5580000)
  object space 68608K, 39% used [0x0000000080000000,0x0000000081a874a0,0x0000000084300000)
 Metaspace       used 27060K, committed 27904K, reserved 1114112K
  class space    used 2682K, committed 3008K, reserved 1048576K
}
Event: 18.444 GC heap before
{Heap before GC invocations=13 (full 1):
 PSYoungGen      total 26624K, used 22688K [0x00000000d5580000, 0x00000000d7580000, 0x0000000100000000)
  eden space 22528K, 100% used [0x00000000d5580000,0x00000000d6b80000,0x00000000d6b80000)
  from space 4096K, 3% used [0x00000000d6e00000,0x00000000d6e28000,0x00000000d7200000)
  to   space 1536K, 0% used [0x00000000d7400000,0x00000000d7400000,0x00000000d7580000)
 ParOldGen       total 68608K, used 27165K [0x0000000080000000, 0x0000000084300000, 0x00000000d5580000)
  object space 68608K, 39% used [0x0000000080000000,0x0000000081a874a0,0x0000000084300000)
 Metaspace       used 27085K, committed 27968K, reserved 1114112K
  class space    used 2685K, committed 3072K, reserved 1048576K
}
Event: 18.445 GC heap after
{Heap after GC invocations=13 (full 1):
 PSYoungGen      total 22528K, used 128K [0x00000000d5580000, 0x00000000d7480000, 0x0000000100000000)
  eden space 22016K, 0% used [0x00000000d5580000,0x00000000d5580000,0x00000000d6b00000)
  from space 512K, 25% used [0x00000000d7400000,0x00000000d7420000,0x00000000d7480000)
  to   space 512K, 0% used [0x00000000d7380000,0x00000000d7380000,0x00000000d7400000)
 ParOldGen       total 68608K, used 27245K [0x0000000080000000, 0x0000000084300000, 0x00000000d5580000)
  object space 68608K, 39% used [0x0000000080000000,0x0000000081a9b4a0,0x0000000084300000)
 Metaspace       used 27085K, committed 27968K, reserved 1114112K
  class space    used 2685K, committed 3072K, reserved 1048576K
}
Event: 19.003 GC heap before
{Heap before GC invocations=14 (full 1):
 PSYoungGen      total 22528K, used 22144K [0x00000000d5580000, 0x00000000d7480000, 0x0000000100000000)
  eden space 22016K, 100% used [0x00000000d5580000,0x00000000d6b00000,0x00000000d6b00000)
  from space 512K, 25% used [0x00000000d7400000,0x00000000d7420000,0x00000000d7480000)
  to   space 512K, 0% used [0x00000000d7380000,0x00000000d7380000,0x00000000d7400000)
 ParOldGen       total 68608K, used 27245K [0x0000000080000000, 0x0000000084300000, 0x00000000d5580000)
  object space 68608K, 39% used [0x0000000080000000,0x0000000081a9b4a0,0x0000000084300000)
 Metaspace       used 29191K, committed 30016K, reserved 1114112K
  class space    used 2887K, committed 3264K, reserved 1048576K
}
Event: 19.006 GC heap after
{Heap after GC invocations=14 (full 1):
 PSYoungGen      total 22528K, used 512K [0x00000000d5580000, 0x00000000d7480000, 0x0000000100000000)
  eden space 22016K, 0% used [0x00000000d5580000,0x00000000d5580000,0x00000000d6b00000)
  from space 512K, 100% used [0x00000000d7380000,0x00000000d7400000,0x00000000d7400000)
  to   space 512K, 0% used [0x00000000d7400000,0x00000000d7400000,0x00000000d7480000)
 ParOldGen       total 68608K, used 27992K [0x0000000080000000, 0x0000000084300000, 0x00000000d5580000)
  object space 68608K, 40% used [0x0000000080000000,0x0000000081b56010,0x0000000084300000)
 Metaspace       used 29191K, committed 30016K, reserved 1114112K
  class space    used 2887K, committed 3264K, reserved 1048576K
}
Event: 24.138 GC heap before
{Heap before GC invocations=15 (full 1):
 PSYoungGen      total 22528K, used 22528K [0x00000000d5580000, 0x00000000d7480000, 0x0000000100000000)
  eden space 22016K, 100% used [0x00000000d5580000,0x00000000d6b00000,0x00000000d6b00000)
  from space 512K, 100% used [0x00000000d7380000,0x00000000d7400000,0x00000000d7400000)
  to   space 512K, 0% used [0x00000000d7400000,0x00000000d7400000,0x00000000d7480000)
 ParOldGen       total 68608K, used 27992K [0x0000000080000000, 0x0000000084300000, 0x00000000d5580000)
  object space 68608K, 40% used [0x0000000080000000,0x0000000081b56010,0x0000000084300000)
 Metaspace       used 31713K, committed 32640K, reserved 1114112K
  class space    used 3161K, committed 3584K, reserved 1048576K
}
Event: 24.141 GC heap after
{Heap after GC invocations=15 (full 1):
 PSYoungGen      total 22528K, used 486K [0x00000000d5580000, 0x00000000d7480000, 0x0000000100000000)
  eden space 22016K, 0% used [0x00000000d5580000,0x00000000d5580000,0x00000000d6b00000)
  from space 512K, 95% used [0x00000000d7400000,0x00000000d7479a50,0x00000000d7480000)
  to   space 2048K, 0% used [0x00000000d7080000,0x00000000d7080000,0x00000000d7280000)
 ParOldGen       total 68608K, used 29363K [0x0000000080000000, 0x0000000084300000, 0x00000000d5580000)
  object space 68608K, 42% used [0x0000000080000000,0x0000000081cacf68,0x0000000084300000)
 Metaspace       used 31713K, committed 32640K, reserved 1114112K
  class space    used 3161K, committed 3584K, reserved 1048576K
}

