# JRE version: OpenJDK Runtime Environment Temurin-21.0.8+9 (21.0.8+9) (build 21.0.8+9-LTS)
# Java VM: OpenJDK 64-Bit Server VM Temurin-21.0.8+9 (21.0.8+9-LTS, mixed mode, sharing, tiered, compressed oops, compressed class ptrs, parallel gc, windows-amd64)
GC Precious Log:
 CardTable entry size: 512
 CPUs: 4 total, 4 available
 Memory: 16263M
 Large Page Support: Disabled
 NUMA Support: Disabled
 Compressed Oops: Enabled (32-bit)
 Alignments: Space 512K, Generation 512K, Heap 2M
 Heap Min Capacity: 100M
 Heap Initial Capacity: 100M
 Heap Max Capacity: 2G
 Pre-touch: Disabled
 Parallel Workers: 4
Heap:
 PSYoungGen      total 20480K, used 20000K [0x00000000d5580000, 0x00000000d6f80000, 0x0000000100000000)
  eden space 16384K, 100% used [0x00000000d5580000,0x00000000d6580000,0x00000000d6580000)
  from space 4096K, 88% used [0x00000000d6b80000,0x00000000d6f08000,0x00000000d6f80000)
  to   space 4608K, 81% used [0x00000000d6680000,0x00000000d6a30000,0x00000000d6b00000)
 ParOldGen       total 122880K, used 122787K [0x0000000080000000, 0x0000000087800000, 0x00000000d5580000)
  object space 122880K, 99% used [0x0000000080000000,0x00000000877e8cb0,0x0000000087800000)
 Metaspace       used 58004K, committed 59456K, reserved 1114112K
  class space    used 6254K, committed 6848K, reserved 1048576K
GC Heap History (20 events):
Event: 34.248 GC heap after
{Heap after GC invocations=40 (full 2):
 PSYoungGen      total 17408K, used 790K [0x00000000d5580000, 0x00000000d6800000, 0x0000000100000000)
  eden space 16384K, 0% used [0x00000000d5580000,0x00000000d5580000,0x00000000d6580000)
  from space 1024K, 77% used [0x00000000d6700000,0x00000000d67c5ad0,0x00000000d6800000)
  to   space 1024K, 0% used [0x00000000d6600000,0x00000000d6600000,0x00000000d6700000)
 ParOldGen       total 68608K, used 51642K [0x0000000080000000, 0x0000000084300000, 0x00000000d5580000)
  object space 68608K, 75% used [0x0000000080000000,0x000000008326eb78,0x0000000084300000)
 Metaspace       used 56605K, committed 58048K, reserved 1114112K
  class space    used 6107K, committed 6720K, reserved 1048576K
}
Event: 34.571 GC heap before
{Heap before GC invocations=41 (full 2):
 PSYoungGen      total 17408K, used 11204K [0x00000000d5580000, 0x00000000d6800000, 0x0000000100000000)
  eden space 16384K, 63% used [0x00000000d5580000,0x00000000d5fab6d0,0x00000000d6580000)
  from space 1024K, 77% used [0x00000000d6700000,0x00000000d67c5ad0,0x00000000d6800000)
  to   space 1024K, 0% used [0x00000000d6600000,0x00000000d6600000,0x00000000d6700000)
 ParOldGen       total 68608K, used 51642K [0x0000000080000000, 0x0000000084300000, 0x00000000d5580000)
  object space 68608K, 75% used [0x0000000080000000,0x000000008326eb78,0x0000000084300000)
 Metaspace       used 56620K, committed 58048K, reserved 1114112K
  class space    used 6109K, committed 6720K, reserved 1048576K
}
Event: 34.580 GC heap after
{Heap after GC invocations=41 (full 2):
 PSYoungGen      total 17408K, used 96K [0x00000000d5580000, 0x00000000d6780000, 0x0000000100000000)
  eden space 16384K, 0% used [0x00000000d5580000,0x00000000d5580000,0x00000000d6580000)
  from space 1024K, 9% used [0x00000000d6600000,0x00000000d6618000,0x00000000d6700000)
  to   space 512K, 0% used [0x00000000d6700000,0x00000000d6700000,0x00000000d6780000)
 ParOldGen       total 68608K, used 61381K [0x0000000080000000, 0x0000000084300000, 0x00000000d5580000)
  object space 68608K, 89% used [0x0000000080000000,0x0000000083bf17e8,0x0000000084300000)
 Metaspace       used 56620K, committed 58048K, reserved 1114112K
  class space    used 6109K, committed 6720K, reserved 1048576K
}
Event: 34.941 GC heap before
{Heap before GC invocations=42 (full 2):
 PSYoungGen      total 17408K, used 16480K [0x00000000d5580000, 0x00000000d6780000, 0x0000000100000000)
  eden space 16384K, 100% used [0x00000000d5580000,0x00000000d6580000,0x00000000d6580000)
  from space 1024K, 9% used [0x00000000d6600000,0x00000000d6618000,0x00000000d6700000)
  to   space 512K, 0% used [0x00000000d6700000,0x00000000d6700000,0x00000000d6780000)
 ParOldGen       total 106496K, used 98720K [0x0000000080000000, 0x0000000086800000, 0x00000000d5580000)
  object space 106496K, 92% used [0x0000000080000000,0x0000000086068338,0x0000000086800000)
 Metaspace       used 57441K, committed 58816K, reserved 1114112K
  class space    used 6204K, committed 6784K, reserved 1048576K
}
Event: 34.952 GC heap after
{Heap after GC invocations=42 (full 2):
 PSYoungGen      total 16896K, used 506K [0x00000000d5580000, 0x00000000d6880000, 0x0000000100000000)
  eden space 16384K, 0% used [0x00000000d5580000,0x00000000d5580000,0x00000000d6580000)
  from space 512K, 98% used [0x00000000d6700000,0x00000000d677eaa0,0x00000000d6780000)
  to   space 1536K, 0% used [0x00000000d6580000,0x00000000d6580000,0x00000000d6700000)
 ParOldGen       total 106496K, used 99513K [0x0000000080000000, 0x0000000086800000, 0x00000000d5580000)
  object space 106496K, 93% used [0x0000000080000000,0x000000008612e5e8,0x0000000086800000)
 Metaspace       used 57441K, committed 58816K, reserved 1114112K
  class space    used 6204K, committed 6784K, reserved 1048576K
}
Event: 35.479 GC heap before
{Heap before GC invocations=43 (full 2):
 PSYoungGen      total 16896K, used 16890K [0x00000000d5580000, 0x00000000d6880000, 0x0000000100000000)
  eden space 16384K, 100% used [0x00000000d5580000,0x00000000d6580000,0x00000000d6580000)
  from space 512K, 98% used [0x00000000d6700000,0x00000000d677eaa0,0x00000000d6780000)
  to   space 1536K, 0% used [0x00000000d6580000,0x00000000d6580000,0x00000000d6700000)
 ParOldGen       total 106496K, used 99513K [0x0000000080000000, 0x0000000086800000, 0x00000000d5580000)
  object space 106496K, 93% used [0x0000000080000000,0x000000008612e5e8,0x0000000086800000)
 Metaspace       used 57590K, committed 58944K, reserved 1114112K
  class space    used 6217K, committed 6784K, reserved 1048576K
}
Event: 35.487 GC heap after
{Heap after GC invocations=43 (full 2):
 PSYoungGen      total 17920K, used 1526K [0x00000000d5580000, 0x00000000d7380000, 0x0000000100000000)
  eden space 16384K, 0% used [0x00000000d5580000,0x00000000d5580000,0x00000000d6580000)
  from space 1536K, 99% used [0x00000000d6580000,0x00000000d66fdad0,0x00000000d6700000)
  to   space 7168K, 0% used [0x00000000d6c80000,0x00000000d6c80000,0x00000000d7380000)
 ParOldGen       total 106496K, used 104148K [0x0000000080000000, 0x0000000086800000, 0x00000000d5580000)
  object space 106496K, 97% used [0x0000000080000000,0x00000000865b5240,0x0000000086800000)
 Metaspace       used 57590K, committed 58944K, reserved 1114112K
  class space    used 6217K, committed 6784K, reserved 1048576K
}
Event: 35.663 GC heap before
{Heap before GC invocations=44 (full 2):
 PSYoungGen      total 17920K, used 17910K [0x00000000d5580000, 0x00000000d7380000, 0x0000000100000000)
  eden space 16384K, 100% used [0x00000000d5580000,0x00000000d6580000,0x00000000d6580000)
  from space 1536K, 99% used [0x00000000d6580000,0x00000000d66fdad0,0x00000000d6700000)
  to   space 7168K, 0% used [0x00000000d6c80000,0x00000000d6c80000,0x00000000d7380000)
 ParOldGen       total 106496K, used 104148K [0x0000000080000000, 0x0000000086800000, 0x00000000d5580000)
  object space 106496K, 97% used [0x0000000080000000,0x00000000865b5240,0x0000000086800000)
 Metaspace       used 57641K, committed 59008K, reserved 1114112K
  class space    used 6221K, committed 6784K, reserved 1048576K
}
Event: 35.674 GC heap after
{Heap after GC invocations=44 (full 2):
 PSYoungGen      total 21504K, used 4917K [0x00000000d5580000, 0x00000000d7180000, 0x0000000100000000)
  eden space 16384K, 0% used [0x00000000d5580000,0x00000000d5580000,0x00000000d6580000)
  from space 5120K, 96% used [0x00000000d6c80000,0x00000000d714d450,0x00000000d7180000)
  to   space 5632K, 0% used [0x00000000d6680000,0x00000000d6680000,0x00000000d6c00000)
 ParOldGen       total 106496K, used 105687K [0x0000000080000000, 0x0000000086800000, 0x00000000d5580000)
  object space 106496K, 99% used [0x0000000080000000,0x0000000086735f98,0x0000000086800000)
 Metaspace       used 57641K, committed 59008K, reserved 1114112K
  class space    used 6221K, committed 6784K, reserved 1048576K
}
Event: 35.703 GC heap before
{Heap before GC invocations=45 (full 2):
 PSYoungGen      total 21504K, used 21301K [0x00000000d5580000, 0x00000000d7180000, 0x0000000100000000)
  eden space 16384K, 100% used [0x00000000d5580000,0x00000000d6580000,0x00000000d6580000)
  from space 5120K, 96% used [0x00000000d6c80000,0x00000000d714d450,0x00000000d7180000)
  to   space 5632K, 0% used [0x00000000d6680000,0x00000000d6680000,0x00000000d6c00000)
 ParOldGen       total 106496K, used 105687K [0x0000000080000000, 0x0000000086800000, 0x00000000d5580000)
  object space 106496K, 99% used [0x0000000080000000,0x0000000086735f98,0x0000000086800000)
 Metaspace       used 57647K, committed 59008K, reserved 1114112K
  class space    used 6221K, committed 6784K, reserved 1048576K
}
Event: 35.715 GC heap after
{Heap after GC invocations=45 (full 2):
 PSYoungGen      total 20992K, used 4160K [0x00000000d5580000, 0x00000000d6e80000, 0x0000000100000000)
  eden space 16384K, 0% used [0x00000000d5580000,0x00000000d5580000,0x00000000d6580000)
  from space 4608K, 90% used [0x00000000d6680000,0x00000000d6a90000,0x00000000d6b00000)
  to   space 3584K, 0% used [0x00000000d6b00000,0x00000000d6b00000,0x00000000d6e80000)
 ParOldGen       total 110592K, used 110555K [0x0000000080000000, 0x0000000086c00000, 0x00000000d5580000)
  object space 110592K, 99% used [0x0000000080000000,0x0000000086bf6cb0,0x0000000086c00000)
 Metaspace       used 57647K, committed 59008K, reserved 1114112K
  class space    used 6221K, committed 6784K, reserved 1048576K
}
Event: 35.974 GC heap before
{Heap before GC invocations=46 (full 2):
 PSYoungGen      total 20992K, used 20544K [0x00000000d5580000, 0x00000000d6e80000, 0x0000000100000000)
  eden space 16384K, 100% used [0x00000000d5580000,0x00000000d6580000,0x00000000d6580000)
  from space 4608K, 90% used [0x00000000d6680000,0x00000000d6a90000,0x00000000d6b00000)
  to   space 3584K, 0% used [0x00000000d6b00000,0x00000000d6b00000,0x00000000d6e80000)
 ParOldGen       total 110592K, used 110555K [0x0000000080000000, 0x0000000086c00000, 0x00000000d5580000)
  object space 110592K, 99% used [0x0000000080000000,0x0000000086bf6cb0,0x0000000086c00000)
 Metaspace       used 57857K, committed 59264K, reserved 1114112K
  class space    used 6234K, committed 6848K, reserved 1048576K
}
Event: 35.982 GC heap after
{Heap after GC invocations=46 (full 2):
 PSYoungGen      total 18944K, used 2240K [0x00000000d5580000, 0x00000000d6d80000, 0x0000000100000000)
  eden space 16384K, 0% used [0x00000000d5580000,0x00000000d5580000,0x00000000d6580000)
  from space 2560K, 87% used [0x00000000d6b00000,0x00000000d6d30000,0x00000000d6d80000)
  to   space 3072K, 0% used [0x00000000d6780000,0x00000000d6780000,0x00000000d6a80000)
 ParOldGen       total 114688K, used 114619K [0x0000000080000000, 0x0000000087000000, 0x00000000d5580000)
  object space 114688K, 99% used [0x0000000080000000,0x0000000086feecb0,0x0000000087000000)
 Metaspace       used 57857K, committed 59264K, reserved 1114112K
  class space    used 6234K, committed 6848K, reserved 1048576K
}
Event: 36.041 GC heap before
{Heap before GC invocations=47 (full 2):
 PSYoungGen      total 18944K, used 18624K [0x00000000d5580000, 0x00000000d6d80000, 0x0000000100000000)
  eden space 16384K, 100% used [0x00000000d5580000,0x00000000d6580000,0x00000000d6580000)
  from space 2560K, 87% used [0x00000000d6b00000,0x00000000d6d30000,0x00000000d6d80000)
  to   space 3072K, 0% used [0x00000000d6780000,0x00000000d6780000,0x00000000d6a80000)
 ParOldGen       total 114688K, used 114619K [0x0000000080000000, 0x0000000087000000, 0x00000000d5580000)
  object space 114688K, 99% used [0x0000000080000000,0x0000000086feecb0,0x0000000087000000)
 Metaspace       used 57860K, committed 59264K, reserved 1114112K
  class space    used 6235K, committed 6848K, reserved 1048576K
}
Event: 36.047 GC heap after
{Heap after GC invocations=47 (full 2):
 PSYoungGen      total 19456K, used 3072K [0x00000000d5580000, 0x00000000d7180000, 0x0000000100000000)
  eden space 16384K, 0% used [0x00000000d5580000,0x00000000d5580000,0x00000000d6580000)
  from space 3072K, 100% used [0x00000000d6780000,0x00000000d6a80000,0x00000000d6a80000)
  to   space 6144K, 0% used [0x00000000d6b80000,0x00000000d6b80000,0x00000000d7180000)
 ParOldGen       total 117248K, used 116835K [0x0000000080000000, 0x0000000087280000, 0x00000000d5580000)
  object space 117248K, 99% used [0x0000000080000000,0x0000000087218cb0,0x0000000087280000)
 Metaspace       used 57860K, committed 59264K, reserved 1114112K
  class space    used 6235K, committed 6848K, reserved 1048576K
}
Event: 36.344 GC heap before
{Heap before GC invocations=48 (full 2):
 PSYoungGen      total 19456K, used 19456K [0x00000000d5580000, 0x00000000d7180000, 0x0000000100000000)
  eden space 16384K, 100% used [0x00000000d5580000,0x00000000d6580000,0x00000000d6580000)
  from space 3072K, 100% used [0x00000000d6780000,0x00000000d6a80000,0x00000000d6a80000)
  to   space 6144K, 0% used [0x00000000d6b80000,0x00000000d6b80000,0x00000000d7180000)
 ParOldGen       total 117248K, used 116835K [0x0000000080000000, 0x0000000087280000, 0x00000000d5580000)
  object space 117248K, 99% used [0x0000000080000000,0x0000000087218cb0,0x0000000087280000)
 Metaspace       used 58002K, committed 59392K, reserved 1114112K
  class space    used 6253K, committed 6848K, reserved 1048576K
}
Event: 36.352 GC heap after
{Heap after GC invocations=48 (full 2):
 PSYoungGen      total 20480K, used 3616K [0x00000000d5580000, 0x00000000d6f80000, 0x0000000100000000)
  eden space 16384K, 0% used [0x00000000d5580000,0x00000000d5580000,0x00000000d6580000)
  from space 4096K, 88% used [0x00000000d6b80000,0x00000000d6f08000,0x00000000d6f80000)
  to   space 4608K, 0% used [0x00000000d6680000,0x00000000d6680000,0x00000000d6b00000)
 ParOldGen       total 120320K, used 119899K [0x0000000080000000, 0x0000000087580000, 0x00000000d5580000)
  object space 120320K, 99% used [0x0000000080000000,0x0000000087516cb0,0x0000000087580000)
 Metaspace       used 58002K, committed 59392K, reserved 1114112K
  class space    used 6253K, committed 6848K, reserved 1048576K
}
Event: 36.429 GC heap before
{Heap before GC invocations=49 (full 2):
 PSYoungGen      total 20480K, used 20000K [0x00000000d5580000, 0x00000000d6f80000, 0x0000000100000000)
  eden space 16384K, 100% used [0x00000000d5580000,0x00000000d6580000,0x00000000d6580000)
  from space 4096K, 88% used [0x00000000d6b80000,0x00000000d6f08000,0x00000000d6f80000)
  to   space 4608K, 0% used [0x00000000d6680000,0x00000000d6680000,0x00000000d6b00000)
 ParOldGen       total 120320K, used 119899K [0x0000000080000000, 0x0000000087580000, 0x00000000d5580000)
  object space 120320K, 99% used [0x0000000080000000,0x0000000087516cb0,0x0000000087580000)
 Metaspace       used 58004K, committed 59456K, reserved 1114112K
  class space    used 6254K, committed 6848K, reserved 1048576K
}
Event: 36.443 GC heap after
{Heap after GC invocations=49 (full 2):
 PSYoungGen      total 20480K, used 20000K [0x00000000d5580000, 0x00000000d6f80000, 0x0000000100000000)
  eden space 16384K, 100% used [0x00000000d5580000,0x00000000d6580000,0x00000000d6580000)
  from space 4096K, 88% used [0x00000000d6b80000,0x00000000d6f08000,0x00000000d6f80000)
  to   space 4608K, 81% used [0x00000000d6680000,0x00000000d6a30000,0x00000000d6b00000)
 ParOldGen       total 122880K, used 122787K [0x0000000080000000, 0x0000000087800000, 0x00000000d5580000)
  object space 122880K, 99% used [0x0000000080000000,0x00000000877e8cb0,0x0000000087800000)
 Metaspace       used 58004K, committed 59456K, reserved 1114112K
  class space    used 6254K, committed 6848K, reserved 1048576K
}
Event: 36.443 GC heap before
{Heap before GC invocations=50 (full 3):
 PSYoungGen      total 20480K, used 20000K [0x00000000d5580000, 0x00000000d6f80000, 0x0000000100000000)
  eden space 16384K, 100% used [0x00000000d5580000,0x00000000d6580000,0x00000000d6580000)
  from space 4096K, 88% used [0x00000000d6b80000,0x00000000d6f08000,0x00000000d6f80000)
  to   space 4608K, 81% used [0x00000000d6680000,0x00000000d6a30000,0x00000000d6b00000)
 ParOldGen       total 122880K, used 122787K [0x0000000080000000, 0x0000000087800000, 0x00000000d5580000)
  object space 122880K, 99% used [0x0000000080000000,0x00000000877e8cb0,0x0000000087800000)
 Metaspace       used 58004K, committed 59456K, reserved 1114112K
  class space    used 6254K, committed 6848K, reserved 1048576K
}

