# JRE version: OpenJDK Runtime Environment Temurin-21.0.9+10 (21.0.9+10) (build 21.0.9+10-LTS)
# Java VM: OpenJDK 64-Bit Server VM Temurin-21.0.9+10 (21.0.9+10-LTS, mixed mode, sharing, tiered, compressed oops, compressed class ptrs, parallel gc, windows-amd64)
GC Precious Log:
 CardTable entry size: 512
 CPUs: 4 total, 4 available
 Memory: 16263M
 Large Page Support: Disabled
 NUMA Support: Disabled
 Compressed Oops: Enabled (32-bit)
 Alignments: Space 512K, Generation 512K, Heap 2M
 Heap Min Capacity: 100M
 Heap Initial Capacity: 100M
 Heap Max Capacity: 2G
 Pre-touch: Disabled
 Parallel Workers: 4
Heap:
 PSYoungGen      total 16384K, used 7263K [0x00000000d5580000, 0x00000000d6700000, 0x0000000100000000)
  eden space 14848K, 41% used [0x00000000d5580000,0x00000000d5b73a68,0x00000000d6400000)
  from space 1536K, 76% used [0x00000000d6400000,0x00000000d65243f0,0x00000000d6580000)
  to   space 1536K, 0% used [0x00000000d6580000,0x00000000d6580000,0x00000000d6700000)
 ParOldGen       total 77824K, used 63324K [0x0000000080000000, 0x0000000084c00000, 0x00000000d5580000)
  object space 77824K, 81% used [0x0000000080000000,0x0000000083dd7120,0x0000000084c00000)
 Metaspace       used 61590K, committed 63040K, reserved 1114112K
  class space    used 6511K, committed 7104K, reserved 1048576K
GC Heap History (20 events):
Event: 68.368 GC heap before
{Heap before GC invocations=71 (full 2):
 PSYoungGen      total 16384K, used 16288K [0x00000000d5580000, 0x00000000d6680000, 0x0000000100000000)
  eden space 15872K, 100% used [0x00000000d5580000,0x00000000d6500000,0x00000000d6500000)
  from space 512K, 81% used [0x00000000d6600000,0x00000000d6668000,0x00000000d6680000)
  to   space 512K, 0% used [0x00000000d6580000,0x00000000d6580000,0x00000000d6600000)
 ParOldGen       total 74240K, used 73920K [0x0000000080000000, 0x0000000084880000, 0x00000000d5580000)
  object space 74240K, 99% used [0x0000000080000000,0x0000000084830000,0x0000000084880000)
 Metaspace       used 54180K, committed 55552K, reserved 1114112K
  class space    used 5762K, committed 6336K, reserved 1048576K
}
Event: 68.373 GC heap after
{Heap after GC invocations=71 (full 2):
 PSYoungGen      total 16384K, used 512K [0x00000000d5580000, 0x00000000d6900000, 0x0000000100000000)
  eden space 15872K, 0% used [0x00000000d5580000,0x00000000d5580000,0x00000000d6500000)
  from space 512K, 100% used [0x00000000d6580000,0x00000000d6600000,0x00000000d6600000)
  to   space 2048K, 0% used [0x00000000d6700000,0x00000000d6700000,0x00000000d6900000)
 ParOldGen       total 75264K, used 74868K [0x0000000080000000, 0x0000000084980000, 0x00000000d5580000)
  object space 75264K, 99% used [0x0000000080000000,0x000000008491d0c8,0x0000000084980000)
 Metaspace       used 54180K, committed 55552K, reserved 1114112K
  class space    used 5762K, committed 6336K, reserved 1048576K
}
Event: 68.848 GC heap before
{Heap before GC invocations=72 (full 2):
 PSYoungGen      total 16384K, used 16384K [0x00000000d5580000, 0x00000000d6900000, 0x0000000100000000)
  eden space 15872K, 100% used [0x00000000d5580000,0x00000000d6500000,0x00000000d6500000)
  from space 512K, 100% used [0x00000000d6580000,0x00000000d6600000,0x00000000d6600000)
  to   space 2048K, 0% used [0x00000000d6700000,0x00000000d6700000,0x00000000d6900000)
 ParOldGen       total 75264K, used 74868K [0x0000000080000000, 0x0000000084980000, 0x00000000d5580000)
  object space 75264K, 99% used [0x0000000080000000,0x000000008491d0c8,0x0000000084980000)
 Metaspace       used 55433K, committed 56768K, reserved 1114112K
  class space    used 5903K, committed 6464K, reserved 1048576K
}
Event: 68.850 GC heap after
{Heap after GC invocations=72 (full 2):
 PSYoungGen      total 17408K, used 1381K [0x00000000d5580000, 0x00000000d6880000, 0x0000000100000000)
  eden space 15872K, 0% used [0x00000000d5580000,0x00000000d5580000,0x00000000d6500000)
  from space 1536K, 89% used [0x00000000d6700000,0x00000000d6859450,0x00000000d6880000)
  to   space 1536K, 0% used [0x00000000d6580000,0x00000000d6580000,0x00000000d6700000)
 ParOldGen       total 75776K, used 75392K [0x0000000080000000, 0x0000000084a00000, 0x00000000d5580000)
  object space 75776K, 99% used [0x0000000080000000,0x00000000849a01a0,0x0000000084a00000)
 Metaspace       used 55433K, committed 56768K, reserved 1114112K
  class space    used 5903K, committed 6464K, reserved 1048576K
}
Event: 70.353 GC heap before
{Heap before GC invocations=73 (full 2):
 PSYoungGen      total 17408K, used 17231K [0x00000000d5580000, 0x00000000d6880000, 0x0000000100000000)
  eden space 15872K, 99% used [0x00000000d5580000,0x00000000d64fab98,0x00000000d6500000)
  from space 1536K, 89% used [0x00000000d6700000,0x00000000d6859450,0x00000000d6880000)
  to   space 1536K, 0% used [0x00000000d6580000,0x00000000d6580000,0x00000000d6700000)
 ParOldGen       total 75776K, used 75392K [0x0000000080000000, 0x0000000084a00000, 0x00000000d5580000)
  object space 75776K, 99% used [0x0000000080000000,0x00000000849a01a0,0x0000000084a00000)
 Metaspace       used 56371K, committed 57792K, reserved 1114112K
  class space    used 6046K, committed 6656K, reserved 1048576K
}
Event: 70.356 GC heap after
{Heap after GC invocations=73 (full 2):
 PSYoungGen      total 16384K, used 468K [0x00000000d5580000, 0x00000000d6780000, 0x0000000100000000)
  eden space 15872K, 0% used [0x00000000d5580000,0x00000000d5580000,0x00000000d6500000)
  from space 512K, 91% used [0x00000000d6580000,0x00000000d65f53d8,0x00000000d6600000)
  to   space 1024K, 0% used [0x00000000d6680000,0x00000000d6680000,0x00000000d6780000)
 ParOldGen       total 76800K, used 76672K [0x0000000080000000, 0x0000000084b00000, 0x00000000d5580000)
  object space 76800K, 99% used [0x0000000080000000,0x0000000084ae02d0,0x0000000084b00000)
 Metaspace       used 56371K, committed 57792K, reserved 1114112K
  class space    used 6046K, committed 6656K, reserved 1048576K
}
Event: 71.597 GC heap before
{Heap before GC invocations=74 (full 2):
 PSYoungGen      total 16384K, used 16320K [0x00000000d5580000, 0x00000000d6780000, 0x0000000100000000)
  eden space 15872K, 99% used [0x00000000d5580000,0x00000000d64faf30,0x00000000d6500000)
  from space 512K, 91% used [0x00000000d6580000,0x00000000d65f53d8,0x00000000d6600000)
  to   space 1024K, 0% used [0x00000000d6680000,0x00000000d6680000,0x00000000d6780000)
 ParOldGen       total 76800K, used 76672K [0x0000000080000000, 0x0000000084b00000, 0x00000000d5580000)
  object space 76800K, 99% used [0x0000000080000000,0x0000000084ae02d0,0x0000000084b00000)
 Metaspace       used 57291K, committed 58688K, reserved 1114112K
  class space    used 6135K, committed 6720K, reserved 1048576K
}
Event: 71.598 GC heap after
{Heap after GC invocations=74 (full 2):
 PSYoungGen      total 16896K, used 586K [0x00000000d5580000, 0x00000000d6780000, 0x0000000100000000)
  eden space 15872K, 0% used [0x00000000d5580000,0x00000000d5580000,0x00000000d6500000)
  from space 1024K, 57% used [0x00000000d6680000,0x00000000d6712bb0,0x00000000d6780000)
  to   space 1024K, 0% used [0x00000000d6580000,0x00000000d6580000,0x00000000d6680000)
 ParOldGen       total 77312K, used 77013K [0x0000000080000000, 0x0000000084b80000, 0x00000000d5580000)
  object space 77312K, 99% used [0x0000000080000000,0x0000000084b35530,0x0000000084b80000)
 Metaspace       used 57291K, committed 58688K, reserved 1114112K
  class space    used 6135K, committed 6720K, reserved 1048576K
}
Event: 72.328 GC heap before
{Heap before GC invocations=75 (full 2):
 PSYoungGen      total 16896K, used 12211K [0x00000000d5580000, 0x00000000d6780000, 0x0000000100000000)
  eden space 15872K, 73% used [0x00000000d5580000,0x00000000d60da250,0x00000000d6500000)
  from space 1024K, 57% used [0x00000000d6680000,0x00000000d6712bb0,0x00000000d6780000)
  to   space 1024K, 0% used [0x00000000d6580000,0x00000000d6580000,0x00000000d6680000)
 ParOldGen       total 77312K, used 77013K [0x0000000080000000, 0x0000000084b80000, 0x00000000d5580000)
  object space 77312K, 99% used [0x0000000080000000,0x0000000084b35530,0x0000000084b80000)
 Metaspace       used 58393K, committed 59776K, reserved 1114112K
  class space    used 6234K, committed 6784K, reserved 1048576K
}
Event: 72.330 GC heap after
{Heap after GC invocations=75 (full 2):
 PSYoungGen      total 16896K, used 656K [0x00000000d5580000, 0x00000000d6700000, 0x0000000100000000)
  eden space 15872K, 0% used [0x00000000d5580000,0x00000000d5580000,0x00000000d6500000)
  from space 1024K, 64% used [0x00000000d6580000,0x00000000d6624030,0x00000000d6680000)
  to   space 512K, 0% used [0x00000000d6680000,0x00000000d6680000,0x00000000d6700000)
 ParOldGen       total 77824K, used 77366K [0x0000000080000000, 0x0000000084c00000, 0x00000000d5580000)
  object space 77824K, 99% used [0x0000000080000000,0x0000000084b8d9a0,0x0000000084c00000)
 Metaspace       used 58393K, committed 59776K, reserved 1114112K
  class space    used 6234K, committed 6784K, reserved 1048576K
}
Event: 72.330 GC heap before
{Heap before GC invocations=76 (full 3):
 PSYoungGen      total 16896K, used 656K [0x00000000d5580000, 0x00000000d6700000, 0x0000000100000000)
  eden space 15872K, 0% used [0x00000000d5580000,0x00000000d5580000,0x00000000d6500000)
  from space 1024K, 64% used [0x00000000d6580000,0x00000000d6624030,0x00000000d6680000)
  to   space 512K, 0% used [0x00000000d6680000,0x00000000d6680000,0x00000000d6700000)
 ParOldGen       total 77824K, used 77366K [0x0000000080000000, 0x0000000084c00000, 0x00000000d5580000)
  object space 77824K, 99% used [0x0000000080000000,0x0000000084b8d9a0,0x0000000084c00000)
 Metaspace       used 58393K, committed 59776K, reserved 1114112K
  class space    used 6234K, committed 6784K, reserved 1048576K
}
Event: 72.538 GC heap after
{Heap after GC invocations=76 (full 3):
 PSYoungGen      total 16896K, used 0K [0x00000000d5580000, 0x00000000d6700000, 0x0000000100000000)
  eden space 15872K, 0% used [0x00000000d5580000,0x00000000d5580000,0x00000000d6500000)
  from space 1024K, 0% used [0x00000000d6580000,0x00000000d6580000,0x00000000d6680000)
  to   space 512K, 0% used [0x00000000d6680000,0x00000000d6680000,0x00000000d6700000)
 ParOldGen       total 77824K, used 60510K [0x0000000080000000, 0x0000000084c00000, 0x00000000d5580000)
  object space 77824K, 77% used [0x0000000080000000,0x0000000083b179d8,0x0000000084c00000)
 Metaspace       used 58393K, committed 59776K, reserved 1114112K
  class space    used 6234K, committed 6784K, reserved 1048576K
}
Event: 73.755 GC heap before
{Heap before GC invocations=77 (full 3):
 PSYoungGen      total 16896K, used 15839K [0x00000000d5580000, 0x00000000d6700000, 0x0000000100000000)
  eden space 15872K, 99% used [0x00000000d5580000,0x00000000d64f7e30,0x00000000d6500000)
  from space 1024K, 0% used [0x00000000d6580000,0x00000000d6580000,0x00000000d6680000)
  to   space 512K, 0% used [0x00000000d6680000,0x00000000d6680000,0x00000000d6700000)
 ParOldGen       total 77824K, used 60510K [0x0000000080000000, 0x0000000084c00000, 0x00000000d5580000)
  object space 77824K, 77% used [0x0000000080000000,0x0000000083b179d8,0x0000000084c00000)
 Metaspace       used 59518K, committed 60928K, reserved 1114112K
  class space    used 6315K, committed 6912K, reserved 1048576K
}
Event: 73.758 GC heap after
{Heap after GC invocations=77 (full 3):
 PSYoungGen      total 15360K, used 493K [0x00000000d5580000, 0x00000000d6a00000, 0x0000000100000000)
  eden space 14848K, 0% used [0x00000000d5580000,0x00000000d5580000,0x00000000d6400000)
  from space 512K, 96% used [0x00000000d6680000,0x00000000d66fb6f0,0x00000000d6700000)
  to   space 2560K, 0% used [0x00000000d6400000,0x00000000d6400000,0x00000000d6680000)
 ParOldGen       total 77824K, used 62096K [0x0000000080000000, 0x0000000084c00000, 0x00000000d5580000)
  object space 77824K, 79% used [0x0000000080000000,0x0000000083ca4170,0x0000000084c00000)
 Metaspace       used 59518K, committed 60928K, reserved 1114112K
  class space    used 6315K, committed 6912K, reserved 1048576K
}
Event: 74.358 GC heap before
{Heap before GC invocations=78 (full 3):
 PSYoungGen      total 15360K, used 15341K [0x00000000d5580000, 0x00000000d6a00000, 0x0000000100000000)
  eden space 14848K, 100% used [0x00000000d5580000,0x00000000d6400000,0x00000000d6400000)
  from space 512K, 96% used [0x00000000d6680000,0x00000000d66fb6f0,0x00000000d6700000)
  to   space 2560K, 0% used [0x00000000d6400000,0x00000000d6400000,0x00000000d6680000)
 ParOldGen       total 77824K, used 62096K [0x0000000080000000, 0x0000000084c00000, 0x00000000d5580000)
  object space 77824K, 79% used [0x0000000080000000,0x0000000083ca4170,0x0000000084c00000)
 Metaspace       used 59717K, committed 61120K, reserved 1114112K
  class space    used 6329K, committed 6912K, reserved 1048576K
}
Event: 74.361 GC heap after
{Heap after GC invocations=78 (full 3):
 PSYoungGen      total 16384K, used 1251K [0x00000000d5580000, 0x00000000d6800000, 0x0000000100000000)
  eden space 14848K, 0% used [0x00000000d5580000,0x00000000d5580000,0x00000000d6400000)
  from space 1536K, 81% used [0x00000000d6400000,0x00000000d6538d60,0x00000000d6580000)
  to   space 2048K, 0% used [0x00000000d6600000,0x00000000d6600000,0x00000000d6800000)
 ParOldGen       total 77824K, used 62614K [0x0000000080000000, 0x0000000084c00000, 0x00000000d5580000)
  object space 77824K, 80% used [0x0000000080000000,0x0000000083d25860,0x0000000084c00000)
 Metaspace       used 59717K, committed 61120K, reserved 1114112K
  class space    used 6329K, committed 6912K, reserved 1048576K
}
Event: 74.893 GC heap before
{Heap before GC invocations=79 (full 3):
 PSYoungGen      total 16384K, used 16099K [0x00000000d5580000, 0x00000000d6800000, 0x0000000100000000)
  eden space 14848K, 100% used [0x00000000d5580000,0x00000000d6400000,0x00000000d6400000)
  from space 1536K, 81% used [0x00000000d6400000,0x00000000d6538d60,0x00000000d6580000)
  to   space 2048K, 0% used [0x00000000d6600000,0x00000000d6600000,0x00000000d6800000)
 ParOldGen       total 77824K, used 62614K [0x0000000080000000, 0x0000000084c00000, 0x00000000d5580000)
  object space 77824K, 80% used [0x0000000080000000,0x0000000083d25860,0x0000000084c00000)
 Metaspace       used 59722K, committed 61120K, reserved 1114112K
  class space    used 6329K, committed 6912K, reserved 1048576K
}
Event: 74.895 GC heap after
{Heap after GC invocations=79 (full 3):
 PSYoungGen      total 15872K, used 842K [0x00000000d5580000, 0x00000000d6700000, 0x0000000100000000)
  eden space 14848K, 0% used [0x00000000d5580000,0x00000000d5580000,0x00000000d6400000)
  from space 1024K, 82% used [0x00000000d6600000,0x00000000d66d2be8,0x00000000d6700000)
  to   space 1536K, 0% used [0x00000000d6400000,0x00000000d6400000,0x00000000d6580000)
 ParOldGen       total 77824K, used 63308K [0x0000000080000000, 0x0000000084c00000, 0x00000000d5580000)
  object space 77824K, 81% used [0x0000000080000000,0x0000000083dd3120,0x0000000084c00000)
 Metaspace       used 59722K, committed 61120K, reserved 1114112K
  class space    used 6329K, committed 6912K, reserved 1048576K
}
Event: 76.869 GC heap before
{Heap before GC invocations=80 (full 3):
 PSYoungGen      total 15872K, used 15690K [0x00000000d5580000, 0x00000000d6700000, 0x0000000100000000)
  eden space 14848K, 100% used [0x00000000d5580000,0x00000000d6400000,0x00000000d6400000)
  from space 1024K, 82% used [0x00000000d6600000,0x00000000d66d2be8,0x00000000d6700000)
  to   space 1536K, 0% used [0x00000000d6400000,0x00000000d6400000,0x00000000d6580000)
 ParOldGen       total 77824K, used 63308K [0x0000000080000000, 0x0000000084c00000, 0x00000000d5580000)
  object space 77824K, 81% used [0x0000000080000000,0x0000000083dd3120,0x0000000084c00000)
 Metaspace       used 61412K, committed 62848K, reserved 1114112K
  class space    used 6504K, committed 7104K, reserved 1048576K
}
Event: 76.879 GC heap after
{Heap after GC invocations=80 (full 3):
 PSYoungGen      total 16384K, used 1168K [0x00000000d5580000, 0x00000000d6700000, 0x0000000100000000)
  eden space 14848K, 0% used [0x00000000d5580000,0x00000000d5580000,0x00000000d6400000)
  from space 1536K, 76% used [0x00000000d6400000,0x00000000d65243f0,0x00000000d6580000)
  to   space 1536K, 0% used [0x00000000d6580000,0x00000000d6580000,0x00000000d6700000)
 ParOldGen       total 77824K, used 63324K [0x0000000080000000, 0x0000000084c00000, 0x00000000d5580000)
  object space 77824K, 81% used [0x0000000080000000,0x0000000083dd7120,0x0000000084c00000)
 Metaspace       used 61412K, committed 62848K, reserved 1114112K
  class space    used 6504K, committed 7104K, reserved 1048576K
}

