# JRE version: OpenJDK Runtime Environment Temurin-21.0.9+10 (21.0.9+10) (build 21.0.9+10-LTS)
# Java VM: OpenJDK 64-Bit Server VM Temurin-21.0.9+10 (21.0.9+10-LTS, mixed mode, sharing, tiered, compressed oops, compressed class ptrs, parallel gc, windows-amd64)
GC Precious Log:
 CardTable entry size: 512
 CPUs: 4 total, 4 available
 Memory: 16263M
 Large Page Support: Disabled
 NUMA Support: Disabled
 Compressed Oops: Enabled (32-bit)
 Alignments: Space 512K, Generation 512K, Heap 2M
 Heap Min Capacity: 100M
 Heap Initial Capacity: 100M
 Heap Max Capacity: 2G
 Pre-touch: Disabled
 Parallel Workers: 4
Heap:
 PSYoungGen      total 22528K, used 14577K [0x00000000d5580000, 0x00000000d7080000, 0x0000000100000000)
  eden space 22016K, 63% used [0x00000000d5580000,0x00000000d633c510,0x00000000d6b00000)
  from space 512K, 100% used [0x00000000d7000000,0x00000000d7080000,0x00000000d7080000)
  to   space 2560K, 0% used [0x00000000d6d80000,0x00000000d6d80000,0x00000000d7000000)
 ParOldGen       total 68608K, used 42510K [0x0000000080000000, 0x0000000084300000, 0x00000000d5580000)
  object space 68608K, 61% used [0x0000000080000000,0x0000000082983be8,0x0000000084300000)
 Metaspace       used 49473K, committed 50816K, reserved 1114112K
  class space    used 5347K, committed 5952K, reserved 1048576K
GC Heap History (20 events):
Event: 12.493 GC heap before
{Heap before GC invocations=18 (full 2):
 PSYoungGen      total 24576K, used 23264K [0x00000000d5580000, 0x00000000d7080000, 0x0000000100000000)
  eden space 22016K, 100% used [0x00000000d5580000,0x00000000d6b00000,0x00000000d6b00000)
  from space 2560K, 48% used [0x00000000d6c00000,0x00000000d6d38000,0x00000000d6e80000)
  to   space 2048K, 0% used [0x00000000d6e80000,0x00000000d6e80000,0x00000000d7080000)
 ParOldGen       total 68608K, used 21402K [0x0000000080000000, 0x0000000084300000, 0x00000000d5580000)
  object space 68608K, 31% used [0x0000000080000000,0x00000000814e6ad8,0x0000000084300000)
 Metaspace       used 41532K, committed 42752K, reserved 1114112K
  class space    used 4431K, committed 4928K, reserved 1048576K
}
Event: 12.499 GC heap after
{Heap after GC invocations=18 (full 2):
 PSYoungGen      total 24064K, used 1872K [0x00000000d5580000, 0x00000000d7080000, 0x0000000100000000)
  eden space 22016K, 0% used [0x00000000d5580000,0x00000000d5580000,0x00000000d6b00000)
  from space 2048K, 91% used [0x00000000d6e80000,0x00000000d7054010,0x00000000d7080000)
  to   space 2048K, 0% used [0x00000000d6c80000,0x00000000d6c80000,0x00000000d6e80000)
 ParOldGen       total 68608K, used 22560K [0x0000000080000000, 0x0000000084300000, 0x00000000d5580000)
  object space 68608K, 32% used [0x0000000080000000,0x00000000816083e8,0x0000000084300000)
 Metaspace       used 41532K, committed 42752K, reserved 1114112K
  class space    used 4431K, committed 4928K, reserved 1048576K
}
Event: 12.920 GC heap before
{Heap before GC invocations=19 (full 2):
 PSYoungGen      total 24064K, used 23868K [0x00000000d5580000, 0x00000000d7080000, 0x0000000100000000)
  eden space 22016K, 99% used [0x00000000d5580000,0x00000000d6afb010,0x00000000d6b00000)
  from space 2048K, 91% used [0x00000000d6e80000,0x00000000d7054010,0x00000000d7080000)
  to   space 2048K, 0% used [0x00000000d6c80000,0x00000000d6c80000,0x00000000d6e80000)
 ParOldGen       total 68608K, used 22560K [0x0000000080000000, 0x0000000084300000, 0x00000000d5580000)
  object space 68608K, 32% used [0x0000000080000000,0x00000000816083e8,0x0000000084300000)
 Metaspace       used 42656K, committed 43904K, reserved 1114112K
  class space    used 4568K, committed 5120K, reserved 1048576K
}
Event: 12.926 GC heap after
{Heap after GC invocations=19 (full 2):
 PSYoungGen      total 24064K, used 2017K [0x00000000d5580000, 0x00000000d7d00000, 0x0000000100000000)
  eden space 22016K, 0% used [0x00000000d5580000,0x00000000d5580000,0x00000000d6b00000)
  from space 2048K, 98% used [0x00000000d6c80000,0x00000000d6e78610,0x00000000d6e80000)
  to   space 9216K, 0% used [0x00000000d7400000,0x00000000d7400000,0x00000000d7d00000)
 ParOldGen       total 68608K, used 28417K [0x0000000080000000, 0x0000000084300000, 0x00000000d5580000)
  object space 68608K, 41% used [0x0000000080000000,0x0000000081bc0470,0x0000000084300000)
 Metaspace       used 42656K, committed 43904K, reserved 1114112K
  class space    used 4568K, committed 5120K, reserved 1048576K
}
Event: 21.057 GC heap before
{Heap before GC invocations=20 (full 2):
 PSYoungGen      total 24064K, used 24033K [0x00000000d5580000, 0x00000000d7d00000, 0x0000000100000000)
  eden space 22016K, 100% used [0x00000000d5580000,0x00000000d6b00000,0x00000000d6b00000)
  from space 2048K, 98% used [0x00000000d6c80000,0x00000000d6e78610,0x00000000d6e80000)
  to   space 9216K, 0% used [0x00000000d7400000,0x00000000d7400000,0x00000000d7d00000)
 ParOldGen       total 68608K, used 28417K [0x0000000080000000, 0x0000000084300000, 0x00000000d5580000)
  object space 68608K, 41% used [0x0000000080000000,0x0000000081bc0470,0x0000000084300000)
 Metaspace       used 45214K, committed 46464K, reserved 1114112K
  class space    used 4912K, committed 5440K, reserved 1048576K
}
Event: 21.061 GC heap after
{Heap after GC invocations=20 (full 2):
 PSYoungGen      total 24064K, used 1819K [0x00000000d5580000, 0x00000000d7600000, 0x0000000100000000)
  eden space 22016K, 0% used [0x00000000d5580000,0x00000000d5580000,0x00000000d6b00000)
  from space 2048K, 88% used [0x00000000d7400000,0x00000000d75c6e98,0x00000000d7600000)
  to   space 4096K, 0% used [0x00000000d6e00000,0x00000000d6e00000,0x00000000d7200000)
 ParOldGen       total 68608K, used 30342K [0x0000000080000000, 0x0000000084300000, 0x00000000d5580000)
  object space 68608K, 44% used [0x0000000080000000,0x0000000081da1b88,0x0000000084300000)
 Metaspace       used 45214K, committed 46464K, reserved 1114112K
  class space    used 4912K, committed 5440K, reserved 1048576K
}
Event: 22.969 GC heap before
{Heap before GC invocations=21 (full 2):
 PSYoungGen      total 24064K, used 23835K [0x00000000d5580000, 0x00000000d7600000, 0x0000000100000000)
  eden space 22016K, 100% used [0x00000000d5580000,0x00000000d6b00000,0x00000000d6b00000)
  from space 2048K, 88% used [0x00000000d7400000,0x00000000d75c6e98,0x00000000d7600000)
  to   space 4096K, 0% used [0x00000000d6e00000,0x00000000d6e00000,0x00000000d7200000)
 ParOldGen       total 68608K, used 30342K [0x0000000080000000, 0x0000000084300000, 0x00000000d5580000)
  object space 68608K, 44% used [0x0000000080000000,0x0000000081da1b88,0x0000000084300000)
 Metaspace       used 46898K, committed 48128K, reserved 1114112K
  class space    used 5100K, committed 5632K, reserved 1048576K
}
Event: 22.974 GC heap after
{Heap after GC invocations=21 (full 2):
 PSYoungGen      total 26112K, used 976K [0x00000000d5580000, 0x00000000d7480000, 0x0000000100000000)
  eden space 22016K, 0% used [0x00000000d5580000,0x00000000d5580000,0x00000000d6b00000)
  from space 4096K, 23% used [0x00000000d6e00000,0x00000000d6ef4010,0x00000000d7200000)
  to   space 2048K, 0% used [0x00000000d7280000,0x00000000d7280000,0x00000000d7480000)
 ParOldGen       total 68608K, used 32051K [0x0000000080000000, 0x0000000084300000, 0x00000000d5580000)
  object space 68608K, 46% used [0x0000000080000000,0x0000000081f4cd10,0x0000000084300000)
 Metaspace       used 46898K, committed 48128K, reserved 1114112K
  class space    used 5100K, committed 5632K, reserved 1048576K
}
Event: 25.167 GC heap before
{Heap before GC invocations=22 (full 2):
 PSYoungGen      total 26112K, used 22992K [0x00000000d5580000, 0x00000000d7480000, 0x0000000100000000)
  eden space 22016K, 100% used [0x00000000d5580000,0x00000000d6b00000,0x00000000d6b00000)
  from space 4096K, 23% used [0x00000000d6e00000,0x00000000d6ef4010,0x00000000d7200000)
  to   space 2048K, 0% used [0x00000000d7280000,0x00000000d7280000,0x00000000d7480000)
 ParOldGen       total 68608K, used 32051K [0x0000000080000000, 0x0000000084300000, 0x00000000d5580000)
  object space 68608K, 46% used [0x0000000080000000,0x0000000081f4cd10,0x0000000084300000)
 Metaspace       used 46956K, committed 48192K, reserved 1114112K
  class space    used 5109K, committed 5632K, reserved 1048576K
}
Event: 25.170 GC heap after
{Heap after GC invocations=22 (full 2):
 PSYoungGen      total 22528K, used 205K [0x00000000d5580000, 0x00000000d7300000, 0x0000000100000000)
  eden space 22016K, 0% used [0x00000000d5580000,0x00000000d5580000,0x00000000d6b00000)
  from space 512K, 40% used [0x00000000d7280000,0x00000000d72b3670,0x00000000d7300000)
  to   space 1024K, 0% used [0x00000000d7100000,0x00000000d7100000,0x00000000d7200000)
 ParOldGen       total 68608K, used 32933K [0x0000000080000000, 0x0000000084300000, 0x00000000d5580000)
  object space 68608K, 48% used [0x0000000080000000,0x00000000820296f8,0x0000000084300000)
 Metaspace       used 46956K, committed 48192K, reserved 1114112K
  class space    used 5109K, committed 5632K, reserved 1048576K
}
Event: 26.521 GC heap before
{Heap before GC invocations=23 (full 2):
 PSYoungGen      total 22528K, used 22221K [0x00000000d5580000, 0x00000000d7300000, 0x0000000100000000)
  eden space 22016K, 100% used [0x00000000d5580000,0x00000000d6b00000,0x00000000d6b00000)
  from space 512K, 40% used [0x00000000d7280000,0x00000000d72b3670,0x00000000d7300000)
  to   space 1024K, 0% used [0x00000000d7100000,0x00000000d7100000,0x00000000d7200000)
 ParOldGen       total 68608K, used 32933K [0x0000000080000000, 0x0000000084300000, 0x00000000d5580000)
  object space 68608K, 48% used [0x0000000080000000,0x00000000820296f8,0x0000000084300000)
 Metaspace       used 47299K, committed 48576K, reserved 1114112K
  class space    used 5138K, committed 5632K, reserved 1048576K
}
Event: 26.523 GC heap after
{Heap after GC invocations=23 (full 2):
 PSYoungGen      total 23040K, used 704K [0x00000000d5580000, 0x00000000d7300000, 0x0000000100000000)
  eden space 22016K, 0% used [0x00000000d5580000,0x00000000d5580000,0x00000000d6b00000)
  from space 1024K, 68% used [0x00000000d7100000,0x00000000d71b0000,0x00000000d7200000)
  to   space 1024K, 0% used [0x00000000d7200000,0x00000000d7200000,0x00000000d7300000)
 ParOldGen       total 68608K, used 32981K [0x0000000080000000, 0x0000000084300000, 0x00000000d5580000)
  object space 68608K, 48% used [0x0000000080000000,0x00000000820356f8,0x0000000084300000)
 Metaspace       used 47299K, committed 48576K, reserved 1114112K
  class space    used 5138K, committed 5632K, reserved 1048576K
}
Event: 32.305 GC heap before
{Heap before GC invocations=24 (full 2):
 PSYoungGen      total 23040K, used 22720K [0x00000000d5580000, 0x00000000d7300000, 0x0000000100000000)
  eden space 22016K, 100% used [0x00000000d5580000,0x00000000d6b00000,0x00000000d6b00000)
  from space 1024K, 68% used [0x00000000d7100000,0x00000000d71b0000,0x00000000d7200000)
  to   space 1024K, 0% used [0x00000000d7200000,0x00000000d7200000,0x00000000d7300000)
 ParOldGen       total 68608K, used 32981K [0x0000000080000000, 0x0000000084300000, 0x00000000d5580000)
  object space 68608K, 48% used [0x0000000080000000,0x00000000820356f8,0x0000000084300000)
 Metaspace       used 48984K, committed 50368K, reserved 1114112K
  class space    used 5289K, committed 5888K, reserved 1048576K
}
Event: 32.309 GC heap after
{Heap after GC invocations=24 (full 2):
 PSYoungGen      total 23040K, used 1000K [0x00000000d5580000, 0x00000000d7300000, 0x0000000100000000)
  eden space 22016K, 0% used [0x00000000d5580000,0x00000000d5580000,0x00000000d6b00000)
  from space 1024K, 97% used [0x00000000d7200000,0x00000000d72fa1e8,0x00000000d7300000)
  to   space 2560K, 0% used [0x00000000d6e00000,0x00000000d6e00000,0x00000000d7080000)
 ParOldGen       total 68608K, used 34004K [0x0000000080000000, 0x0000000084300000, 0x00000000d5580000)
  object space 68608K, 49% used [0x0000000080000000,0x0000000082135288,0x0000000084300000)
 Metaspace       used 48984K, committed 50368K, reserved 1114112K
  class space    used 5289K, committed 5888K, reserved 1048576K
}
Event: 32.638 GC heap before
{Heap before GC invocations=25 (full 2):
 PSYoungGen      total 23040K, used 23016K [0x00000000d5580000, 0x00000000d7300000, 0x0000000100000000)
  eden space 22016K, 100% used [0x00000000d5580000,0x00000000d6b00000,0x00000000d6b00000)
  from space 1024K, 97% used [0x00000000d7200000,0x00000000d72fa1e8,0x00000000d7300000)
  to   space 2560K, 0% used [0x00000000d6e00000,0x00000000d6e00000,0x00000000d7080000)
 ParOldGen       total 68608K, used 34004K [0x0000000080000000, 0x0000000084300000, 0x00000000d5580000)
  object space 68608K, 49% used [0x0000000080000000,0x0000000082135288,0x0000000084300000)
 Metaspace       used 48987K, committed 50368K, reserved 1114112K
  class space    used 5289K, committed 5888K, reserved 1048576K
}
Event: 32.644 GC heap after
{Heap after GC invocations=25 (full 2):
 PSYoungGen      total 24064K, used 2016K [0x00000000d5580000, 0x00000000d7280000, 0x0000000100000000)
  eden space 22016K, 0% used [0x00000000d5580000,0x00000000d5580000,0x00000000d6b00000)
  from space 2048K, 98% used [0x00000000d6e00000,0x00000000d6ff8010,0x00000000d7000000)
  to   space 2560K, 0% used [0x00000000d7000000,0x00000000d7000000,0x00000000d7280000)
 ParOldGen       total 68608K, used 34976K [0x0000000080000000, 0x0000000084300000, 0x00000000d5580000)
  object space 68608K, 50% used [0x0000000080000000,0x00000000822283e0,0x0000000084300000)
 Metaspace       used 48987K, committed 50368K, reserved 1114112K
  class space    used 5289K, committed 5888K, reserved 1048576K
}
Event: 32.959 GC heap before
{Heap before GC invocations=26 (full 2):
 PSYoungGen      total 24064K, used 24032K [0x00000000d5580000, 0x00000000d7280000, 0x0000000100000000)
  eden space 22016K, 100% used [0x00000000d5580000,0x00000000d6b00000,0x00000000d6b00000)
  from space 2048K, 98% used [0x00000000d6e00000,0x00000000d6ff8010,0x00000000d7000000)
  to   space 2560K, 0% used [0x00000000d7000000,0x00000000d7000000,0x00000000d7280000)
 ParOldGen       total 68608K, used 34976K [0x0000000080000000, 0x0000000084300000, 0x00000000d5580000)
  object space 68608K, 50% used [0x0000000080000000,0x00000000822283e0,0x0000000084300000)
 Metaspace       used 49365K, committed 50816K, reserved 1114112K
  class space    used 5345K, committed 5952K, reserved 1048576K
}
Event: 32.967 GC heap after
{Heap after GC invocations=26 (full 2):
 PSYoungGen      total 24576K, used 2402K [0x00000000d5580000, 0x00000000d7280000, 0x0000000100000000)
  eden space 22016K, 0% used [0x00000000d5580000,0x00000000d5580000,0x00000000d6b00000)
  from space 2560K, 93% used [0x00000000d7000000,0x00000000d7258820,0x00000000d7280000)
  to   space 2560K, 0% used [0x00000000d6d80000,0x00000000d6d80000,0x00000000d7000000)
 ParOldGen       total 68608K, used 36856K [0x0000000080000000, 0x0000000084300000, 0x00000000d5580000)
  object space 68608K, 53% used [0x0000000080000000,0x00000000823fe3e0,0x0000000084300000)
 Metaspace       used 49365K, committed 50816K, reserved 1114112K
  class space    used 5345K, committed 5952K, reserved 1048576K
}
Event: 33.512 GC heap before
{Heap before GC invocations=27 (full 2):
 PSYoungGen      total 24576K, used 24418K [0x00000000d5580000, 0x00000000d7280000, 0x0000000100000000)
  eden space 22016K, 100% used [0x00000000d5580000,0x00000000d6b00000,0x00000000d6b00000)
  from space 2560K, 93% used [0x00000000d7000000,0x00000000d7258820,0x00000000d7280000)
  to   space 2560K, 0% used [0x00000000d6d80000,0x00000000d6d80000,0x00000000d7000000)
 ParOldGen       total 68608K, used 36856K [0x0000000080000000, 0x0000000084300000, 0x00000000d5580000)
  object space 68608K, 53% used [0x0000000080000000,0x00000000823fe3e0,0x0000000084300000)
 Metaspace       used 49424K, committed 50816K, reserved 1114112K
  class space    used 5345K, committed 5952K, reserved 1048576K
}
Event: 33.520 GC heap after
{Heap after GC invocations=27 (full 2):
 PSYoungGen      total 24576K, used 2400K [0x00000000d5580000, 0x00000000d7080000, 0x0000000100000000)
  eden space 22016K, 0% used [0x00000000d5580000,0x00000000d5580000,0x00000000d6b00000)
  from space 2560K, 93% used [0x00000000d6d80000,0x00000000d6fd8020,0x00000000d7000000)
  to   space 512K, 0% used [0x00000000d7000000,0x00000000d7000000,0x00000000d7080000)
 ParOldGen       total 68608K, used 39143K [0x0000000080000000, 0x0000000084300000, 0x00000000d5580000)
  object space 68608K, 57% used [0x0000000080000000,0x0000000082639d10,0x0000000084300000)
 Metaspace       used 49424K, committed 50816K, reserved 1114112K
  class space    used 5345K, committed 5952K, reserved 1048576K
}

