# JRE version: OpenJDK Runtime Environment Temurin-21.0.9+10 (21.0.9+10) (build 21.0.9+10-LTS)
# Java VM: OpenJDK 64-Bit Server VM Temurin-21.0.9+10 (21.0.9+10-LTS, mixed mode, sharing, tiered, compressed oops, compressed class ptrs, parallel gc, windows-amd64)
GC Precious Log:
 CardTable entry size: 512
 CPUs: 4 total, 4 available
 Memory: 16263M
 Large Page Support: Disabled
 NUMA Support: Disabled
 Compressed Oops: Enabled (32-bit)
 Alignments: Space 512K, Generation 512K, Heap 2M
 Heap Min Capacity: 100M
 Heap Initial Capacity: 100M
 Heap Max Capacity: 2G
 Pre-touch: Disabled
 Parallel Workers: 4
Heap:
 PSYoungGen      total 16896K, used 10778K [0x00000000d5580000, 0x00000000d6700000, 0x0000000100000000)
  eden space 15872K, 63% used [0x00000000d5580000,0x00000000d5f68f60,0x00000000d6500000)
  from space 1024K, 61% used [0x00000000d6600000,0x00000000d669d938,0x00000000d6700000)
  to   space 1024K, 0% used [0x00000000d6500000,0x00000000d6500000,0x00000000d6600000)
 ParOldGen       total 68608K, used 59773K [0x0000000080000000, 0x0000000084300000, 0x00000000d5580000)
  object space 68608K, 87% used [0x0000000080000000,0x0000000083a5f570,0x0000000084300000)
 Metaspace       used 58499K, committed 59968K, reserved 1114112K
  class space    used 6296K, committed 6912K, reserved 1048576K
GC Heap History (20 events):
Event: 32.050 GC heap before
{Heap before GC invocations=47 (full 2):
 PSYoungGen      total 16384K, used 16223K [0x00000000d5580000, 0x00000000d6700000, 0x0000000100000000)
  eden space 15872K, 99% used [0x00000000d5580000,0x00000000d64fffb0,0x00000000d6500000)
  from space 512K, 68% used [0x00000000d6680000,0x00000000d66d8000,0x00000000d6700000)
  to   space 1024K, 0% used [0x00000000d6500000,0x00000000d6500000,0x00000000d6600000)
 ParOldGen       total 68608K, used 54942K [0x0000000080000000, 0x0000000084300000, 0x00000000d5580000)
  object space 68608K, 80% used [0x0000000080000000,0x00000000835a7880,0x0000000084300000)
 Metaspace       used 58315K, committed 59840K, reserved 1114112K
  class space    used 6289K, committed 6912K, reserved 1048576K
}
Event: 32.052 GC heap after
{Heap after GC invocations=47 (full 2):
 PSYoungGen      total 16896K, used 384K [0x00000000d5580000, 0x00000000d6700000, 0x0000000100000000)
  eden space 15872K, 0% used [0x00000000d5580000,0x00000000d5580000,0x00000000d6500000)
  from space 1024K, 37% used [0x00000000d6500000,0x00000000d6560000,0x00000000d6600000)
  to   space 512K, 0% used [0x00000000d6680000,0x00000000d6680000,0x00000000d6700000)
 ParOldGen       total 68608K, used 55214K [0x0000000080000000, 0x0000000084300000, 0x00000000d5580000)
  object space 68608K, 80% used [0x0000000080000000,0x00000000835eb880,0x0000000084300000)
 Metaspace       used 58315K, committed 59840K, reserved 1114112K
  class space    used 6289K, committed 6912K, reserved 1048576K
}
Event: 32.322 GC heap before
{Heap before GC invocations=48 (full 2):
 PSYoungGen      total 16896K, used 16256K [0x00000000d5580000, 0x00000000d6700000, 0x0000000100000000)
  eden space 15872K, 100% used [0x00000000d5580000,0x00000000d6500000,0x00000000d6500000)
  from space 1024K, 37% used [0x00000000d6500000,0x00000000d6560000,0x00000000d6600000)
  to   space 512K, 0% used [0x00000000d6680000,0x00000000d6680000,0x00000000d6700000)
 ParOldGen       total 68608K, used 55214K [0x0000000080000000, 0x0000000084300000, 0x00000000d5580000)
  object space 68608K, 80% used [0x0000000080000000,0x00000000835eb880,0x0000000084300000)
 Metaspace       used 58338K, committed 59840K, reserved 1114112K
  class space    used 6289K, committed 6912K, reserved 1048576K
}
Event: 32.324 GC heap after
{Heap after GC invocations=48 (full 2):
 PSYoungGen      total 16384K, used 496K [0x00000000d5580000, 0x00000000d6700000, 0x0000000100000000)
  eden space 15872K, 0% used [0x00000000d5580000,0x00000000d5580000,0x00000000d6500000)
  from space 512K, 96% used [0x00000000d6680000,0x00000000d66fc010,0x00000000d6700000)
  to   space 1024K, 0% used [0x00000000d6500000,0x00000000d6500000,0x00000000d6600000)
 ParOldGen       total 68608K, used 55534K [0x0000000080000000, 0x0000000084300000, 0x00000000d5580000)
  object space 68608K, 80% used [0x0000000080000000,0x000000008363b880,0x0000000084300000)
 Metaspace       used 58338K, committed 59840K, reserved 1114112K
  class space    used 6289K, committed 6912K, reserved 1048576K
}
Event: 32.449 GC heap before
{Heap before GC invocations=49 (full 2):
 PSYoungGen      total 16384K, used 16368K [0x00000000d5580000, 0x00000000d6700000, 0x0000000100000000)
  eden space 15872K, 100% used [0x00000000d5580000,0x00000000d6500000,0x00000000d6500000)
  from space 512K, 96% used [0x00000000d6680000,0x00000000d66fc010,0x00000000d6700000)
  to   space 1024K, 0% used [0x00000000d6500000,0x00000000d6500000,0x00000000d6600000)
 ParOldGen       total 68608K, used 55534K [0x0000000080000000, 0x0000000084300000, 0x00000000d5580000)
  object space 68608K, 80% used [0x0000000080000000,0x000000008363b880,0x0000000084300000)
 Metaspace       used 58408K, committed 59904K, reserved 1114112K
  class space    used 6290K, committed 6912K, reserved 1048576K
}
Event: 32.451 GC heap after
{Heap after GC invocations=49 (full 2):
 PSYoungGen      total 16896K, used 851K [0x00000000d5580000, 0x00000000d6700000, 0x0000000100000000)
  eden space 15872K, 0% used [0x00000000d5580000,0x00000000d5580000,0x00000000d6500000)
  from space 1024K, 83% used [0x00000000d6500000,0x00000000d65d4f28,0x00000000d6600000)
  to   space 1024K, 0% used [0x00000000d6600000,0x00000000d6600000,0x00000000d6700000)
 ParOldGen       total 68608K, used 55902K [0x0000000080000000, 0x0000000084300000, 0x00000000d5580000)
  object space 68608K, 81% used [0x0000000080000000,0x0000000083697880,0x0000000084300000)
 Metaspace       used 58408K, committed 59904K, reserved 1114112K
  class space    used 6290K, committed 6912K, reserved 1048576K
}
Event: 32.495 GC heap before
{Heap before GC invocations=50 (full 2):
 PSYoungGen      total 16896K, used 16723K [0x00000000d5580000, 0x00000000d6700000, 0x0000000100000000)
  eden space 15872K, 100% used [0x00000000d5580000,0x00000000d6500000,0x00000000d6500000)
  from space 1024K, 83% used [0x00000000d6500000,0x00000000d65d4f28,0x00000000d6600000)
  to   space 1024K, 0% used [0x00000000d6600000,0x00000000d6600000,0x00000000d6700000)
 ParOldGen       total 68608K, used 55902K [0x0000000080000000, 0x0000000084300000, 0x00000000d5580000)
  object space 68608K, 81% used [0x0000000080000000,0x0000000083697880,0x0000000084300000)
 Metaspace       used 58417K, committed 59904K, reserved 1114112K
  class space    used 6290K, committed 6912K, reserved 1048576K
}
Event: 32.497 GC heap after
{Heap after GC invocations=50 (full 2):
 PSYoungGen      total 16896K, used 765K [0x00000000d5580000, 0x00000000d6700000, 0x0000000100000000)
  eden space 15872K, 0% used [0x00000000d5580000,0x00000000d5580000,0x00000000d6500000)
  from space 1024K, 74% used [0x00000000d6600000,0x00000000d66bf4f8,0x00000000d6700000)
  to   space 1024K, 0% used [0x00000000d6500000,0x00000000d6500000,0x00000000d6600000)
 ParOldGen       total 68608K, used 56699K [0x0000000080000000, 0x0000000084300000, 0x00000000d5580000)
  object space 68608K, 82% used [0x0000000080000000,0x000000008375ee18,0x0000000084300000)
 Metaspace       used 58417K, committed 59904K, reserved 1114112K
  class space    used 6290K, committed 6912K, reserved 1048576K
}
Event: 32.616 GC heap before
{Heap before GC invocations=51 (full 2):
 PSYoungGen      total 16896K, used 16637K [0x00000000d5580000, 0x00000000d6700000, 0x0000000100000000)
  eden space 15872K, 100% used [0x00000000d5580000,0x00000000d6500000,0x00000000d6500000)
  from space 1024K, 74% used [0x00000000d6600000,0x00000000d66bf4f8,0x00000000d6700000)
  to   space 1024K, 0% used [0x00000000d6500000,0x00000000d6500000,0x00000000d6600000)
 ParOldGen       total 68608K, used 56699K [0x0000000080000000, 0x0000000084300000, 0x00000000d5580000)
  object space 68608K, 82% used [0x0000000080000000,0x000000008375ee18,0x0000000084300000)
 Metaspace       used 58430K, committed 59904K, reserved 1114112K
  class space    used 6290K, committed 6912K, reserved 1048576K
}
Event: 32.617 GC heap after
{Heap after GC invocations=51 (full 2):
 PSYoungGen      total 16896K, used 676K [0x00000000d5580000, 0x00000000d6700000, 0x0000000100000000)
  eden space 15872K, 0% used [0x00000000d5580000,0x00000000d5580000,0x00000000d6500000)
  from space 1024K, 66% used [0x00000000d6500000,0x00000000d65a9398,0x00000000d6600000)
  to   space 1024K, 0% used [0x00000000d6600000,0x00000000d6600000,0x00000000d6700000)
 ParOldGen       total 68608K, used 57405K [0x0000000080000000, 0x0000000084300000, 0x00000000d5580000)
  object space 68608K, 83% used [0x0000000080000000,0x000000008380f568,0x0000000084300000)
 Metaspace       used 58430K, committed 59904K, reserved 1114112K
  class space    used 6290K, committed 6912K, reserved 1048576K
}
Event: 32.703 GC heap before
{Heap before GC invocations=52 (full 2):
 PSYoungGen      total 16896K, used 16548K [0x00000000d5580000, 0x00000000d6700000, 0x0000000100000000)
  eden space 15872K, 100% used [0x00000000d5580000,0x00000000d6500000,0x00000000d6500000)
  from space 1024K, 66% used [0x00000000d6500000,0x00000000d65a9398,0x00000000d6600000)
  to   space 1024K, 0% used [0x00000000d6600000,0x00000000d6600000,0x00000000d6700000)
 ParOldGen       total 68608K, used 57405K [0x0000000080000000, 0x0000000084300000, 0x00000000d5580000)
  object space 68608K, 83% used [0x0000000080000000,0x000000008380f568,0x0000000084300000)
 Metaspace       used 58444K, committed 59904K, reserved 1114112K
  class space    used 6290K, committed 6912K, reserved 1048576K
}
Event: 32.705 GC heap after
{Heap after GC invocations=52 (full 2):
 PSYoungGen      total 16896K, used 828K [0x00000000d5580000, 0x00000000d6700000, 0x0000000100000000)
  eden space 15872K, 0% used [0x00000000d5580000,0x00000000d5580000,0x00000000d6500000)
  from space 1024K, 80% used [0x00000000d6600000,0x00000000d66cf2f0,0x00000000d6700000)
  to   space 1024K, 0% used [0x00000000d6500000,0x00000000d6500000,0x00000000d6600000)
 ParOldGen       total 68608K, used 57963K [0x0000000080000000, 0x0000000084300000, 0x00000000d5580000)
  object space 68608K, 84% used [0x0000000080000000,0x000000008389ad80,0x0000000084300000)
 Metaspace       used 58444K, committed 59904K, reserved 1114112K
  class space    used 6290K, committed 6912K, reserved 1048576K
}
Event: 32.796 GC heap before
{Heap before GC invocations=53 (full 2):
 PSYoungGen      total 16896K, used 16700K [0x00000000d5580000, 0x00000000d6700000, 0x0000000100000000)
  eden space 15872K, 100% used [0x00000000d5580000,0x00000000d6500000,0x00000000d6500000)
  from space 1024K, 80% used [0x00000000d6600000,0x00000000d66cf2f0,0x00000000d6700000)
  to   space 1024K, 0% used [0x00000000d6500000,0x00000000d6500000,0x00000000d6600000)
 ParOldGen       total 68608K, used 57963K [0x0000000080000000, 0x0000000084300000, 0x00000000d5580000)
  object space 68608K, 84% used [0x0000000080000000,0x000000008389ad80,0x0000000084300000)
 Metaspace       used 58473K, committed 59968K, reserved 1114112K
  class space    used 6296K, committed 6912K, reserved 1048576K
}
Event: 32.801 GC heap after
{Heap after GC invocations=53 (full 2):
 PSYoungGen      total 16896K, used 422K [0x00000000d5580000, 0x00000000d6700000, 0x0000000100000000)
  eden space 15872K, 0% used [0x00000000d5580000,0x00000000d5580000,0x00000000d6500000)
  from space 1024K, 41% used [0x00000000d6500000,0x00000000d6569ab8,0x00000000d6600000)
  to   space 1024K, 0% used [0x00000000d6600000,0x00000000d6600000,0x00000000d6700000)
 ParOldGen       total 68608K, used 58554K [0x0000000080000000, 0x0000000084300000, 0x00000000d5580000)
  object space 68608K, 85% used [0x0000000080000000,0x000000008392eb48,0x0000000084300000)
 Metaspace       used 58473K, committed 59968K, reserved 1114112K
  class space    used 6296K, committed 6912K, reserved 1048576K
}
Event: 33.166 GC heap before
{Heap before GC invocations=54 (full 2):
 PSYoungGen      total 16896K, used 16294K [0x00000000d5580000, 0x00000000d6700000, 0x0000000100000000)
  eden space 15872K, 100% used [0x00000000d5580000,0x00000000d6500000,0x00000000d6500000)
  from space 1024K, 41% used [0x00000000d6500000,0x00000000d6569ab8,0x00000000d6600000)
  to   space 1024K, 0% used [0x00000000d6600000,0x00000000d6600000,0x00000000d6700000)
 ParOldGen       total 68608K, used 58554K [0x0000000080000000, 0x0000000084300000, 0x00000000d5580000)
  object space 68608K, 85% used [0x0000000080000000,0x000000008392eb48,0x0000000084300000)
 Metaspace       used 58475K, committed 59968K, reserved 1114112K
  class space    used 6296K, committed 6912K, reserved 1048576K
}
Event: 33.167 GC heap after
{Heap after GC invocations=54 (full 2):
 PSYoungGen      total 16896K, used 564K [0x00000000d5580000, 0x00000000d6700000, 0x0000000100000000)
  eden space 15872K, 0% used [0x00000000d5580000,0x00000000d5580000,0x00000000d6500000)
  from space 1024K, 55% used [0x00000000d6600000,0x00000000d668d168,0x00000000d6700000)
  to   space 1024K, 0% used [0x00000000d6500000,0x00000000d6500000,0x00000000d6600000)
 ParOldGen       total 68608K, used 58805K [0x0000000080000000, 0x0000000084300000, 0x00000000d5580000)
  object space 68608K, 85% used [0x0000000080000000,0x000000008396d610,0x0000000084300000)
 Metaspace       used 58475K, committed 59968K, reserved 1114112K
  class space    used 6296K, committed 6912K, reserved 1048576K
}
Event: 33.389 GC heap before
{Heap before GC invocations=55 (full 2):
 PSYoungGen      total 16896K, used 16436K [0x00000000d5580000, 0x00000000d6700000, 0x0000000100000000)
  eden space 15872K, 99% used [0x00000000d5580000,0x00000000d64ffff0,0x00000000d6500000)
  from space 1024K, 55% used [0x00000000d6600000,0x00000000d668d168,0x00000000d6700000)
  to   space 1024K, 0% used [0x00000000d6500000,0x00000000d6500000,0x00000000d6600000)
 ParOldGen       total 68608K, used 58805K [0x0000000080000000, 0x0000000084300000, 0x00000000d5580000)
  object space 68608K, 85% used [0x0000000080000000,0x000000008396d610,0x0000000084300000)
 Metaspace       used 58481K, committed 59968K, reserved 1114112K
  class space    used 6296K, committed 6912K, reserved 1048576K
}
Event: 33.391 GC heap after
{Heap after GC invocations=55 (full 2):
 PSYoungGen      total 16896K, used 912K [0x00000000d5580000, 0x00000000d6700000, 0x0000000100000000)
  eden space 15872K, 0% used [0x00000000d5580000,0x00000000d5580000,0x00000000d6500000)
  from space 1024K, 89% used [0x00000000d6500000,0x00000000d65e4018,0x00000000d6600000)
  to   space 1024K, 0% used [0x00000000d6600000,0x00000000d6600000,0x00000000d6700000)
 ParOldGen       total 68608K, used 59135K [0x0000000080000000, 0x0000000084300000, 0x00000000d5580000)
  object space 68608K, 86% used [0x0000000080000000,0x00000000839bfdb8,0x0000000084300000)
 Metaspace       used 58481K, committed 59968K, reserved 1114112K
  class space    used 6296K, committed 6912K, reserved 1048576K
}
Event: 33.434 GC heap before
{Heap before GC invocations=56 (full 2):
 PSYoungGen      total 16896K, used 16784K [0x00000000d5580000, 0x00000000d6700000, 0x0000000100000000)
  eden space 15872K, 100% used [0x00000000d5580000,0x00000000d6500000,0x00000000d6500000)
  from space 1024K, 89% used [0x00000000d6500000,0x00000000d65e4018,0x00000000d6600000)
  to   space 1024K, 0% used [0x00000000d6600000,0x00000000d6600000,0x00000000d6700000)
 ParOldGen       total 68608K, used 59135K [0x0000000080000000, 0x0000000084300000, 0x00000000d5580000)
  object space 68608K, 86% used [0x0000000080000000,0x00000000839bfdb8,0x0000000084300000)
 Metaspace       used 58490K, committed 59968K, reserved 1114112K
  class space    used 6296K, committed 6912K, reserved 1048576K
}
Event: 33.437 GC heap after
{Heap after GC invocations=56 (full 2):
 PSYoungGen      total 16896K, used 630K [0x00000000d5580000, 0x00000000d6700000, 0x0000000100000000)
  eden space 15872K, 0% used [0x00000000d5580000,0x00000000d5580000,0x00000000d6500000)
  from space 1024K, 61% used [0x00000000d6600000,0x00000000d669d938,0x00000000d6700000)
  to   space 1024K, 0% used [0x00000000d6500000,0x00000000d6500000,0x00000000d6600000)
 ParOldGen       total 68608K, used 59773K [0x0000000080000000, 0x0000000084300000, 0x00000000d5580000)
  object space 68608K, 87% used [0x0000000080000000,0x0000000083a5f570,0x0000000084300000)
 Metaspace       used 58490K, committed 59968K, reserved 1114112K
  class space    used 6296K, committed 6912K, reserved 1048576K
}

