# JRE version: OpenJDK Runtime Environment Temurin-21.0.9+10 (21.0.9+10) (build 21.0.9+10-LTS)
# Java VM: OpenJDK 64-Bit Server VM Temurin-21.0.9+10 (21.0.9+10-LTS, mixed mode, sharing, tiered, compressed oops, compressed class ptrs, parallel gc, windows-amd64)
GC Precious Log:
 CardTable entry size: 512
 CPUs: 4 total, 4 available
 Memory: 16263M
 Large Page Support: Disabled
 NUMA Support: Disabled
 Compressed Oops: Enabled (32-bit)
 Alignments: Space 512K, Generation 512K, Heap 2M
 Heap Min Capacity: 100M
 Heap Initial Capacity: 100M
 Heap Max Capacity: 2G
 Pre-touch: Disabled
 Parallel Workers: 4
Heap:
 PSYoungGen      total 23552K, used 23184K [0x00000000d5580000, 0x00000000d6e00000, 0x0000000100000000)
  eden space 22016K, 100% used [0x00000000d5580000,0x00000000d6b00000,0x00000000d6b00000)
  from space 1536K, 76% used [0x00000000d6c80000,0x00000000d6da4030,0x00000000d6e00000)
  to   space 1536K, 0% used [0x00000000d6b00000,0x00000000d6b00000,0x00000000d6c80000)
 ParOldGen       total 68608K, used 44155K [0x0000000080000000, 0x0000000084300000, 0x00000000d5580000)
  object space 68608K, 64% used [0x0000000080000000,0x0000000082b1eee0,0x0000000084300000)
 Metaspace       used 40685K, committed 41728K, reserved 1114112K
  class space    used 4108K, committed 4544K, reserved 1048576K
GC Heap History (20 events):
Event: 17.052 GC heap before
{Heap before GC invocations=19 (full 1):
 PSYoungGen      total 26624K, used 24192K [0x00000000d5580000, 0x00000000d7380000, 0x0000000100000000)
  eden space 22016K, 100% used [0x00000000d5580000,0x00000000d6b00000,0x00000000d6b00000)
  from space 4608K, 47% used [0x00000000d6c00000,0x00000000d6e20050,0x00000000d7080000)
  to   space 3072K, 0% used [0x00000000d7080000,0x00000000d7080000,0x00000000d7380000)
 ParOldGen       total 68608K, used 34211K [0x0000000080000000, 0x0000000084300000, 0x00000000d5580000)
  object space 68608K, 49% used [0x0000000080000000,0x0000000082168ea8,0x0000000084300000)
 Metaspace       used 32517K, committed 33472K, reserved 1114112K
  class space    used 3271K, committed 3712K, reserved 1048576K
}
Event: 17.064 GC heap after
{Heap after GC invocations=19 (full 1):
 PSYoungGen      total 24576K, used 2308K [0x00000000d5580000, 0x00000000d7300000, 0x0000000100000000)
  eden space 22016K, 0% used [0x00000000d5580000,0x00000000d5580000,0x00000000d6b00000)
  from space 2560K, 90% used [0x00000000d7080000,0x00000000d72c1000,0x00000000d7300000)
  to   space 2560K, 0% used [0x00000000d6e00000,0x00000000d6e00000,0x00000000d7080000)
 ParOldGen       total 68608K, used 36363K [0x0000000080000000, 0x0000000084300000, 0x00000000d5580000)
  object space 68608K, 53% used [0x0000000080000000,0x0000000082382ef8,0x0000000084300000)
 Metaspace       used 32517K, committed 33472K, reserved 1114112K
  class space    used 3271K, committed 3712K, reserved 1048576K
}
Event: 17.474 GC heap before
{Heap before GC invocations=20 (full 1):
 PSYoungGen      total 24576K, used 24324K [0x00000000d5580000, 0x00000000d7300000, 0x0000000100000000)
  eden space 22016K, 100% used [0x00000000d5580000,0x00000000d6b00000,0x00000000d6b00000)
  from space 2560K, 90% used [0x00000000d7080000,0x00000000d72c1000,0x00000000d7300000)
  to   space 2560K, 0% used [0x00000000d6e00000,0x00000000d6e00000,0x00000000d7080000)
 ParOldGen       total 68608K, used 36363K [0x0000000080000000, 0x0000000084300000, 0x00000000d5580000)
  object space 68608K, 53% used [0x0000000080000000,0x0000000082382ef8,0x0000000084300000)
 Metaspace       used 32553K, committed 33536K, reserved 1114112K
  class space    used 3274K, committed 3712K, reserved 1048576K
}
Event: 17.480 GC heap after
{Heap after GC invocations=20 (full 1):
 PSYoungGen      total 24064K, used 1920K [0x00000000d5580000, 0x00000000d7100000, 0x0000000100000000)
  eden space 22016K, 0% used [0x00000000d5580000,0x00000000d5580000,0x00000000d6b00000)
  from space 2048K, 93% used [0x00000000d6e00000,0x00000000d6fe0000,0x00000000d7000000)
  to   space 1024K, 0% used [0x00000000d7000000,0x00000000d7000000,0x00000000d7100000)
 ParOldGen       total 68608K, used 38656K [0x0000000080000000, 0x0000000084300000, 0x00000000d5580000)
  object space 68608K, 56% used [0x0000000080000000,0x00000000825c00d8,0x0000000084300000)
 Metaspace       used 32553K, committed 33536K, reserved 1114112K
  class space    used 3274K, committed 3712K, reserved 1048576K
}
Event: 17.937 GC heap before
{Heap before GC invocations=21 (full 1):
 PSYoungGen      total 24064K, used 23936K [0x00000000d5580000, 0x00000000d7100000, 0x0000000100000000)
  eden space 22016K, 100% used [0x00000000d5580000,0x00000000d6b00000,0x00000000d6b00000)
  from space 2048K, 93% used [0x00000000d6e00000,0x00000000d6fe0000,0x00000000d7000000)
  to   space 1024K, 0% used [0x00000000d7000000,0x00000000d7000000,0x00000000d7100000)
 ParOldGen       total 68608K, used 38656K [0x0000000080000000, 0x0000000084300000, 0x00000000d5580000)
  object space 68608K, 56% used [0x0000000080000000,0x00000000825c00d8,0x0000000084300000)
 Metaspace       used 32666K, committed 33600K, reserved 1114112K
  class space    used 3274K, committed 3712K, reserved 1048576K
}
Event: 17.944 GC heap after
{Heap after GC invocations=21 (full 1):
 PSYoungGen      total 23040K, used 1016K [0x00000000d5580000, 0x00000000d7400000, 0x0000000100000000)
  eden space 22016K, 0% used [0x00000000d5580000,0x00000000d5580000,0x00000000d6b00000)
  from space 1024K, 99% used [0x00000000d7000000,0x00000000d70fe200,0x00000000d7100000)
  to   space 4608K, 0% used [0x00000000d6b00000,0x00000000d6b00000,0x00000000d6f80000)
 ParOldGen       total 68608K, used 41608K [0x0000000080000000, 0x0000000084300000, 0x00000000d5580000)
  object space 68608K, 60% used [0x0000000080000000,0x00000000828a20e8,0x0000000084300000)
 Metaspace       used 32666K, committed 33600K, reserved 1114112K
  class space    used 3274K, committed 3712K, reserved 1048576K
}
Event: 18.135 GC heap before
{Heap before GC invocations=22 (full 1):
 PSYoungGen      total 23040K, used 23032K [0x00000000d5580000, 0x00000000d7400000, 0x0000000100000000)
  eden space 22016K, 100% used [0x00000000d5580000,0x00000000d6b00000,0x00000000d6b00000)
  from space 1024K, 99% used [0x00000000d7000000,0x00000000d70fe200,0x00000000d7100000)
  to   space 4608K, 0% used [0x00000000d6b00000,0x00000000d6b00000,0x00000000d6f80000)
 ParOldGen       total 68608K, used 41608K [0x0000000080000000, 0x0000000084300000, 0x00000000d5580000)
  object space 68608K, 60% used [0x0000000080000000,0x00000000828a20e8,0x0000000084300000)
 Metaspace       used 32859K, committed 33856K, reserved 1114112K
  class space    used 3289K, committed 3712K, reserved 1048576K
}
Event: 18.138 GC heap after
{Heap after GC invocations=22 (full 1):
 PSYoungGen      total 24064K, used 2001K [0x00000000d5580000, 0x00000000d7100000, 0x0000000100000000)
  eden space 22016K, 0% used [0x00000000d5580000,0x00000000d5580000,0x00000000d6b00000)
  from space 2048K, 97% used [0x00000000d6b00000,0x00000000d6cf44a8,0x00000000d6d00000)
  to   space 3072K, 0% used [0x00000000d6e00000,0x00000000d6e00000,0x00000000d7100000)
 ParOldGen       total 68608K, used 42632K [0x0000000080000000, 0x0000000084300000, 0x00000000d5580000)
  object space 68608K, 62% used [0x0000000080000000,0x00000000829a22e8,0x0000000084300000)
 Metaspace       used 32859K, committed 33856K, reserved 1114112K
  class space    used 3289K, committed 3712K, reserved 1048576K
}
Event: 18.791 GC heap before
{Heap before GC invocations=23 (full 1):
 PSYoungGen      total 24064K, used 15064K [0x00000000d5580000, 0x00000000d7100000, 0x0000000100000000)
  eden space 22016K, 59% used [0x00000000d5580000,0x00000000d6241ed0,0x00000000d6b00000)
  from space 2048K, 97% used [0x00000000d6b00000,0x00000000d6cf44a8,0x00000000d6d00000)
  to   space 3072K, 0% used [0x00000000d6e00000,0x00000000d6e00000,0x00000000d7100000)
 ParOldGen       total 68608K, used 42632K [0x0000000080000000, 0x0000000084300000, 0x00000000d5580000)
  object space 68608K, 62% used [0x0000000080000000,0x00000000829a22e8,0x0000000084300000)
 Metaspace       used 34943K, committed 35840K, reserved 1114112K
  class space    used 3512K, committed 3904K, reserved 1048576K
}
Event: 18.796 GC heap after
{Heap after GC invocations=23 (full 1):
 PSYoungGen      total 23040K, used 1016K [0x00000000d5580000, 0x00000000d6f00000, 0x0000000100000000)
  eden space 22016K, 0% used [0x00000000d5580000,0x00000000d5580000,0x00000000d6b00000)
  from space 1024K, 99% used [0x00000000d6e00000,0x00000000d6efe318,0x00000000d6f00000)
  to   space 1536K, 0% used [0x00000000d6c00000,0x00000000d6c00000,0x00000000d6d80000)
 ParOldGen       total 68608K, used 44406K [0x0000000080000000, 0x0000000084300000, 0x00000000d5580000)
  object space 68608K, 64% used [0x0000000080000000,0x0000000082b5d940,0x0000000084300000)
 Metaspace       used 34943K, committed 35840K, reserved 1114112K
  class space    used 3512K, committed 3904K, reserved 1048576K
}
Event: 18.796 GC heap before
{Heap before GC invocations=24 (full 2):
 PSYoungGen      total 23040K, used 1016K [0x00000000d5580000, 0x00000000d6f00000, 0x0000000100000000)
  eden space 22016K, 0% used [0x00000000d5580000,0x00000000d5580000,0x00000000d6b00000)
  from space 1024K, 99% used [0x00000000d6e00000,0x00000000d6efe318,0x00000000d6f00000)
  to   space 1536K, 0% used [0x00000000d6c00000,0x00000000d6c00000,0x00000000d6d80000)
 ParOldGen       total 68608K, used 44406K [0x0000000080000000, 0x0000000084300000, 0x00000000d5580000)
  object space 68608K, 64% used [0x0000000080000000,0x0000000082b5d940,0x0000000084300000)
 Metaspace       used 34943K, committed 35840K, reserved 1114112K
  class space    used 3512K, committed 3904K, reserved 1048576K
}
Event: 18.887 GC heap after
{Heap after GC invocations=24 (full 2):
 PSYoungGen      total 23040K, used 0K [0x00000000d5580000, 0x00000000d6f00000, 0x0000000100000000)
  eden space 22016K, 0% used [0x00000000d5580000,0x00000000d5580000,0x00000000d6b00000)
  from space 1024K, 0% used [0x00000000d6e00000,0x00000000d6e00000,0x00000000d6f00000)
  to   space 1536K, 0% used [0x00000000d6c00000,0x00000000d6c00000,0x00000000d6d80000)
 ParOldGen       total 68608K, used 42807K [0x0000000080000000, 0x0000000084300000, 0x00000000d5580000)
  object space 68608K, 62% used [0x0000000080000000,0x00000000829cdfb0,0x0000000084300000)
 Metaspace       used 34906K, committed 35840K, reserved 1114112K
  class space    used 3501K, committed 3904K, reserved 1048576K
}
Event: 19.815 GC heap before
{Heap before GC invocations=25 (full 2):
 PSYoungGen      total 23040K, used 22016K [0x00000000d5580000, 0x00000000d6f00000, 0x0000000100000000)
  eden space 22016K, 100% used [0x00000000d5580000,0x00000000d6b00000,0x00000000d6b00000)
  from space 1024K, 0% used [0x00000000d6e00000,0x00000000d6e00000,0x00000000d6f00000)
  to   space 1536K, 0% used [0x00000000d6c00000,0x00000000d6c00000,0x00000000d6d80000)
 ParOldGen       total 68608K, used 42807K [0x0000000080000000, 0x0000000084300000, 0x00000000d5580000)
  object space 68608K, 62% used [0x0000000080000000,0x00000000829cdfb0,0x0000000084300000)
 Metaspace       used 35827K, committed 36736K, reserved 1114112K
  class space    used 3625K, committed 4032K, reserved 1048576K
}
Event: 19.816 GC heap after
{Heap after GC invocations=25 (full 2):
 PSYoungGen      total 23552K, used 384K [0x00000000d5580000, 0x00000000d6e80000, 0x0000000100000000)
  eden space 22016K, 0% used [0x00000000d5580000,0x00000000d5580000,0x00000000d6b00000)
  from space 1536K, 25% used [0x00000000d6c00000,0x00000000d6c60010,0x00000000d6d80000)
  to   space 1024K, 0% used [0x00000000d6d80000,0x00000000d6d80000,0x00000000d6e80000)
 ParOldGen       total 68608K, used 42815K [0x0000000080000000, 0x0000000084300000, 0x00000000d5580000)
  object space 68608K, 62% used [0x0000000080000000,0x00000000829cffb0,0x0000000084300000)
 Metaspace       used 35827K, committed 36736K, reserved 1114112K
  class space    used 3625K, committed 4032K, reserved 1048576K
}
Event: 20.205 GC heap before
{Heap before GC invocations=26 (full 2):
 PSYoungGen      total 23552K, used 22255K [0x00000000d5580000, 0x00000000d6e80000, 0x0000000100000000)
  eden space 22016K, 99% used [0x00000000d5580000,0x00000000d6adbc90,0x00000000d6b00000)
  from space 1536K, 25% used [0x00000000d6c00000,0x00000000d6c60010,0x00000000d6d80000)
  to   space 1024K, 0% used [0x00000000d6d80000,0x00000000d6d80000,0x00000000d6e80000)
 ParOldGen       total 68608K, used 42815K [0x0000000080000000, 0x0000000084300000, 0x00000000d5580000)
  object space 68608K, 62% used [0x0000000080000000,0x00000000829cffb0,0x0000000084300000)
 Metaspace       used 36950K, committed 37952K, reserved 1114112K
  class space    used 3726K, committed 4160K, reserved 1048576K
}
Event: 20.209 GC heap after
{Heap after GC invocations=26 (full 2):
 PSYoungGen      total 23040K, used 993K [0x00000000d5580000, 0x00000000d6f00000, 0x0000000100000000)
  eden space 22016K, 0% used [0x00000000d5580000,0x00000000d5580000,0x00000000d6b00000)
  from space 1024K, 96% used [0x00000000d6d80000,0x00000000d6e78458,0x00000000d6e80000)
  to   space 2048K, 0% used [0x00000000d6b00000,0x00000000d6b00000,0x00000000d6d00000)
 ParOldGen       total 68608K, used 43486K [0x0000000080000000, 0x0000000084300000, 0x00000000d5580000)
  object space 68608K, 63% used [0x0000000080000000,0x0000000082a77890,0x0000000084300000)
 Metaspace       used 36950K, committed 37952K, reserved 1114112K
  class space    used 3726K, committed 4160K, reserved 1048576K
}
Event: 21.295 GC heap before
{Heap before GC invocations=27 (full 2):
 PSYoungGen      total 23040K, used 23009K [0x00000000d5580000, 0x00000000d6f00000, 0x0000000100000000)
  eden space 22016K, 100% used [0x00000000d5580000,0x00000000d6b00000,0x00000000d6b00000)
  from space 1024K, 96% used [0x00000000d6d80000,0x00000000d6e78458,0x00000000d6e80000)
  to   space 2048K, 0% used [0x00000000d6b00000,0x00000000d6b00000,0x00000000d6d00000)
 ParOldGen       total 68608K, used 43486K [0x0000000080000000, 0x0000000084300000, 0x00000000d5580000)
  object space 68608K, 63% used [0x0000000080000000,0x0000000082a77890,0x0000000084300000)
 Metaspace       used 36967K, committed 37952K, reserved 1114112K
  class space    used 3726K, committed 4160K, reserved 1048576K
}
Event: 21.298 GC heap after
{Heap after GC invocations=27 (full 2):
 PSYoungGen      total 23040K, used 940K [0x00000000d5580000, 0x00000000d6e00000, 0x0000000100000000)
  eden space 22016K, 0% used [0x00000000d5580000,0x00000000d5580000,0x00000000d6b00000)
  from space 1024K, 91% used [0x00000000d6b00000,0x00000000d6beb078,0x00000000d6c00000)
  to   space 1536K, 0% used [0x00000000d6c80000,0x00000000d6c80000,0x00000000d6e00000)
 ParOldGen       total 68608K, used 44123K [0x0000000080000000, 0x0000000084300000, 0x00000000d5580000)
  object space 68608K, 64% used [0x0000000080000000,0x0000000082b16ee0,0x0000000084300000)
 Metaspace       used 36967K, committed 37952K, reserved 1114112K
  class space    used 3726K, committed 4160K, reserved 1048576K
}
Event: 22.985 GC heap before
{Heap before GC invocations=28 (full 2):
 PSYoungGen      total 23040K, used 22956K [0x00000000d5580000, 0x00000000d6e00000, 0x0000000100000000)
  eden space 22016K, 100% used [0x00000000d5580000,0x00000000d6b00000,0x00000000d6b00000)
  from space 1024K, 91% used [0x00000000d6b00000,0x00000000d6beb078,0x00000000d6c00000)
  to   space 1536K, 0% used [0x00000000d6c80000,0x00000000d6c80000,0x00000000d6e00000)
 ParOldGen       total 68608K, used 44123K [0x0000000080000000, 0x0000000084300000, 0x00000000d5580000)
  object space 68608K, 64% used [0x0000000080000000,0x0000000082b16ee0,0x0000000084300000)
 Metaspace       used 39343K, committed 40320K, reserved 1114112K
  class space    used 3963K, committed 4416K, reserved 1048576K
}
Event: 22.988 GC heap after
{Heap after GC invocations=28 (full 2):
 PSYoungGen      total 23552K, used 1168K [0x00000000d5580000, 0x00000000d6e00000, 0x0000000100000000)
  eden space 22016K, 0% used [0x00000000d5580000,0x00000000d5580000,0x00000000d6b00000)
  from space 1536K, 76% used [0x00000000d6c80000,0x00000000d6da4030,0x00000000d6e00000)
  to   space 1536K, 0% used [0x00000000d6b00000,0x00000000d6b00000,0x00000000d6c80000)
 ParOldGen       total 68608K, used 44155K [0x0000000080000000, 0x0000000084300000, 0x00000000d5580000)
  object space 68608K, 64% used [0x0000000080000000,0x0000000082b1eee0,0x0000000084300000)
 Metaspace       used 39343K, committed 40320K, reserved 1114112K
  class space    used 3963K, committed 4416K, reserved 1048576K
}

