# JRE version: OpenJDK Runtime Environment Temurin-21.0.9+10 (21.0.9+10) (build 21.0.9+10-LTS)
# Java VM: OpenJDK 64-Bit Server VM Temurin-21.0.9+10 (21.0.9+10-LTS, mixed mode, sharing, tiered, compressed oops, compressed class ptrs, parallel gc, windows-amd64)
GC Precious Log:
 CardTable entry size: 512
 CPUs: 4 total, 4 available
 Memory: 16263M
 Large Page Support: Disabled
 NUMA Support: Disabled
 Compressed Oops: Enabled (32-bit)
 Alignments: Space 512K, Generation 512K, Heap 2M
 Heap Min Capacity: 100M
 Heap Initial Capacity: 100M
 Heap Max Capacity: 2G
 Pre-touch: Disabled
 Parallel Workers: 4
Heap:
 PSYoungGen      total 8704K, used 5695K [0x00000000d5580000, 0x00000000d6080000, 0x0000000100000000)
  eden space 7168K, 67% used [0x00000000d5580000,0x00000000d5a3bf58,0x00000000d5c80000)
  from space 1536K, 55% used [0x00000000d5d80000,0x00000000d5e54030,0x00000000d5f00000)
  to   space 1024K, 0% used [0x00000000d5f80000,0x00000000d5f80000,0x00000000d6080000)
 ParOldGen       total 74240K, used 52981K [0x0000000080000000, 0x0000000084880000, 0x00000000d5580000)
  object space 74240K, 71% used [0x0000000080000000,0x00000000833bd600,0x0000000084880000)
 Metaspace       used 58853K, committed 60224K, reserved 1114112K
  class space    used 6132K, committed 6784K, reserved 1048576K
GC Heap History (20 events):
Event: 34.661 GC heap before
{Heap before GC invocations=55 (full 2):
 PSYoungGen      total 7680K, used 7680K [0x00000000d5580000, 0x00000000d6280000, 0x0000000100000000)
  eden space 7168K, 100% used [0x00000000d5580000,0x00000000d5c80000,0x00000000d5c80000)
  from space 512K, 100% used [0x00000000d6200000,0x00000000d6280000,0x00000000d6280000)
  to   space 2048K, 0% used [0x00000000d5e80000,0x00000000d5e80000,0x00000000d6080000)
 ParOldGen       total 71168K, used 70967K [0x0000000080000000, 0x0000000084580000, 0x00000000d5580000)
  object space 71168K, 99% used [0x0000000080000000,0x000000008454dc10,0x0000000084580000)
 Metaspace       used 58148K, committed 59520K, reserved 1114112K
  class space    used 6087K, committed 6720K, reserved 1048576K
}
Event: 34.666 GC heap after
{Heap after GC invocations=55 (full 2):
 PSYoungGen      total 9216K, used 768K [0x00000000d5580000, 0x00000000d6280000, 0x0000000100000000)
  eden space 7168K, 0% used [0x00000000d5580000,0x00000000d5580000,0x00000000d5c80000)
  from space 2048K, 37% used [0x00000000d5e80000,0x00000000d5f40000,0x00000000d6080000)
  to   space 1536K, 0% used [0x00000000d6100000,0x00000000d6100000,0x00000000d6280000)
 ParOldGen       total 71680K, used 71471K [0x0000000080000000, 0x0000000084600000, 0x00000000d5580000)
  object space 71680K, 99% used [0x0000000080000000,0x00000000845cbc10,0x0000000084600000)
 Metaspace       used 58148K, committed 59520K, reserved 1114112K
  class space    used 6087K, committed 6720K, reserved 1048576K
}
Event: 34.871 GC heap before
{Heap before GC invocations=56 (full 2):
 PSYoungGen      total 9216K, used 7936K [0x00000000d5580000, 0x00000000d6280000, 0x0000000100000000)
  eden space 7168K, 100% used [0x00000000d5580000,0x00000000d5c80000,0x00000000d5c80000)
  from space 2048K, 37% used [0x00000000d5e80000,0x00000000d5f40000,0x00000000d6080000)
  to   space 1536K, 0% used [0x00000000d6100000,0x00000000d6100000,0x00000000d6280000)
 ParOldGen       total 71680K, used 71471K [0x0000000080000000, 0x0000000084600000, 0x00000000d5580000)
  object space 71680K, 99% used [0x0000000080000000,0x00000000845cbc10,0x0000000084600000)
 Metaspace       used 58197K, committed 59520K, reserved 1114112K
  class space    used 6088K, committed 6720K, reserved 1048576K
}
Event: 34.877 GC heap after
{Heap after GC invocations=56 (full 2):
 PSYoungGen      total 8192K, used 992K [0x00000000d5580000, 0x00000000d6200000, 0x0000000100000000)
  eden space 7168K, 0% used [0x00000000d5580000,0x00000000d5580000,0x00000000d5c80000)
  from space 1024K, 96% used [0x00000000d6100000,0x00000000d61f8000,0x00000000d6200000)
  to   space 1536K, 0% used [0x00000000d5f00000,0x00000000d5f00000,0x00000000d6080000)
 ParOldGen       total 72192K, used 72135K [0x0000000080000000, 0x0000000084680000, 0x00000000d5580000)
  object space 72192K, 99% used [0x0000000080000000,0x0000000084671c10,0x0000000084680000)
 Metaspace       used 58197K, committed 59520K, reserved 1114112K
  class space    used 6088K, committed 6720K, reserved 1048576K
}
Event: 35.159 GC heap before
{Heap before GC invocations=57 (full 2):
 PSYoungGen      total 8192K, used 8160K [0x00000000d5580000, 0x00000000d6200000, 0x0000000100000000)
  eden space 7168K, 100% used [0x00000000d5580000,0x00000000d5c80000,0x00000000d5c80000)
  from space 1024K, 96% used [0x00000000d6100000,0x00000000d61f8000,0x00000000d6200000)
  to   space 1536K, 0% used [0x00000000d5f00000,0x00000000d5f00000,0x00000000d6080000)
 ParOldGen       total 72192K, used 72135K [0x0000000080000000, 0x0000000084680000, 0x00000000d5580000)
  object space 72192K, 99% used [0x0000000080000000,0x0000000084671c10,0x0000000084680000)
 Metaspace       used 58254K, committed 59648K, reserved 1114112K
  class space    used 6088K, committed 6720K, reserved 1048576K
}
Event: 35.162 GC heap after
{Heap after GC invocations=57 (full 2):
 PSYoungGen      total 8704K, used 416K [0x00000000d5580000, 0x00000000d6180000, 0x0000000100000000)
  eden space 7168K, 0% used [0x00000000d5580000,0x00000000d5580000,0x00000000d5c80000)
  from space 1536K, 27% used [0x00000000d5f00000,0x00000000d5f68000,0x00000000d6080000)
  to   space 1024K, 0% used [0x00000000d6080000,0x00000000d6080000,0x00000000d6180000)
 ParOldGen       total 73216K, used 72907K [0x0000000080000000, 0x0000000084780000, 0x00000000d5580000)
  object space 73216K, 99% used [0x0000000080000000,0x0000000084732c50,0x0000000084780000)
 Metaspace       used 58254K, committed 59648K, reserved 1114112K
  class space    used 6088K, committed 6720K, reserved 1048576K
}
Event: 35.409 GC heap before
{Heap before GC invocations=58 (full 2):
 PSYoungGen      total 8704K, used 7584K [0x00000000d5580000, 0x00000000d6180000, 0x0000000100000000)
  eden space 7168K, 100% used [0x00000000d5580000,0x00000000d5c80000,0x00000000d5c80000)
  from space 1536K, 27% used [0x00000000d5f00000,0x00000000d5f68000,0x00000000d6080000)
  to   space 1024K, 0% used [0x00000000d6080000,0x00000000d6080000,0x00000000d6180000)
 ParOldGen       total 73216K, used 72907K [0x0000000080000000, 0x0000000084780000, 0x00000000d5580000)
  object space 73216K, 99% used [0x0000000080000000,0x0000000084732c50,0x0000000084780000)
 Metaspace       used 58345K, committed 59776K, reserved 1114112K
  class space    used 6088K, committed 6720K, reserved 1048576K
}
Event: 35.412 GC heap after
{Heap after GC invocations=58 (full 2):
 PSYoungGen      total 8192K, used 880K [0x00000000d5580000, 0x00000000d6180000, 0x0000000100000000)
  eden space 7168K, 0% used [0x00000000d5580000,0x00000000d5580000,0x00000000d5c80000)
  from space 1024K, 85% used [0x00000000d6080000,0x00000000d615c010,0x00000000d6180000)
  to   space 1024K, 0% used [0x00000000d5f80000,0x00000000d5f80000,0x00000000d6080000)
 ParOldGen       total 73728K, used 73251K [0x0000000080000000, 0x0000000084800000, 0x00000000d5580000)
  object space 73728K, 99% used [0x0000000080000000,0x0000000084788c50,0x0000000084800000)
 Metaspace       used 58345K, committed 59776K, reserved 1114112K
  class space    used 6088K, committed 6720K, reserved 1048576K
}
Event: 35.646 GC heap before
{Heap before GC invocations=59 (full 2):
 PSYoungGen      total 8192K, used 8048K [0x00000000d5580000, 0x00000000d6180000, 0x0000000100000000)
  eden space 7168K, 100% used [0x00000000d5580000,0x00000000d5c80000,0x00000000d5c80000)
  from space 1024K, 85% used [0x00000000d6080000,0x00000000d615c010,0x00000000d6180000)
  to   space 1024K, 0% used [0x00000000d5f80000,0x00000000d5f80000,0x00000000d6080000)
 ParOldGen       total 73728K, used 73251K [0x0000000080000000, 0x0000000084800000, 0x00000000d5580000)
  object space 73728K, 99% used [0x0000000080000000,0x0000000084788c50,0x0000000084800000)
 Metaspace       used 58405K, committed 59776K, reserved 1114112K
  class space    used 6088K, committed 6720K, reserved 1048576K
}
Event: 35.652 GC heap after
{Heap after GC invocations=59 (full 2):
 PSYoungGen      total 7680K, used 384K [0x00000000d5580000, 0x00000000d6100000, 0x0000000100000000)
  eden space 7168K, 0% used [0x00000000d5580000,0x00000000d5580000,0x00000000d5c80000)
  from space 512K, 75% used [0x00000000d5f80000,0x00000000d5fe0000,0x00000000d6000000)
  to   space 1024K, 0% used [0x00000000d6000000,0x00000000d6000000,0x00000000d6100000)
 ParOldGen       total 74240K, used 73871K [0x0000000080000000, 0x0000000084880000, 0x00000000d5580000)
  object space 74240K, 99% used [0x0000000080000000,0x0000000084823c60,0x0000000084880000)
 Metaspace       used 58405K, committed 59776K, reserved 1114112K
  class space    used 6088K, committed 6720K, reserved 1048576K
}
Event: 35.691 GC heap before
{Heap before GC invocations=60 (full 2):
 PSYoungGen      total 7680K, used 1386K [0x00000000d5580000, 0x00000000d6100000, 0x0000000100000000)
  eden space 7168K, 13% used [0x00000000d5580000,0x00000000d567a940,0x00000000d5c80000)
  from space 512K, 75% used [0x00000000d5f80000,0x00000000d5fe0000,0x00000000d6000000)
  to   space 1024K, 0% used [0x00000000d6000000,0x00000000d6000000,0x00000000d6100000)
 ParOldGen       total 74240K, used 73871K [0x0000000080000000, 0x0000000084880000, 0x00000000d5580000)
  object space 74240K, 99% used [0x0000000080000000,0x0000000084823c60,0x0000000084880000)
 Metaspace       used 58407K, committed 59776K, reserved 1114112K
  class space    used 6088K, committed 6720K, reserved 1048576K
}
Event: 35.694 GC heap after
{Heap after GC invocations=60 (full 2):
 PSYoungGen      total 7680K, used 288K [0x00000000d5580000, 0x00000000d6080000, 0x0000000100000000)
  eden space 7168K, 0% used [0x00000000d5580000,0x00000000d5580000,0x00000000d5c80000)
  from space 512K, 56% used [0x00000000d6000000,0x00000000d6048000,0x00000000d6080000)
  to   space 512K, 0% used [0x00000000d5f80000,0x00000000d5f80000,0x00000000d6000000)
 ParOldGen       total 74240K, used 74167K [0x0000000080000000, 0x0000000084880000, 0x00000000d5580000)
  object space 74240K, 99% used [0x0000000080000000,0x000000008486dc60,0x0000000084880000)
 Metaspace       used 58407K, committed 59776K, reserved 1114112K
  class space    used 6088K, committed 6720K, reserved 1048576K
}
Event: 35.694 GC heap before
{Heap before GC invocations=61 (full 3):
 PSYoungGen      total 7680K, used 288K [0x00000000d5580000, 0x00000000d6080000, 0x0000000100000000)
  eden space 7168K, 0% used [0x00000000d5580000,0x00000000d5580000,0x00000000d5c80000)
  from space 512K, 56% used [0x00000000d6000000,0x00000000d6048000,0x00000000d6080000)
  to   space 512K, 0% used [0x00000000d5f80000,0x00000000d5f80000,0x00000000d6000000)
 ParOldGen       total 74240K, used 74167K [0x0000000080000000, 0x0000000084880000, 0x00000000d5580000)
  object space 74240K, 99% used [0x0000000080000000,0x000000008486dc60,0x0000000084880000)
 Metaspace       used 58407K, committed 59776K, reserved 1114112K
  class space    used 6088K, committed 6720K, reserved 1048576K
}
Event: 36.004 GC heap after
{Heap after GC invocations=61 (full 3):
 PSYoungGen      total 7680K, used 0K [0x00000000d5580000, 0x00000000d6080000, 0x0000000100000000)
  eden space 7168K, 0% used [0x00000000d5580000,0x00000000d5580000,0x00000000d5c80000)
  from space 512K, 0% used [0x00000000d6000000,0x00000000d6000000,0x00000000d6080000)
  to   space 512K, 0% used [0x00000000d5f80000,0x00000000d5f80000,0x00000000d6000000)
 ParOldGen       total 74240K, used 51732K [0x0000000080000000, 0x0000000084880000, 0x00000000d5580000)
  object space 74240K, 69% used [0x0000000080000000,0x0000000083285110,0x0000000084880000)
 Metaspace       used 58407K, committed 59776K, reserved 1114112K
  class space    used 6088K, committed 6720K, reserved 1048576K
}
Event: 36.254 GC heap before
{Heap before GC invocations=62 (full 3):
 PSYoungGen      total 7680K, used 7168K [0x00000000d5580000, 0x00000000d6080000, 0x0000000100000000)
  eden space 7168K, 100% used [0x00000000d5580000,0x00000000d5c80000,0x00000000d5c80000)
  from space 512K, 0% used [0x00000000d6000000,0x00000000d6000000,0x00000000d6080000)
  to   space 512K, 0% used [0x00000000d5f80000,0x00000000d5f80000,0x00000000d6000000)
 ParOldGen       total 74240K, used 51732K [0x0000000080000000, 0x0000000084880000, 0x00000000d5580000)
  object space 74240K, 69% used [0x0000000080000000,0x0000000083285110,0x0000000084880000)
 Metaspace       used 58532K, committed 59968K, reserved 1114112K
  class space    used 6103K, committed 6784K, reserved 1048576K
}
Event: 36.256 GC heap after
{Heap after GC invocations=62 (full 3):
 PSYoungGen      total 7680K, used 512K [0x00000000d5580000, 0x00000000d6080000, 0x0000000100000000)
  eden space 7168K, 0% used [0x00000000d5580000,0x00000000d5580000,0x00000000d5c80000)
  from space 512K, 100% used [0x00000000d5f80000,0x00000000d6000000,0x00000000d6000000)
  to   space 512K, 0% used [0x00000000d6000000,0x00000000d6000000,0x00000000d6080000)
 ParOldGen       total 74240K, used 51852K [0x0000000080000000, 0x0000000084880000, 0x00000000d5580000)
  object space 74240K, 69% used [0x0000000080000000,0x00000000832a3110,0x0000000084880000)
 Metaspace       used 58532K, committed 59968K, reserved 1114112K
  class space    used 6103K, committed 6784K, reserved 1048576K
}
Event: 36.472 GC heap before
{Heap before GC invocations=63 (full 3):
 PSYoungGen      total 7680K, used 7680K [0x00000000d5580000, 0x00000000d6080000, 0x0000000100000000)
  eden space 7168K, 100% used [0x00000000d5580000,0x00000000d5c80000,0x00000000d5c80000)
  from space 512K, 100% used [0x00000000d5f80000,0x00000000d6000000,0x00000000d6000000)
  to   space 512K, 0% used [0x00000000d6000000,0x00000000d6000000,0x00000000d6080000)
 ParOldGen       total 74240K, used 51852K [0x0000000080000000, 0x0000000084880000, 0x00000000d5580000)
  object space 74240K, 69% used [0x0000000080000000,0x00000000832a3110,0x0000000084880000)
 Metaspace       used 58751K, committed 60160K, reserved 1114112K
  class space    used 6131K, committed 6784K, reserved 1048576K
}
Event: 36.475 GC heap after
{Heap after GC invocations=63 (full 3):
 PSYoungGen      total 7680K, used 512K [0x00000000d5580000, 0x00000000d6080000, 0x0000000100000000)
  eden space 7168K, 0% used [0x00000000d5580000,0x00000000d5580000,0x00000000d5c80000)
  from space 512K, 100% used [0x00000000d6000000,0x00000000d6080000,0x00000000d6080000)
  to   space 1536K, 0% used [0x00000000d5d80000,0x00000000d5d80000,0x00000000d5f00000)
 ParOldGen       total 74240K, used 52494K [0x0000000080000000, 0x0000000084880000, 0x00000000d5580000)
  object space 74240K, 70% used [0x0000000080000000,0x00000000833438f0,0x0000000084880000)
 Metaspace       used 58751K, committed 60160K, reserved 1114112K
  class space    used 6131K, committed 6784K, reserved 1048576K
}
Event: 36.806 GC heap before
{Heap before GC invocations=64 (full 3):
 PSYoungGen      total 7680K, used 7677K [0x00000000d5580000, 0x00000000d6080000, 0x0000000100000000)
  eden space 7168K, 99% used [0x00000000d5580000,0x00000000d5c7f768,0x00000000d5c80000)
  from space 512K, 100% used [0x00000000d6000000,0x00000000d6080000,0x00000000d6080000)
  to   space 1536K, 0% used [0x00000000d5d80000,0x00000000d5d80000,0x00000000d5f00000)
 ParOldGen       total 74240K, used 52494K [0x0000000080000000, 0x0000000084880000, 0x00000000d5580000)
  object space 74240K, 70% used [0x0000000080000000,0x00000000833438f0,0x0000000084880000)
 Metaspace       used 58822K, committed 60224K, reserved 1114112K
  class space    used 6132K, committed 6784K, reserved 1048576K
}
Event: 36.812 GC heap after
{Heap after GC invocations=64 (full 3):
 PSYoungGen      total 8704K, used 848K [0x00000000d5580000, 0x00000000d6080000, 0x0000000100000000)
  eden space 7168K, 0% used [0x00000000d5580000,0x00000000d5580000,0x00000000d5c80000)
  from space 1536K, 55% used [0x00000000d5d80000,0x00000000d5e54030,0x00000000d5f00000)
  to   space 1024K, 0% used [0x00000000d5f80000,0x00000000d5f80000,0x00000000d6080000)
 ParOldGen       total 74240K, used 52981K [0x0000000080000000, 0x0000000084880000, 0x00000000d5580000)
  object space 74240K, 71% used [0x0000000080000000,0x00000000833bd600,0x0000000084880000)
 Metaspace       used 58822K, committed 60224K, reserved 1114112K
  class space    used 6132K, committed 6784K, reserved 1048576K
}

