# JRE version: OpenJDK Runtime Environment Temurin-21.0.9+10 (21.0.9+10) (build 21.0.9+10-LTS)
# Java VM: OpenJDK 64-Bit Server VM Temurin-21.0.9+10 (21.0.9+10-LTS, mixed mode, sharing, tiered, compressed oops, compressed class ptrs, parallel gc, windows-amd64)
GC Precious Log:
 CardTable entry size: 512
 CPUs: 4 total, 4 available
 Memory: 16263M
 Large Page Support: Disabled
 NUMA Support: Disabled
 Compressed Oops: Enabled (32-bit)
 Alignments: Space 512K, Generation 512K, Heap 2M
 Heap Min Capacity: 100M
 Heap Initial Capacity: 100M
 Heap Max Capacity: 2G
 Pre-touch: Disabled
 Parallel Workers: 4
Heap:
 PSYoungGen      total 14336K, used 6581K [0x00000000d5580000, 0x00000000d6580000, 0x0000000100000000)
  eden space 13312K, 41% used [0x00000000d5580000,0x00000000d5af21e8,0x00000000d6280000)
  from space 1024K, 98% used [0x00000000d6280000,0x00000000d637b430,0x00000000d6380000)
  to   space 1536K, 0% used [0x00000000d6400000,0x00000000d6400000,0x00000000d6580000)
 ParOldGen       total 68608K, used 67071K [0x0000000080000000, 0x0000000084300000, 0x00000000d5580000)
  object space 68608K, 97% used [0x0000000080000000,0x000000008417fe78,0x0000000084300000)
 Metaspace       used 67302K, committed 68800K, reserved 1114112K
  class space    used 7237K, committed 7872K, reserved 1048576K
GC Heap History (20 events):
Event: 77.642 GC heap before
{Heap before GC invocations=77 (full 3):
 PSYoungGen      total 15872K, used 15744K [0x00000000d5580000, 0x00000000d6600000, 0x0000000100000000)
  eden space 15360K, 100% used [0x00000000d5580000,0x00000000d6480000,0x00000000d6480000)
  from space 512K, 75% used [0x00000000d6500000,0x00000000d6560000,0x00000000d6580000)
  to   space 512K, 0% used [0x00000000d6580000,0x00000000d6580000,0x00000000d6600000)
 ParOldGen       total 68608K, used 61147K [0x0000000080000000, 0x0000000084300000, 0x00000000d5580000)
  object space 68608K, 89% used [0x0000000080000000,0x0000000083bb6d98,0x0000000084300000)
 Metaspace       used 59050K, committed 60416K, reserved 1114112K
  class space    used 6350K, committed 6912K, reserved 1048576K
}
Event: 77.647 GC heap after
{Heap after GC invocations=77 (full 3):
 PSYoungGen      total 14848K, used 512K [0x00000000d5580000, 0x00000000d6880000, 0x0000000100000000)
  eden space 14336K, 0% used [0x00000000d5580000,0x00000000d5580000,0x00000000d6380000)
  from space 512K, 100% used [0x00000000d6580000,0x00000000d6600000,0x00000000d6600000)
  to   space 2048K, 0% used [0x00000000d6380000,0x00000000d6380000,0x00000000d6580000)
 ParOldGen       total 68608K, used 62155K [0x0000000080000000, 0x0000000084300000, 0x00000000d5580000)
  object space 68608K, 90% used [0x0000000080000000,0x0000000083cb2d98,0x0000000084300000)
 Metaspace       used 59050K, committed 60416K, reserved 1114112K
  class space    used 6350K, committed 6912K, reserved 1048576K
}
Event: 78.739 GC heap before
{Heap before GC invocations=78 (full 3):
 PSYoungGen      total 14848K, used 14848K [0x00000000d5580000, 0x00000000d6880000, 0x0000000100000000)
  eden space 14336K, 100% used [0x00000000d5580000,0x00000000d6380000,0x00000000d6380000)
  from space 512K, 100% used [0x00000000d6580000,0x00000000d6600000,0x00000000d6600000)
  to   space 2048K, 0% used [0x00000000d6380000,0x00000000d6380000,0x00000000d6580000)
 ParOldGen       total 68608K, used 62155K [0x0000000080000000, 0x0000000084300000, 0x00000000d5580000)
  object space 68608K, 90% used [0x0000000080000000,0x0000000083cb2d98,0x0000000084300000)
 Metaspace       used 60346K, committed 61824K, reserved 1114112K
  class space    used 6484K, committed 7104K, reserved 1048576K
}
Event: 78.743 GC heap after
{Heap after GC invocations=78 (full 3):
 PSYoungGen      total 15872K, used 1286K [0x00000000d5580000, 0x00000000d6680000, 0x0000000100000000)
  eden space 14336K, 0% used [0x00000000d5580000,0x00000000d5580000,0x00000000d6380000)
  from space 1536K, 83% used [0x00000000d6380000,0x00000000d64c1950,0x00000000d6500000)
  to   space 1536K, 0% used [0x00000000d6500000,0x00000000d6500000,0x00000000d6680000)
 ParOldGen       total 68608K, used 62659K [0x0000000080000000, 0x0000000084300000, 0x00000000d5580000)
  object space 68608K, 91% used [0x0000000080000000,0x0000000083d30da8,0x0000000084300000)
 Metaspace       used 60346K, committed 61824K, reserved 1114112K
  class space    used 6484K, committed 7104K, reserved 1048576K
}
Event: 80.059 GC heap before
{Heap before GC invocations=79 (full 3):
 PSYoungGen      total 15872K, used 15622K [0x00000000d5580000, 0x00000000d6680000, 0x0000000100000000)
  eden space 14336K, 100% used [0x00000000d5580000,0x00000000d6380000,0x00000000d6380000)
  from space 1536K, 83% used [0x00000000d6380000,0x00000000d64c1950,0x00000000d6500000)
  to   space 1536K, 0% used [0x00000000d6500000,0x00000000d6500000,0x00000000d6680000)
 ParOldGen       total 68608K, used 62659K [0x0000000080000000, 0x0000000084300000, 0x00000000d5580000)
  object space 68608K, 91% used [0x0000000080000000,0x0000000083d30da8,0x0000000084300000)
 Metaspace       used 61353K, committed 62784K, reserved 1114112K
  class space    used 6643K, committed 7232K, reserved 1048576K
}
Event: 80.062 GC heap after
{Heap after GC invocations=79 (full 3):
 PSYoungGen      total 14848K, used 468K [0x00000000d5580000, 0x00000000d6580000, 0x0000000100000000)
  eden space 14336K, 0% used [0x00000000d5580000,0x00000000d5580000,0x00000000d6380000)
  from space 512K, 91% used [0x00000000d6500000,0x00000000d65753d8,0x00000000d6580000)
  to   space 1024K, 0% used [0x00000000d6380000,0x00000000d6380000,0x00000000d6480000)
 ParOldGen       total 68608K, used 63794K [0x0000000080000000, 0x0000000084300000, 0x00000000d5580000)
  object space 68608K, 92% used [0x0000000080000000,0x0000000083e4c9f8,0x0000000084300000)
 Metaspace       used 61353K, committed 62784K, reserved 1114112K
  class space    used 6643K, committed 7232K, reserved 1048576K
}
Event: 81.850 GC heap before
{Heap before GC invocations=80 (full 3):
 PSYoungGen      total 14848K, used 14804K [0x00000000d5580000, 0x00000000d6580000, 0x0000000100000000)
  eden space 14336K, 100% used [0x00000000d5580000,0x00000000d6380000,0x00000000d6380000)
  from space 512K, 91% used [0x00000000d6500000,0x00000000d65753d8,0x00000000d6580000)
  to   space 1024K, 0% used [0x00000000d6380000,0x00000000d6380000,0x00000000d6480000)
 ParOldGen       total 68608K, used 63794K [0x0000000080000000, 0x0000000084300000, 0x00000000d5580000)
  object space 68608K, 92% used [0x0000000080000000,0x0000000083e4c9f8,0x0000000084300000)
 Metaspace       used 62227K, committed 63680K, reserved 1114112K
  class space    used 6727K, committed 7360K, reserved 1048576K
}
Event: 81.852 GC heap after
{Heap after GC invocations=80 (full 3):
 PSYoungGen      total 15360K, used 448K [0x00000000d5580000, 0x00000000d6580000, 0x0000000100000000)
  eden space 14336K, 0% used [0x00000000d5580000,0x00000000d5580000,0x00000000d6380000)
  from space 1024K, 43% used [0x00000000d6380000,0x00000000d63f0020,0x00000000d6480000)
  to   space 512K, 0% used [0x00000000d6500000,0x00000000d6500000,0x00000000d6580000)
 ParOldGen       total 68608K, used 64154K [0x0000000080000000, 0x0000000084300000, 0x00000000d5580000)
  object space 68608K, 93% used [0x0000000080000000,0x0000000083ea6920,0x0000000084300000)
 Metaspace       used 62227K, committed 63680K, reserved 1114112K
  class space    used 6727K, committed 7360K, reserved 1048576K
}
Event: 82.459 GC heap before
{Heap before GC invocations=81 (full 3):
 PSYoungGen      total 15360K, used 14784K [0x00000000d5580000, 0x00000000d6580000, 0x0000000100000000)
  eden space 14336K, 100% used [0x00000000d5580000,0x00000000d6380000,0x00000000d6380000)
  from space 1024K, 43% used [0x00000000d6380000,0x00000000d63f0020,0x00000000d6480000)
  to   space 512K, 0% used [0x00000000d6500000,0x00000000d6500000,0x00000000d6580000)
 ParOldGen       total 68608K, used 64154K [0x0000000080000000, 0x0000000084300000, 0x00000000d5580000)
  object space 68608K, 93% used [0x0000000080000000,0x0000000083ea6920,0x0000000084300000)
 Metaspace       used 62770K, committed 64256K, reserved 1114112K
  class space    used 6800K, committed 7424K, reserved 1048576K
}
Event: 82.462 GC heap after
{Heap after GC invocations=81 (full 3):
 PSYoungGen      total 14848K, used 512K [0x00000000d5580000, 0x00000000d6680000, 0x0000000100000000)
  eden space 14336K, 0% used [0x00000000d5580000,0x00000000d5580000,0x00000000d6380000)
  from space 512K, 100% used [0x00000000d6500000,0x00000000d6580000,0x00000000d6580000)
  to   space 1536K, 0% used [0x00000000d6380000,0x00000000d6380000,0x00000000d6500000)
 ParOldGen       total 68608K, used 64910K [0x0000000080000000, 0x0000000084300000, 0x00000000d5580000)
  object space 68608K, 94% used [0x0000000080000000,0x0000000083f63980,0x0000000084300000)
 Metaspace       used 62770K, committed 64256K, reserved 1114112K
  class space    used 6800K, committed 7424K, reserved 1048576K
}
Event: 82.969 GC heap before
{Heap before GC invocations=82 (full 3):
 PSYoungGen      total 14848K, used 14848K [0x00000000d5580000, 0x00000000d6680000, 0x0000000100000000)
  eden space 14336K, 100% used [0x00000000d5580000,0x00000000d6380000,0x00000000d6380000)
  from space 512K, 100% used [0x00000000d6500000,0x00000000d6580000,0x00000000d6580000)
  to   space 1536K, 0% used [0x00000000d6380000,0x00000000d6380000,0x00000000d6500000)
 ParOldGen       total 68608K, used 64910K [0x0000000080000000, 0x0000000084300000, 0x00000000d5580000)
  object space 68608K, 94% used [0x0000000080000000,0x0000000083f63980,0x0000000084300000)
 Metaspace       used 64355K, committed 65792K, reserved 1114112K
  class space    used 6944K, committed 7552K, reserved 1048576K
}
Event: 82.973 GC heap after
{Heap after GC invocations=82 (full 3):
 PSYoungGen      total 15872K, used 964K [0x00000000d5580000, 0x00000000d6680000, 0x0000000100000000)
  eden space 14336K, 0% used [0x00000000d5580000,0x00000000d5580000,0x00000000d6380000)
  from space 1536K, 62% used [0x00000000d6380000,0x00000000d6471340,0x00000000d6500000)
  to   space 1536K, 0% used [0x00000000d6500000,0x00000000d6500000,0x00000000d6680000)
 ParOldGen       total 68608K, used 65406K [0x0000000080000000, 0x0000000084300000, 0x00000000d5580000)
  object space 68608K, 95% used [0x0000000080000000,0x0000000083fdf980,0x0000000084300000)
 Metaspace       used 64355K, committed 65792K, reserved 1114112K
  class space    used 6944K, committed 7552K, reserved 1048576K
}
Event: 83.157 GC heap before
{Heap before GC invocations=83 (full 3):
 PSYoungGen      total 15872K, used 15300K [0x00000000d5580000, 0x00000000d6680000, 0x0000000100000000)
  eden space 14336K, 100% used [0x00000000d5580000,0x00000000d6380000,0x00000000d6380000)
  from space 1536K, 62% used [0x00000000d6380000,0x00000000d6471340,0x00000000d6500000)
  to   space 1536K, 0% used [0x00000000d6500000,0x00000000d6500000,0x00000000d6680000)
 ParOldGen       total 68608K, used 65406K [0x0000000080000000, 0x0000000084300000, 0x00000000d5580000)
  object space 68608K, 95% used [0x0000000080000000,0x0000000083fdf980,0x0000000084300000)
 Metaspace       used 64584K, committed 65984K, reserved 1114112K
  class space    used 6962K, committed 7552K, reserved 1048576K
}
Event: 83.162 GC heap after
{Heap after GC invocations=83 (full 3):
 PSYoungGen      total 14848K, used 1517K [0x00000000d5580000, 0x00000000d6880000, 0x0000000100000000)
  eden space 13312K, 0% used [0x00000000d5580000,0x00000000d5580000,0x00000000d6280000)
  from space 1536K, 98% used [0x00000000d6500000,0x00000000d667b678,0x00000000d6680000)
  to   space 2560K, 0% used [0x00000000d6280000,0x00000000d6280000,0x00000000d6500000)
 ParOldGen       total 68608K, used 66171K [0x0000000080000000, 0x0000000084300000, 0x00000000d5580000)
  object space 68608K, 96% used [0x0000000080000000,0x000000008409ec10,0x0000000084300000)
 Metaspace       used 64584K, committed 65984K, reserved 1114112K
  class space    used 6962K, committed 7552K, reserved 1048576K
}
Event: 83.523 GC heap before
{Heap before GC invocations=84 (full 3):
 PSYoungGen      total 14848K, used 14829K [0x00000000d5580000, 0x00000000d6880000, 0x0000000100000000)
  eden space 13312K, 100% used [0x00000000d5580000,0x00000000d6280000,0x00000000d6280000)
  from space 1536K, 98% used [0x00000000d6500000,0x00000000d667b678,0x00000000d6680000)
  to   space 2560K, 0% used [0x00000000d6280000,0x00000000d6280000,0x00000000d6500000)
 ParOldGen       total 68608K, used 66171K [0x0000000080000000, 0x0000000084300000, 0x00000000d5580000)
  object space 68608K, 96% used [0x0000000080000000,0x000000008409ec10,0x0000000084300000)
 Metaspace       used 64590K, committed 65984K, reserved 1114112K
  class space    used 6962K, committed 7552K, reserved 1048576K
}
Event: 83.526 GC heap after
{Heap after GC invocations=84 (full 3):
 PSYoungGen      total 14336K, used 893K [0x00000000d5580000, 0x00000000d6580000, 0x0000000100000000)
  eden space 13312K, 0% used [0x00000000d5580000,0x00000000d5580000,0x00000000d6280000)
  from space 1024K, 87% used [0x00000000d6280000,0x00000000d635f4d8,0x00000000d6380000)
  to   space 1536K, 0% used [0x00000000d6400000,0x00000000d6400000,0x00000000d6580000)
 ParOldGen       total 68608K, used 66823K [0x0000000080000000, 0x0000000084300000, 0x00000000d5580000)
  object space 68608K, 97% used [0x0000000080000000,0x0000000084141e78,0x0000000084300000)
 Metaspace       used 64590K, committed 65984K, reserved 1114112K
  class space    used 6962K, committed 7552K, reserved 1048576K
}
Event: 84.050 GC heap before
{Heap before GC invocations=85 (full 3):
 PSYoungGen      total 14336K, used 14205K [0x00000000d5580000, 0x00000000d6580000, 0x0000000100000000)
  eden space 13312K, 100% used [0x00000000d5580000,0x00000000d6280000,0x00000000d6280000)
  from space 1024K, 87% used [0x00000000d6280000,0x00000000d635f4d8,0x00000000d6380000)
  to   space 1536K, 0% used [0x00000000d6400000,0x00000000d6400000,0x00000000d6580000)
 ParOldGen       total 68608K, used 66823K [0x0000000080000000, 0x0000000084300000, 0x00000000d5580000)
  object space 68608K, 97% used [0x0000000080000000,0x0000000084141e78,0x0000000084300000)
 Metaspace       used 65272K, committed 66688K, reserved 1114112K
  class space    used 7025K, committed 7616K, reserved 1048576K
}
Event: 84.053 GC heap after
{Heap after GC invocations=85 (full 3):
 PSYoungGen      total 13824K, used 160K [0x00000000d5580000, 0x00000000d6480000, 0x0000000100000000)
  eden space 13312K, 0% used [0x00000000d5580000,0x00000000d5580000,0x00000000d6280000)
  from space 512K, 31% used [0x00000000d6400000,0x00000000d6428000,0x00000000d6480000)
  to   space 1024K, 0% used [0x00000000d6280000,0x00000000d6280000,0x00000000d6380000)
 ParOldGen       total 68608K, used 66839K [0x0000000080000000, 0x0000000084300000, 0x00000000d5580000)
  object space 68608K, 97% used [0x0000000080000000,0x0000000084145e78,0x0000000084300000)
 Metaspace       used 65272K, committed 66688K, reserved 1114112K
  class space    used 7025K, committed 7616K, reserved 1048576K
}
Event: 85.712 GC heap before
{Heap before GC invocations=86 (full 3):
 PSYoungGen      total 13824K, used 13472K [0x00000000d5580000, 0x00000000d6480000, 0x0000000100000000)
  eden space 13312K, 100% used [0x00000000d5580000,0x00000000d6280000,0x00000000d6280000)
  from space 512K, 31% used [0x00000000d6400000,0x00000000d6428000,0x00000000d6480000)
  to   space 1024K, 0% used [0x00000000d6280000,0x00000000d6280000,0x00000000d6380000)
 ParOldGen       total 68608K, used 66839K [0x0000000080000000, 0x0000000084300000, 0x00000000d5580000)
  object space 68608K, 97% used [0x0000000080000000,0x0000000084145e78,0x0000000084300000)
 Metaspace       used 66850K, committed 68352K, reserved 1114112K
  class space    used 7196K, committed 7808K, reserved 1048576K
}
Event: 85.717 GC heap after
{Heap after GC invocations=86 (full 3):
 PSYoungGen      total 14336K, used 1005K [0x00000000d5580000, 0x00000000d6580000, 0x0000000100000000)
  eden space 13312K, 0% used [0x00000000d5580000,0x00000000d5580000,0x00000000d6280000)
  from space 1024K, 98% used [0x00000000d6280000,0x00000000d637b430,0x00000000d6380000)
  to   space 1536K, 0% used [0x00000000d6400000,0x00000000d6400000,0x00000000d6580000)
 ParOldGen       total 68608K, used 67071K [0x0000000080000000, 0x0000000084300000, 0x00000000d5580000)
  object space 68608K, 97% used [0x0000000080000000,0x000000008417fe78,0x0000000084300000)
 Metaspace       used 66850K, committed 68352K, reserved 1114112K
  class space    used 7196K, committed 7808K, reserved 1048576K
}

