# JRE version: OpenJDK Runtime Environment Temurin-21.0.9+10 (21.0.9+10) (build 21.0.9+10-LTS)
# Java VM: OpenJDK 64-Bit Server VM Temurin-21.0.9+10 (21.0.9+10-LTS, mixed mode, sharing, tiered, compressed oops, compressed class ptrs, parallel gc, windows-amd64)
GC Precious Log:
 CardTable entry size: 512
 CPUs: 4 total, 4 available
 Memory: 16263M
 Large Page Support: Disabled
 NUMA Support: Disabled
 Compressed Oops: Enabled (32-bit)
 Alignments: Space 512K, Generation 512K, Heap 2M
 Heap Min Capacity: 100M
 Heap Initial Capacity: 100M
 Heap Max Capacity: 2G
 Pre-touch: Disabled
 Parallel Workers: 4
Heap:
 PSYoungGen      total 15872K, used 10599K [0x00000000d5580000, 0x00000000d6780000, 0x0000000100000000)
  eden space 13312K, 80% used [0x00000000d5580000,0x00000000d60035a8,0x00000000d6280000)
  from space 2560K, 0% used [0x00000000d6280000,0x00000000d6280000,0x00000000d6500000)
  to   space 2560K, 0% used [0x00000000d6500000,0x00000000d6500000,0x00000000d6780000)
 ParOldGen       total 70144K, used 68980K [0x0000000080000000, 0x0000000084480000, 0x00000000d5580000)
  object space 70144K, 98% used [0x0000000080000000,0x000000008435d378,0x0000000084480000)
 Metaspace       used 64671K, committed 66176K, reserved 1114112K
  class space    used 6659K, committed 7296K, reserved 1048576K
GC Heap History (20 events):
Event: 1184.796 GC heap before
{Heap before GC invocations=56 (full 3):
 PSYoungGen      total 16384K, used 15904K [0x00000000d5580000, 0x00000000d6780000, 0x0000000100000000)
  eden space 15360K, 100% used [0x00000000d5580000,0x00000000d6480000,0x00000000d6480000)
  from space 1024K, 53% used [0x00000000d6680000,0x00000000d6708020,0x00000000d6780000)
  to   space 1024K, 0% used [0x00000000d6480000,0x00000000d6480000,0x00000000d6580000)
 ParOldGen       total 68608K, used 60641K [0x0000000080000000, 0x0000000084300000, 0x00000000d5580000)
  object space 68608K, 88% used [0x0000000080000000,0x0000000083b38410,0x0000000084300000)
 Metaspace       used 62808K, committed 64320K, reserved 1114112K
  class space    used 6616K, committed 7232K, reserved 1048576K
}
Event: 1184.799 GC heap after
{Heap after GC invocations=56 (full 3):
 PSYoungGen      total 16384K, used 1003K [0x00000000d5580000, 0x00000000d6980000, 0x0000000100000000)
  eden space 15360K, 0% used [0x00000000d5580000,0x00000000d5580000,0x00000000d6480000)
  from space 1024K, 97% used [0x00000000d6480000,0x00000000d657ace8,0x00000000d6580000)
  to   space 2560K, 0% used [0x00000000d6700000,0x00000000d6700000,0x00000000d6980000)
 ParOldGen       total 68608K, used 61490K [0x0000000080000000, 0x0000000084300000, 0x00000000d5580000)
  object space 68608K, 89% used [0x0000000080000000,0x0000000083c0c860,0x0000000084300000)
 Metaspace       used 62808K, committed 64320K, reserved 1114112K
  class space    used 6616K, committed 7232K, reserved 1048576K
}
Event: 1185.119 GC heap before
{Heap before GC invocations=57 (full 3):
 PSYoungGen      total 16384K, used 16363K [0x00000000d5580000, 0x00000000d6980000, 0x0000000100000000)
  eden space 15360K, 100% used [0x00000000d5580000,0x00000000d6480000,0x00000000d6480000)
  from space 1024K, 97% used [0x00000000d6480000,0x00000000d657ace8,0x00000000d6580000)
  to   space 2560K, 0% used [0x00000000d6700000,0x00000000d6700000,0x00000000d6980000)
 ParOldGen       total 68608K, used 61490K [0x0000000080000000, 0x0000000084300000, 0x00000000d5580000)
  object space 68608K, 89% used [0x0000000080000000,0x0000000083c0c860,0x0000000084300000)
 Metaspace       used 63278K, committed 64704K, reserved 1114112K
  class space    used 6640K, committed 7232K, reserved 1048576K
}
Event: 1185.129 GC heap after
{Heap after GC invocations=57 (full 3):
 PSYoungGen      total 17408K, used 2531K [0x00000000d5580000, 0x00000000d6a80000, 0x0000000100000000)
  eden space 14848K, 0% used [0x00000000d5580000,0x00000000d5580000,0x00000000d6400000)
  from space 2560K, 98% used [0x00000000d6700000,0x00000000d6978d60,0x00000000d6980000)
  to   space 3072K, 0% used [0x00000000d6400000,0x00000000d6400000,0x00000000d6700000)
 ParOldGen       total 68608K, used 62493K [0x0000000080000000, 0x0000000084300000, 0x00000000d5580000)
  object space 68608K, 91% used [0x0000000080000000,0x0000000083d07580,0x0000000084300000)
 Metaspace       used 63278K, committed 64704K, reserved 1114112K
  class space    used 6640K, committed 7232K, reserved 1048576K
}
Event: 1185.475 GC heap before
{Heap before GC invocations=58 (full 3):
 PSYoungGen      total 17408K, used 17379K [0x00000000d5580000, 0x00000000d6a80000, 0x0000000100000000)
  eden space 14848K, 100% used [0x00000000d5580000,0x00000000d6400000,0x00000000d6400000)
  from space 2560K, 98% used [0x00000000d6700000,0x00000000d6978d60,0x00000000d6980000)
  to   space 3072K, 0% used [0x00000000d6400000,0x00000000d6400000,0x00000000d6700000)
 ParOldGen       total 68608K, used 62493K [0x0000000080000000, 0x0000000084300000, 0x00000000d5580000)
  object space 68608K, 91% used [0x0000000080000000,0x0000000083d07580,0x0000000084300000)
 Metaspace       used 63463K, committed 64896K, reserved 1114112K
  class space    used 6642K, committed 7232K, reserved 1048576K
}
Event: 1185.480 GC heap after
{Heap after GC invocations=58 (full 3):
 PSYoungGen      total 16384K, used 1143K [0x00000000d5580000, 0x00000000d6800000, 0x0000000100000000)
  eden space 14848K, 0% used [0x00000000d5580000,0x00000000d5580000,0x00000000d6400000)
  from space 1536K, 74% used [0x00000000d6400000,0x00000000d651de28,0x00000000d6580000)
  to   space 2048K, 0% used [0x00000000d6600000,0x00000000d6600000,0x00000000d6800000)
 ParOldGen       total 68608K, used 64796K [0x0000000080000000, 0x0000000084300000, 0x00000000d5580000)
  object space 68608K, 94% used [0x0000000080000000,0x0000000083f473d8,0x0000000084300000)
 Metaspace       used 63463K, committed 64896K, reserved 1114112K
  class space    used 6642K, committed 7232K, reserved 1048576K
}
Event: 1185.687 GC heap before
{Heap before GC invocations=59 (full 3):
 PSYoungGen      total 16384K, used 15991K [0x00000000d5580000, 0x00000000d6800000, 0x0000000100000000)
  eden space 14848K, 100% used [0x00000000d5580000,0x00000000d6400000,0x00000000d6400000)
  from space 1536K, 74% used [0x00000000d6400000,0x00000000d651de28,0x00000000d6580000)
  to   space 2048K, 0% used [0x00000000d6600000,0x00000000d6600000,0x00000000d6800000)
 ParOldGen       total 68608K, used 64796K [0x0000000080000000, 0x0000000084300000, 0x00000000d5580000)
  object space 68608K, 94% used [0x0000000080000000,0x0000000083f473d8,0x0000000084300000)
 Metaspace       used 63773K, committed 65216K, reserved 1114112K
  class space    used 6649K, committed 7232K, reserved 1048576K
}
Event: 1185.691 GC heap after
{Heap after GC invocations=59 (full 3):
 PSYoungGen      total 16384K, used 1183K [0x00000000d5580000, 0x00000000d6780000, 0x0000000100000000)
  eden space 14848K, 0% used [0x00000000d5580000,0x00000000d5580000,0x00000000d6400000)
  from space 1536K, 77% used [0x00000000d6600000,0x00000000d6727c08,0x00000000d6780000)
  to   space 1536K, 0% used [0x00000000d6400000,0x00000000d6400000,0x00000000d6580000)
 ParOldGen       total 68608K, used 65822K [0x0000000080000000, 0x0000000084300000, 0x00000000d5580000)
  object space 68608K, 95% used [0x0000000080000000,0x0000000084047988,0x0000000084300000)
 Metaspace       used 63773K, committed 65216K, reserved 1114112K
  class space    used 6649K, committed 7232K, reserved 1048576K
}
Event: 1186.431 GC heap before
{Heap before GC invocations=60 (full 3):
 PSYoungGen      total 16384K, used 16031K [0x00000000d5580000, 0x00000000d6780000, 0x0000000100000000)
  eden space 14848K, 100% used [0x00000000d5580000,0x00000000d6400000,0x00000000d6400000)
  from space 1536K, 77% used [0x00000000d6600000,0x00000000d6727c08,0x00000000d6780000)
  to   space 1536K, 0% used [0x00000000d6400000,0x00000000d6400000,0x00000000d6580000)
 ParOldGen       total 68608K, used 65822K [0x0000000080000000, 0x0000000084300000, 0x00000000d5580000)
  object space 68608K, 95% used [0x0000000080000000,0x0000000084047988,0x0000000084300000)
 Metaspace       used 63903K, committed 65344K, reserved 1114112K
  class space    used 6649K, committed 7232K, reserved 1048576K
}
Event: 1186.435 GC heap after
{Heap after GC invocations=60 (full 3):
 PSYoungGen      total 16384K, used 933K [0x00000000d5580000, 0x00000000d6700000, 0x0000000100000000)
  eden space 14848K, 0% used [0x00000000d5580000,0x00000000d5580000,0x00000000d6400000)
  from space 1536K, 60% used [0x00000000d6400000,0x00000000d64e9768,0x00000000d6580000)
  to   space 1536K, 0% used [0x00000000d6580000,0x00000000d6580000,0x00000000d6700000)
 ParOldGen       total 68608K, used 66947K [0x0000000080000000, 0x0000000084300000, 0x00000000d5580000)
  object space 68608K, 97% used [0x0000000080000000,0x0000000084160da8,0x0000000084300000)
 Metaspace       used 63903K, committed 65344K, reserved 1114112K
  class space    used 6649K, committed 7232K, reserved 1048576K
}
Event: 1186.659 GC heap before
{Heap before GC invocations=61 (full 3):
 PSYoungGen      total 16384K, used 15781K [0x00000000d5580000, 0x00000000d6700000, 0x0000000100000000)
  eden space 14848K, 100% used [0x00000000d5580000,0x00000000d6400000,0x00000000d6400000)
  from space 1536K, 60% used [0x00000000d6400000,0x00000000d64e9768,0x00000000d6580000)
  to   space 1536K, 0% used [0x00000000d6580000,0x00000000d6580000,0x00000000d6700000)
 ParOldGen       total 68608K, used 66947K [0x0000000080000000, 0x0000000084300000, 0x00000000d5580000)
  object space 68608K, 97% used [0x0000000080000000,0x0000000084160da8,0x0000000084300000)
 Metaspace       used 64082K, committed 65536K, reserved 1114112K
  class space    used 6650K, committed 7232K, reserved 1048576K
}
Event: 1186.663 GC heap after
{Heap after GC invocations=61 (full 3):
 PSYoungGen      total 16384K, used 1184K [0x00000000d5580000, 0x00000000d6700000, 0x0000000100000000)
  eden space 14848K, 0% used [0x00000000d5580000,0x00000000d5580000,0x00000000d6400000)
  from space 1536K, 77% used [0x00000000d6580000,0x00000000d66a8030,0x00000000d6700000)
  to   space 1536K, 0% used [0x00000000d6400000,0x00000000d6400000,0x00000000d6580000)
 ParOldGen       total 68608K, used 67759K [0x0000000080000000, 0x0000000084300000, 0x00000000d5580000)
  object space 68608K, 98% used [0x0000000080000000,0x000000008422bd20,0x0000000084300000)
 Metaspace       used 64082K, committed 65536K, reserved 1114112K
  class space    used 6650K, committed 7232K, reserved 1048576K
}
Event: 1187.304 GC heap before
{Heap before GC invocations=62 (full 3):
 PSYoungGen      total 16384K, used 16032K [0x00000000d5580000, 0x00000000d6700000, 0x0000000100000000)
  eden space 14848K, 100% used [0x00000000d5580000,0x00000000d6400000,0x00000000d6400000)
  from space 1536K, 77% used [0x00000000d6580000,0x00000000d66a8030,0x00000000d6700000)
  to   space 1536K, 0% used [0x00000000d6400000,0x00000000d6400000,0x00000000d6580000)
 ParOldGen       total 68608K, used 67759K [0x0000000080000000, 0x0000000084300000, 0x00000000d5580000)
  object space 68608K, 98% used [0x0000000080000000,0x000000008422bd20,0x0000000084300000)
 Metaspace       used 64351K, committed 65792K, reserved 1114112K
  class space    used 6656K, committed 7232K, reserved 1048576K
}
Event: 1187.310 GC heap after
{Heap after GC invocations=62 (full 3):
 PSYoungGen      total 15872K, used 913K [0x00000000d5580000, 0x00000000d6600000, 0x0000000100000000)
  eden space 14848K, 0% used [0x00000000d5580000,0x00000000d5580000,0x00000000d6400000)
  from space 1024K, 89% used [0x00000000d6400000,0x00000000d64e4400,0x00000000d6500000)
  to   space 1024K, 0% used [0x00000000d6500000,0x00000000d6500000,0x00000000d6600000)
 ParOldGen       total 69120K, used 68743K [0x0000000080000000, 0x0000000084380000, 0x00000000d5580000)
  object space 69120K, 99% used [0x0000000080000000,0x0000000084321d80,0x0000000084380000)
 Metaspace       used 64351K, committed 65792K, reserved 1114112K
  class space    used 6656K, committed 7232K, reserved 1048576K
}
Event: 1187.753 GC heap before
{Heap before GC invocations=63 (full 3):
 PSYoungGen      total 15872K, used 15761K [0x00000000d5580000, 0x00000000d6600000, 0x0000000100000000)
  eden space 14848K, 100% used [0x00000000d5580000,0x00000000d6400000,0x00000000d6400000)
  from space 1024K, 89% used [0x00000000d6400000,0x00000000d64e4400,0x00000000d6500000)
  to   space 1024K, 0% used [0x00000000d6500000,0x00000000d6500000,0x00000000d6600000)
 ParOldGen       total 69120K, used 68743K [0x0000000080000000, 0x0000000084380000, 0x00000000d5580000)
  object space 69120K, 99% used [0x0000000080000000,0x0000000084321d80,0x0000000084380000)
 Metaspace       used 64476K, committed 65984K, reserved 1114112K
  class space    used 6658K, committed 7296K, reserved 1048576K
}
Event: 1187.756 GC heap after
{Heap after GC invocations=63 (full 3):
 PSYoungGen      total 14336K, used 1024K [0x00000000d5580000, 0x00000000d6900000, 0x0000000100000000)
  eden space 13312K, 0% used [0x00000000d5580000,0x00000000d5580000,0x00000000d6280000)
  from space 1024K, 100% used [0x00000000d6500000,0x00000000d6600000,0x00000000d6600000)
  to   space 2560K, 0% used [0x00000000d6280000,0x00000000d6280000,0x00000000d6500000)
 ParOldGen       total 70144K, used 69745K [0x0000000080000000, 0x0000000084480000, 0x00000000d5580000)
  object space 70144K, 99% used [0x0000000080000000,0x000000008441c4a0,0x0000000084480000)
 Metaspace       used 64476K, committed 65984K, reserved 1114112K
  class space    used 6658K, committed 7296K, reserved 1048576K
}
Event: 1189.504 GC heap before
{Heap before GC invocations=64 (full 3):
 PSYoungGen      total 14336K, used 14336K [0x00000000d5580000, 0x00000000d6900000, 0x0000000100000000)
  eden space 13312K, 100% used [0x00000000d5580000,0x00000000d6280000,0x00000000d6280000)
  from space 1024K, 100% used [0x00000000d6500000,0x00000000d6600000,0x00000000d6600000)
  to   space 2560K, 0% used [0x00000000d6280000,0x00000000d6280000,0x00000000d6500000)
 ParOldGen       total 70144K, used 69745K [0x0000000080000000, 0x0000000084480000, 0x00000000d5580000)
  object space 70144K, 99% used [0x0000000080000000,0x000000008441c4a0,0x0000000084480000)
 Metaspace       used 64671K, committed 66176K, reserved 1114112K
  class space    used 6659K, committed 7296K, reserved 1048576K
}
Event: 1189.507 GC heap after
{Heap after GC invocations=64 (full 3):
 PSYoungGen      total 14336K, used 14336K [0x00000000d5580000, 0x00000000d6900000, 0x0000000100000000)
  eden space 13312K, 100% used [0x00000000d5580000,0x00000000d6280000,0x00000000d6280000)
  from space 1024K, 100% used [0x00000000d6500000,0x00000000d6600000,0x00000000d6600000)
  to   space 2560K, 50% used [0x00000000d6280000,0x00000000d63c12c0,0x00000000d6500000)
 ParOldGen       total 70144K, used 70143K [0x0000000080000000, 0x0000000084480000, 0x00000000d5580000)
  object space 70144K, 99% used [0x0000000080000000,0x000000008447fc20,0x0000000084480000)
 Metaspace       used 64671K, committed 66176K, reserved 1114112K
  class space    used 6659K, committed 7296K, reserved 1048576K
}
Event: 1189.507 GC heap before
{Heap before GC invocations=65 (full 4):
 PSYoungGen      total 14336K, used 14336K [0x00000000d5580000, 0x00000000d6900000, 0x0000000100000000)
  eden space 13312K, 100% used [0x00000000d5580000,0x00000000d6280000,0x00000000d6280000)
  from space 1024K, 100% used [0x00000000d6500000,0x00000000d6600000,0x00000000d6600000)
  to   space 2560K, 50% used [0x00000000d6280000,0x00000000d63c12c0,0x00000000d6500000)
 ParOldGen       total 70144K, used 70143K [0x0000000080000000, 0x0000000084480000, 0x00000000d5580000)
  object space 70144K, 99% used [0x0000000080000000,0x000000008447fc20,0x0000000084480000)
 Metaspace       used 64671K, committed 66176K, reserved 1114112K
  class space    used 6659K, committed 7296K, reserved 1048576K
}
Event: 1189.710 GC heap after
{Heap after GC invocations=65 (full 4):
 PSYoungGen      total 15872K, used 0K [0x00000000d5580000, 0x00000000d6780000, 0x0000000100000000)
  eden space 13312K, 0% used [0x00000000d5580000,0x00000000d5580000,0x00000000d6280000)
  from space 2560K, 0% used [0x00000000d6280000,0x00000000d6280000,0x00000000d6500000)
  to   space 2560K, 0% used [0x00000000d6500000,0x00000000d6500000,0x00000000d6780000)
 ParOldGen       total 70144K, used 68980K [0x0000000080000000, 0x0000000084480000, 0x00000000d5580000)
  object space 70144K, 98% used [0x0000000080000000,0x000000008435d378,0x0000000084480000)
 Metaspace       used 64671K, committed 66176K, reserved 1114112K
  class space    used 6659K, committed 7296K, reserved 1048576K
}

