# JRE version: OpenJDK Runtime Environment Temurin-21.0.9+10 (21.0.9+10) (build 21.0.9+10-LTS)
# Java VM: OpenJDK 64-Bit Server VM Temurin-21.0.9+10 (21.0.9+10-LTS, mixed mode, sharing, tiered, compressed oops, compressed class ptrs, parallel gc, windows-amd64)
GC Precious Log:
 CardTable entry size: 512
 CPUs: 4 total, 4 available
 Memory: 16263M
 Large Page Support: Disabled
 NUMA Support: Disabled
 Compressed Oops: Enabled (32-bit)
 Alignments: Space 512K, Generation 512K, Heap 2M
 Heap Min Capacity: 100M
 Heap Initial Capacity: 100M
 Heap Max Capacity: 2G
 Pre-touch: Disabled
 Parallel Workers: 4
Heap:
 PSYoungGen      total 2560K, used 1160K [0x00000000d5580000, 0x00000000d5a00000, 0x0000000100000000)
  eden space 2048K, 44% used [0x00000000d5580000,0x00000000d5662248,0x00000000d5780000)
  from space 512K, 50% used [0x00000000d5980000,0x00000000d59c0000,0x00000000d5a00000)
  to   space 512K, 0% used [0x00000000d5900000,0x00000000d5900000,0x00000000d5980000)
 ParOldGen       total 313856K, used 112511K [0x0000000080000000, 0x0000000093280000, 0x00000000d5580000)
  object space 313856K, 35% used [0x0000000080000000,0x0000000086ddfd88,0x0000000093280000)
 Metaspace       used 76347K, committed 78144K, reserved 1179648K
  class space    used 7636K, committed 8512K, reserved 1048576K
GC Heap History (20 events):
Event: 65316.044 GC heap before
{Heap before GC invocations=900 (full 4):
 PSYoungGen      total 2560K, used 2432K [0x00000000d5580000, 0x00000000d5a00000, 0x0000000100000000)
  eden space 2048K, 100% used [0x00000000d5580000,0x00000000d5780000,0x00000000d5780000)
  from space 512K, 75% used [0x00000000d5900000,0x00000000d5960000,0x00000000d5980000)
  to   space 512K, 0% used [0x00000000d5980000,0x00000000d5980000,0x00000000d5a00000)
 ParOldGen       total 313856K, used 109238K [0x0000000080000000, 0x0000000093280000, 0x00000000d5580000)
  object space 313856K, 34% used [0x0000000080000000,0x0000000086aada18,0x0000000093280000)
 Metaspace       used 76310K, committed 78080K, reserved 1179648K
  class space    used 7632K, committed 8512K, reserved 1048576K
}
Event: 65316.046 GC heap after
{Heap after GC invocations=900 (full 4):
 PSYoungGen      total 2560K, used 320K [0x00000000d5580000, 0x00000000d5a00000, 0x0000000100000000)
  eden space 2048K, 0% used [0x00000000d5580000,0x00000000d5580000,0x00000000d5780000)
  from space 512K, 62% used [0x00000000d5980000,0x00000000d59d0000,0x00000000d5a00000)
  to   space 512K, 0% used [0x00000000d5900000,0x00000000d5900000,0x00000000d5980000)
 ParOldGen       total 313856K, used 109446K [0x0000000080000000, 0x0000000093280000, 0x00000000d5580000)
  object space 313856K, 34% used [0x0000000080000000,0x0000000086ae1a18,0x0000000093280000)
 Metaspace       used 76310K, committed 78080K, reserved 1179648K
  class space    used 7632K, committed 8512K, reserved 1048576K
}
Event: 65316.054 GC heap before
{Heap before GC invocations=901 (full 4):
 PSYoungGen      total 2560K, used 2368K [0x00000000d5580000, 0x00000000d5a00000, 0x0000000100000000)
  eden space 2048K, 100% used [0x00000000d5580000,0x00000000d5780000,0x00000000d5780000)
  from space 512K, 62% used [0x00000000d5980000,0x00000000d59d0000,0x00000000d5a00000)
  to   space 512K, 0% used [0x00000000d5900000,0x00000000d5900000,0x00000000d5980000)
 ParOldGen       total 313856K, used 109446K [0x0000000080000000, 0x0000000093280000, 0x00000000d5580000)
  object space 313856K, 34% used [0x0000000080000000,0x0000000086ae1a18,0x0000000093280000)
 Metaspace       used 76310K, committed 78080K, reserved 1179648K
  class space    used 7632K, committed 8512K, reserved 1048576K
}
Event: 65316.055 GC heap after
{Heap after GC invocations=901 (full 4):
 PSYoungGen      total 2560K, used 320K [0x00000000d5580000, 0x00000000d5a00000, 0x0000000100000000)
  eden space 2048K, 0% used [0x00000000d5580000,0x00000000d5580000,0x00000000d5780000)
  from space 512K, 62% used [0x00000000d5900000,0x00000000d5950000,0x00000000d5980000)
  to   space 512K, 0% used [0x00000000d5980000,0x00000000d5980000,0x00000000d5a00000)
 ParOldGen       total 313856K, used 109678K [0x0000000080000000, 0x0000000093280000, 0x00000000d5580000)
  object space 313856K, 34% used [0x0000000080000000,0x0000000086b1ba18,0x0000000093280000)
 Metaspace       used 76310K, committed 78080K, reserved 1179648K
  class space    used 7632K, committed 8512K, reserved 1048576K
}
Event: 65316.069 GC heap before
{Heap before GC invocations=902 (full 4):
 PSYoungGen      total 2560K, used 2368K [0x00000000d5580000, 0x00000000d5a00000, 0x0000000100000000)
  eden space 2048K, 100% used [0x00000000d5580000,0x00000000d5780000,0x00000000d5780000)
  from space 512K, 62% used [0x00000000d5900000,0x00000000d5950000,0x00000000d5980000)
  to   space 512K, 0% used [0x00000000d5980000,0x00000000d5980000,0x00000000d5a00000)
 ParOldGen       total 313856K, used 109678K [0x0000000080000000, 0x0000000093280000, 0x00000000d5580000)
  object space 313856K, 34% used [0x0000000080000000,0x0000000086b1ba18,0x0000000093280000)
 Metaspace       used 76310K, committed 78080K, reserved 1179648K
  class space    used 7632K, committed 8512K, reserved 1048576K
}
Event: 65316.070 GC heap after
{Heap after GC invocations=902 (full 4):
 PSYoungGen      total 2560K, used 379K [0x00000000d5580000, 0x00000000d5a00000, 0x0000000100000000)
  eden space 2048K, 0% used [0x00000000d5580000,0x00000000d5580000,0x00000000d5780000)
  from space 512K, 74% used [0x00000000d5980000,0x00000000d59dec08,0x00000000d5a00000)
  to   space 512K, 0% used [0x00000000d5900000,0x00000000d5900000,0x00000000d5980000)
 ParOldGen       total 313856K, used 109918K [0x0000000080000000, 0x0000000093280000, 0x00000000d5580000)
  object space 313856K, 35% used [0x0000000080000000,0x0000000086b57a18,0x0000000093280000)
 Metaspace       used 76310K, committed 78080K, reserved 1179648K
  class space    used 7632K, committed 8512K, reserved 1048576K
}
Event: 65316.120 GC heap before
{Heap before GC invocations=903 (full 4):
 PSYoungGen      total 2560K, used 2427K [0x00000000d5580000, 0x00000000d5a00000, 0x0000000100000000)
  eden space 2048K, 100% used [0x00000000d5580000,0x00000000d5780000,0x00000000d5780000)
  from space 512K, 74% used [0x00000000d5980000,0x00000000d59dec08,0x00000000d5a00000)
  to   space 512K, 0% used [0x00000000d5900000,0x00000000d5900000,0x00000000d5980000)
 ParOldGen       total 313856K, used 109918K [0x0000000080000000, 0x0000000093280000, 0x00000000d5580000)
  object space 313856K, 35% used [0x0000000080000000,0x0000000086b57a18,0x0000000093280000)
 Metaspace       used 76330K, committed 78080K, reserved 1179648K
  class space    used 7636K, committed 8512K, reserved 1048576K
}
Event: 65316.121 GC heap after
{Heap after GC invocations=903 (full 4):
 PSYoungGen      total 2560K, used 288K [0x00000000d5580000, 0x00000000d5a00000, 0x0000000100000000)
  eden space 2048K, 0% used [0x00000000d5580000,0x00000000d5580000,0x00000000d5780000)
  from space 512K, 56% used [0x00000000d5900000,0x00000000d5948000,0x00000000d5980000)
  to   space 512K, 0% used [0x00000000d5980000,0x00000000d5980000,0x00000000d5a00000)
 ParOldGen       total 313856K, used 110209K [0x0000000080000000, 0x0000000093280000, 0x00000000d5580000)
  object space 313856K, 35% used [0x0000000080000000,0x0000000086ba0620,0x0000000093280000)
 Metaspace       used 76330K, committed 78080K, reserved 1179648K
  class space    used 7636K, committed 8512K, reserved 1048576K
}
Event: 65316.129 GC heap before
{Heap before GC invocations=904 (full 4):
 PSYoungGen      total 2560K, used 2336K [0x00000000d5580000, 0x00000000d5a00000, 0x0000000100000000)
  eden space 2048K, 100% used [0x00000000d5580000,0x00000000d5780000,0x00000000d5780000)
  from space 512K, 56% used [0x00000000d5900000,0x00000000d5948000,0x00000000d5980000)
  to   space 512K, 0% used [0x00000000d5980000,0x00000000d5980000,0x00000000d5a00000)
 ParOldGen       total 313856K, used 110209K [0x0000000080000000, 0x0000000093280000, 0x00000000d5580000)
  object space 313856K, 35% used [0x0000000080000000,0x0000000086ba0620,0x0000000093280000)
 Metaspace       used 76331K, committed 78080K, reserved 1179648K
  class space    used 7636K, committed 8512K, reserved 1048576K
}
Event: 65316.131 GC heap after
{Heap after GC invocations=904 (full 4):
 PSYoungGen      total 2560K, used 288K [0x00000000d5580000, 0x00000000d5a00000, 0x0000000100000000)
  eden space 2048K, 0% used [0x00000000d5580000,0x00000000d5580000,0x00000000d5780000)
  from space 512K, 56% used [0x00000000d5980000,0x00000000d59c8000,0x00000000d5a00000)
  to   space 512K, 0% used [0x00000000d5900000,0x00000000d5900000,0x00000000d5980000)
 ParOldGen       total 313856K, used 110409K [0x0000000080000000, 0x0000000093280000, 0x00000000d5580000)
  object space 313856K, 35% used [0x0000000080000000,0x0000000086bd2620,0x0000000093280000)
 Metaspace       used 76331K, committed 78080K, reserved 1179648K
  class space    used 7636K, committed 8512K, reserved 1048576K
}
Event: 65316.140 GC heap before
{Heap before GC invocations=905 (full 4):
 PSYoungGen      total 2560K, used 2336K [0x00000000d5580000, 0x00000000d5a00000, 0x0000000100000000)
  eden space 2048K, 100% used [0x00000000d5580000,0x00000000d5780000,0x00000000d5780000)
  from space 512K, 56% used [0x00000000d5980000,0x00000000d59c8000,0x00000000d5a00000)
  to   space 512K, 0% used [0x00000000d5900000,0x00000000d5900000,0x00000000d5980000)
 ParOldGen       total 313856K, used 110409K [0x0000000080000000, 0x0000000093280000, 0x00000000d5580000)
  object space 313856K, 35% used [0x0000000080000000,0x0000000086bd2620,0x0000000093280000)
 Metaspace       used 76331K, committed 78080K, reserved 1179648K
  class space    used 7636K, committed 8512K, reserved 1048576K
}
Event: 65316.142 GC heap after
{Heap after GC invocations=905 (full 4):
 PSYoungGen      total 2560K, used 310K [0x00000000d5580000, 0x00000000d5a00000, 0x0000000100000000)
  eden space 2048K, 0% used [0x00000000d5580000,0x00000000d5580000,0x00000000d5780000)
  from space 512K, 60% used [0x00000000d5900000,0x00000000d594d808,0x00000000d5980000)
  to   space 512K, 0% used [0x00000000d5980000,0x00000000d5980000,0x00000000d5a00000)
 ParOldGen       total 313856K, used 110649K [0x0000000080000000, 0x0000000093280000, 0x00000000d5580000)
  object space 313856K, 35% used [0x0000000080000000,0x0000000086c0e620,0x0000000093280000)
 Metaspace       used 76331K, committed 78080K, reserved 1179648K
  class space    used 7636K, committed 8512K, reserved 1048576K
}
Event: 65316.258 GC heap before
{Heap before GC invocations=906 (full 4):
 PSYoungGen      total 2560K, used 2358K [0x00000000d5580000, 0x00000000d5a00000, 0x0000000100000000)
  eden space 2048K, 100% used [0x00000000d5580000,0x00000000d5780000,0x00000000d5780000)
  from space 512K, 60% used [0x00000000d5900000,0x00000000d594d808,0x00000000d5980000)
  to   space 512K, 0% used [0x00000000d5980000,0x00000000d5980000,0x00000000d5a00000)
 ParOldGen       total 313856K, used 110649K [0x0000000080000000, 0x0000000093280000, 0x00000000d5580000)
  object space 313856K, 35% used [0x0000000080000000,0x0000000086c0e620,0x0000000093280000)
 Metaspace       used 76331K, committed 78080K, reserved 1179648K
  class space    used 7636K, committed 8512K, reserved 1048576K
}
Event: 65316.258 GC heap after
{Heap after GC invocations=906 (full 4):
 PSYoungGen      total 2560K, used 288K [0x00000000d5580000, 0x00000000d5a00000, 0x0000000100000000)
  eden space 2048K, 0% used [0x00000000d5580000,0x00000000d5580000,0x00000000d5780000)
  from space 512K, 56% used [0x00000000d5980000,0x00000000d59c8000,0x00000000d5a00000)
  to   space 512K, 0% used [0x00000000d5900000,0x00000000d5900000,0x00000000d5980000)
 ParOldGen       total 313856K, used 110919K [0x0000000080000000, 0x0000000093280000, 0x00000000d5580000)
  object space 313856K, 35% used [0x0000000080000000,0x0000000086c51e28,0x0000000093280000)
 Metaspace       used 76331K, committed 78080K, reserved 1179648K
  class space    used 7636K, committed 8512K, reserved 1048576K
}
Event: 65316.289 GC heap before
{Heap before GC invocations=907 (full 4):
 PSYoungGen      total 2560K, used 2325K [0x00000000d5580000, 0x00000000d5a00000, 0x0000000100000000)
  eden space 2048K, 99% used [0x00000000d5580000,0x00000000d577d798,0x00000000d5780000)
  from space 512K, 56% used [0x00000000d5980000,0x00000000d59c8000,0x00000000d5a00000)
  to   space 512K, 0% used [0x00000000d5900000,0x00000000d5900000,0x00000000d5980000)
 ParOldGen       total 313856K, used 110919K [0x0000000080000000, 0x0000000093280000, 0x00000000d5580000)
  object space 313856K, 35% used [0x0000000080000000,0x0000000086c51e28,0x0000000093280000)
 Metaspace       used 76339K, committed 78080K, reserved 1179648K
  class space    used 7636K, committed 8512K, reserved 1048576K
}
Event: 65316.290 GC heap after
{Heap after GC invocations=907 (full 4):
 PSYoungGen      total 2560K, used 288K [0x00000000d5580000, 0x00000000d5a00000, 0x0000000100000000)
  eden space 2048K, 0% used [0x00000000d5580000,0x00000000d5580000,0x00000000d5780000)
  from space 512K, 56% used [0x00000000d5900000,0x00000000d5948000,0x00000000d5980000)
  to   space 512K, 0% used [0x00000000d5980000,0x00000000d5980000,0x00000000d5a00000)
 ParOldGen       total 313856K, used 111158K [0x0000000080000000, 0x0000000093280000, 0x00000000d5580000)
  object space 313856K, 35% used [0x0000000080000000,0x0000000086c8d820,0x0000000093280000)
 Metaspace       used 76339K, committed 78080K, reserved 1179648K
  class space    used 7636K, committed 8512K, reserved 1048576K
}
Event: 65316.297 GC heap before
{Heap before GC invocations=908 (full 4):
 PSYoungGen      total 2560K, used 2336K [0x00000000d5580000, 0x00000000d5a00000, 0x0000000100000000)
  eden space 2048K, 100% used [0x00000000d5580000,0x00000000d5780000,0x00000000d5780000)
  from space 512K, 56% used [0x00000000d5900000,0x00000000d5948000,0x00000000d5980000)
  to   space 512K, 0% used [0x00000000d5980000,0x00000000d5980000,0x00000000d5a00000)
 ParOldGen       total 313856K, used 111158K [0x0000000080000000, 0x0000000093280000, 0x00000000d5580000)
  object space 313856K, 35% used [0x0000000080000000,0x0000000086c8d820,0x0000000093280000)
 Metaspace       used 76339K, committed 78080K, reserved 1179648K
  class space    used 7636K, committed 8512K, reserved 1048576K
}
Event: 65316.297 GC heap after
{Heap after GC invocations=908 (full 4):
 PSYoungGen      total 2560K, used 224K [0x00000000d5580000, 0x00000000d5a00000, 0x0000000100000000)
  eden space 2048K, 0% used [0x00000000d5580000,0x00000000d5580000,0x00000000d5780000)
  from space 512K, 43% used [0x00000000d5980000,0x00000000d59b8000,0x00000000d5a00000)
  to   space 512K, 0% used [0x00000000d5900000,0x00000000d5900000,0x00000000d5980000)
 ParOldGen       total 313856K, used 111284K [0x0000000080000000, 0x0000000093280000, 0x00000000d5580000)
  object space 313856K, 35% used [0x0000000080000000,0x0000000086cad180,0x0000000093280000)
 Metaspace       used 76339K, committed 78080K, reserved 1179648K
  class space    used 7636K, committed 8512K, reserved 1048576K
}
Event: 65316.319 GC heap before
{Heap before GC invocations=909 (full 4):
 PSYoungGen      total 2560K, used 2272K [0x00000000d5580000, 0x00000000d5a00000, 0x0000000100000000)
  eden space 2048K, 100% used [0x00000000d5580000,0x00000000d5780000,0x00000000d5780000)
  from space 512K, 43% used [0x00000000d5980000,0x00000000d59b8000,0x00000000d5a00000)
  to   space 512K, 0% used [0x00000000d5900000,0x00000000d5900000,0x00000000d5980000)
 ParOldGen       total 313856K, used 111284K [0x0000000080000000, 0x0000000093280000, 0x00000000d5580000)
  object space 313856K, 35% used [0x0000000080000000,0x0000000086cad180,0x0000000093280000)
 Metaspace       used 76343K, committed 78080K, reserved 1179648K
  class space    used 7636K, committed 8512K, reserved 1048576K
}
Event: 65316.320 GC heap after
{Heap after GC invocations=909 (full 4):
 PSYoungGen      total 2560K, used 192K [0x00000000d5580000, 0x00000000d5a00000, 0x0000000100000000)
  eden space 2048K, 0% used [0x00000000d5580000,0x00000000d5580000,0x00000000d5780000)
  from space 512K, 37% used [0x00000000d5900000,0x00000000d5930000,0x00000000d5980000)
  to   space 512K, 0% used [0x00000000d5980000,0x00000000d5980000,0x00000000d5a00000)
 ParOldGen       total 313856K, used 111468K [0x0000000080000000, 0x0000000093280000, 0x00000000d5580000)
  object space 313856K, 35% used [0x0000000080000000,0x0000000086cdb180,0x0000000093280000)
 Metaspace       used 76343K, committed 78080K, reserved 1179648K
  class space    used 7636K, committed 8512K, reserved 1048576K
}

