# JRE version: OpenJDK Runtime Environment Temurin-21.0.8+9 (21.0.8+9) (build 21.0.8+9-LTS)
# Java VM: OpenJDK 64-Bit Server VM Temurin-21.0.8+9 (21.0.8+9-LTS, mixed mode, sharing, tiered, compressed oops, compressed class ptrs, parallel gc, windows-amd64)
GC Precious Log:
 CardTable entry size: 512
 CPUs: 4 total, 4 available
 Memory: 16263M
 Large Page Support: Disabled
 NUMA Support: Disabled
 Compressed Oops: Enabled (32-bit)
 Alignments: Space 512K, Generation 512K, Heap 2M
 Heap Min Capacity: 100M
 Heap Initial Capacity: 100M
 Heap Max Capacity: 2G
 Pre-touch: Disabled
 Parallel Workers: 4
Heap:
 PSYoungGen      total 18432K, used 3316K [0x00000000d5580000, 0x00000000d6b00000, 0x0000000100000000)
  eden space 17408K, 13% used [0x00000000d5580000,0x00000000d57bdc90,0x00000000d6680000)
  from space 1024K, 99% used [0x00000000d6900000,0x00000000d69ff4f8,0x00000000d6a00000)
  to   space 1024K, 0% used [0x00000000d6a00000,0x00000000d6a00000,0x00000000d6b00000)
 ParOldGen       total 90112K, used 80458K [0x0000000080000000, 0x0000000085800000, 0x00000000d5580000)
  object space 90112K, 89% used [0x0000000080000000,0x0000000084e92978,0x0000000085800000)
 Metaspace       used 58752K, committed 60096K, reserved 1114112K
  class space    used 6297K, committed 6912K, reserved 1048576K
GC Heap History (20 events):
Event: 37.902 GC heap before
{Heap before GC invocations=38 (full 2):
 PSYoungGen      total 18432K, used 18333K [0x00000000d5580000, 0x00000000d6980000, 0x0000000100000000)
  eden space 17920K, 99% used [0x00000000d5580000,0x00000000d66ff500,0x00000000d6700000)
  from space 512K, 81% used [0x00000000d6700000,0x00000000d6768100,0x00000000d6780000)
  to   space 1024K, 0% used [0x00000000d6880000,0x00000000d6880000,0x00000000d6980000)
 ParOldGen       total 68608K, used 52105K [0x0000000080000000, 0x0000000084300000, 0x00000000d5580000)
  object space 68608K, 75% used [0x0000000080000000,0x00000000832e2698,0x0000000084300000)
 Metaspace       used 56942K, committed 58304K, reserved 1114112K
  class space    used 6133K, committed 6784K, reserved 1048576K
}
Event: 37.909 GC heap after
{Heap after GC invocations=38 (full 2):
 PSYoungGen      total 18432K, used 1002K [0x00000000d5580000, 0x00000000d6b00000, 0x0000000100000000)
  eden space 17408K, 0% used [0x00000000d5580000,0x00000000d5580000,0x00000000d6680000)
  from space 1024K, 97% used [0x00000000d6880000,0x00000000d697aa60,0x00000000d6980000)
  to   space 2048K, 0% used [0x00000000d6680000,0x00000000d6680000,0x00000000d6880000)
 ParOldGen       total 68608K, used 52530K [0x0000000080000000, 0x0000000084300000, 0x00000000d5580000)
  object space 68608K, 76% used [0x0000000080000000,0x000000008334c868,0x0000000084300000)
 Metaspace       used 56942K, committed 58304K, reserved 1114112K
  class space    used 6133K, committed 6784K, reserved 1048576K
}
Event: 38.740 GC heap before
{Heap before GC invocations=39 (full 2):
 PSYoungGen      total 18432K, used 18410K [0x00000000d5580000, 0x00000000d6b00000, 0x0000000100000000)
  eden space 17408K, 100% used [0x00000000d5580000,0x00000000d6680000,0x00000000d6680000)
  from space 1024K, 97% used [0x00000000d6880000,0x00000000d697aa60,0x00000000d6980000)
  to   space 2048K, 0% used [0x00000000d6680000,0x00000000d6680000,0x00000000d6880000)
 ParOldGen       total 68608K, used 52530K [0x0000000080000000, 0x0000000084300000, 0x00000000d5580000)
  object space 68608K, 76% used [0x0000000080000000,0x000000008334c868,0x0000000084300000)
 Metaspace       used 58291K, committed 59648K, reserved 1114112K
  class space    used 6268K, committed 6912K, reserved 1048576K
}
Event: 38.751 GC heap after
{Heap after GC invocations=39 (full 2):
 PSYoungGen      total 19456K, used 2026K [0x00000000d5580000, 0x00000000d7380000, 0x0000000100000000)
  eden space 17408K, 0% used [0x00000000d5580000,0x00000000d5580000,0x00000000d6680000)
  from space 2048K, 98% used [0x00000000d6680000,0x00000000d687a878,0x00000000d6880000)
  to   space 6656K, 0% used [0x00000000d6d00000,0x00000000d6d00000,0x00000000d7380000)
 ParOldGen       total 68608K, used 56009K [0x0000000080000000, 0x0000000084300000, 0x00000000d5580000)
  object space 68608K, 81% used [0x0000000080000000,0x00000000836b2790,0x0000000084300000)
 Metaspace       used 58291K, committed 59648K, reserved 1114112K
  class space    used 6268K, committed 6912K, reserved 1048576K
}
Event: 39.061 GC heap before
{Heap before GC invocations=40 (full 2):
 PSYoungGen      total 19456K, used 19434K [0x00000000d5580000, 0x00000000d7380000, 0x0000000100000000)
  eden space 17408K, 100% used [0x00000000d5580000,0x00000000d6680000,0x00000000d6680000)
  from space 2048K, 98% used [0x00000000d6680000,0x00000000d687a878,0x00000000d6880000)
  to   space 6656K, 0% used [0x00000000d6d00000,0x00000000d6d00000,0x00000000d7380000)
 ParOldGen       total 68608K, used 56012K [0x0000000080000000, 0x0000000084300000, 0x00000000d5580000)
  object space 68608K, 81% used [0x0000000080000000,0x00000000836b3268,0x0000000084300000)
 Metaspace       used 58330K, committed 59712K, reserved 1114112K
  class space    used 6270K, committed 6912K, reserved 1048576K
}
Event: 39.078 GC heap after
{Heap after GC invocations=40 (full 2):
 PSYoungGen      total 20992K, used 3423K [0x00000000d5580000, 0x00000000d7080000, 0x0000000100000000)
  eden space 17408K, 0% used [0x00000000d5580000,0x00000000d5580000,0x00000000d6680000)
  from space 3584K, 95% used [0x00000000d6d00000,0x00000000d7057ec8,0x00000000d7080000)
  to   space 4608K, 0% used [0x00000000d6780000,0x00000000d6780000,0x00000000d6c00000)
 ParOldGen       total 68608K, used 61753K [0x0000000080000000, 0x0000000084300000, 0x00000000d5580000)
  object space 68608K, 90% used [0x0000000080000000,0x0000000083c4e490,0x0000000084300000)
 Metaspace       used 58330K, committed 59712K, reserved 1114112K
  class space    used 6270K, committed 6912K, reserved 1048576K
}
Event: 39.338 GC heap before
{Heap before GC invocations=41 (full 2):
 PSYoungGen      total 20992K, used 20831K [0x00000000d5580000, 0x00000000d7080000, 0x0000000100000000)
  eden space 17408K, 100% used [0x00000000d5580000,0x00000000d6680000,0x00000000d6680000)
  from space 3584K, 95% used [0x00000000d6d00000,0x00000000d7057ec8,0x00000000d7080000)
  to   space 4608K, 0% used [0x00000000d6780000,0x00000000d6780000,0x00000000d6c00000)
 ParOldGen       total 68608K, used 61754K [0x0000000080000000, 0x0000000084300000, 0x00000000d5580000)
  object space 68608K, 90% used [0x0000000080000000,0x0000000083c4e830,0x0000000084300000)
 Metaspace       used 58377K, committed 59776K, reserved 1114112K
  class space    used 6272K, committed 6912K, reserved 1048576K
}
Event: 39.358 GC heap after
{Heap after GC invocations=41 (full 2):
 PSYoungGen      total 19456K, used 1543K [0x00000000d5580000, 0x00000000d6d80000, 0x0000000100000000)
  eden space 17408K, 0% used [0x00000000d5580000,0x00000000d5580000,0x00000000d6680000)
  from space 2048K, 75% used [0x00000000d6780000,0x00000000d6901f58,0x00000000d6980000)
  to   space 2560K, 0% used [0x00000000d6b00000,0x00000000d6b00000,0x00000000d6d80000)
 ParOldGen       total 76288K, used 72678K [0x0000000080000000, 0x0000000084a80000, 0x00000000d5580000)
  object space 76288K, 95% used [0x0000000080000000,0x00000000846f9950,0x0000000084a80000)
 Metaspace       used 58377K, committed 59776K, reserved 1114112K
  class space    used 6272K, committed 6912K, reserved 1048576K
}
Event: 39.361 GC heap before
{Heap before GC invocations=42 (full 2):
 PSYoungGen      total 19456K, used 1873K [0x00000000d5580000, 0x00000000d6d80000, 0x0000000100000000)
  eden space 17408K, 1% used [0x00000000d5580000,0x00000000d55d2588,0x00000000d6680000)
  from space 2048K, 75% used [0x00000000d6780000,0x00000000d6901f58,0x00000000d6980000)
  to   space 2560K, 0% used [0x00000000d6b00000,0x00000000d6b00000,0x00000000d6d80000)
 ParOldGen       total 76288K, used 72678K [0x0000000080000000, 0x0000000084a80000, 0x00000000d5580000)
  object space 76288K, 95% used [0x0000000080000000,0x00000000846f9950,0x0000000084a80000)
 Metaspace       used 58380K, committed 59840K, reserved 1114112K
  class space    used 6272K, committed 6912K, reserved 1048576K
}
Event: 39.364 GC heap after
{Heap after GC invocations=42 (full 2):
 PSYoungGen      total 17920K, used 128K [0x00000000d5580000, 0x00000000d6b80000, 0x0000000100000000)
  eden space 17408K, 0% used [0x00000000d5580000,0x00000000d5580000,0x00000000d6680000)
  from space 512K, 25% used [0x00000000d6b00000,0x00000000d6b20000,0x00000000d6b80000)
  to   space 1024K, 0% used [0x00000000d6980000,0x00000000d6980000,0x00000000d6a80000)
 ParOldGen       total 76288K, used 74156K [0x0000000080000000, 0x0000000084a80000, 0x00000000d5580000)
  object space 76288K, 97% used [0x0000000080000000,0x000000008486b170,0x0000000084a80000)
 Metaspace       used 58380K, committed 59840K, reserved 1114112K
  class space    used 6272K, committed 6912K, reserved 1048576K
}
Event: 39.729 GC heap before
{Heap before GC invocations=43 (full 2):
 PSYoungGen      total 17920K, used 17536K [0x00000000d5580000, 0x00000000d6b80000, 0x0000000100000000)
  eden space 17408K, 100% used [0x00000000d5580000,0x00000000d6680000,0x00000000d6680000)
  from space 512K, 25% used [0x00000000d6b00000,0x00000000d6b20000,0x00000000d6b80000)
  to   space 1024K, 0% used [0x00000000d6980000,0x00000000d6980000,0x00000000d6a80000)
 ParOldGen       total 91648K, used 89478K [0x0000000080000000, 0x0000000085980000, 0x00000000d5580000)
  object space 91648K, 97% used [0x0000000080000000,0x0000000085761828,0x0000000085980000)
 Metaspace       used 58433K, committed 59840K, reserved 1114112K
  class space    used 6273K, committed 6912K, reserved 1048576K
}
Event: 39.731 GC heap after
{Heap after GC invocations=43 (full 2):
 PSYoungGen      total 18432K, used 576K [0x00000000d5580000, 0x00000000d6b80000, 0x0000000100000000)
  eden space 17408K, 0% used [0x00000000d5580000,0x00000000d5580000,0x00000000d6680000)
  from space 1024K, 56% used [0x00000000d6980000,0x00000000d6a10000,0x00000000d6a80000)
  to   space 1024K, 0% used [0x00000000d6a80000,0x00000000d6a80000,0x00000000d6b80000)
 ParOldGen       total 91648K, used 89502K [0x0000000080000000, 0x0000000085980000, 0x00000000d5580000)
  object space 91648K, 97% used [0x0000000080000000,0x0000000085767828,0x0000000085980000)
 Metaspace       used 58433K, committed 59840K, reserved 1114112K
  class space    used 6273K, committed 6912K, reserved 1048576K
}
Event: 39.754 GC heap before
{Heap before GC invocations=44 (full 2):
 PSYoungGen      total 18432K, used 17983K [0x00000000d5580000, 0x00000000d6b80000, 0x0000000100000000)
  eden space 17408K, 99% used [0x00000000d5580000,0x00000000d667fff0,0x00000000d6680000)
  from space 1024K, 56% used [0x00000000d6980000,0x00000000d6a10000,0x00000000d6a80000)
  to   space 1024K, 0% used [0x00000000d6a80000,0x00000000d6a80000,0x00000000d6b80000)
 ParOldGen       total 91648K, used 89502K [0x0000000080000000, 0x0000000085980000, 0x00000000d5580000)
  object space 91648K, 97% used [0x0000000080000000,0x0000000085767828,0x0000000085980000)
 Metaspace       used 58434K, committed 59840K, reserved 1114112K
  class space    used 6273K, committed 6912K, reserved 1048576K
}
Event: 39.758 GC heap after
{Heap after GC invocations=44 (full 2):
 PSYoungGen      total 18432K, used 17983K [0x00000000d5580000, 0x00000000d6b80000, 0x0000000100000000)
  eden space 17408K, 99% used [0x00000000d5580000,0x00000000d667fff0,0x00000000d6680000)
  from space 1024K, 56% used [0x00000000d6980000,0x00000000d6a10000,0x00000000d6a80000)
  to   space 1024K, 26% used [0x00000000d6a80000,0x00000000d6ac4010,0x00000000d6b80000)
 ParOldGen       total 91648K, used 89990K [0x0000000080000000, 0x0000000085980000, 0x00000000d5580000)
  object space 91648K, 98% used [0x0000000080000000,0x00000000857e1828,0x0000000085980000)
 Metaspace       used 58434K, committed 59840K, reserved 1114112K
  class space    used 6273K, committed 6912K, reserved 1048576K
}
Event: 39.758 GC heap before
{Heap before GC invocations=45 (full 3):
 PSYoungGen      total 18432K, used 17983K [0x00000000d5580000, 0x00000000d6b80000, 0x0000000100000000)
  eden space 17408K, 99% used [0x00000000d5580000,0x00000000d667fff0,0x00000000d6680000)
  from space 1024K, 56% used [0x00000000d6980000,0x00000000d6a10000,0x00000000d6a80000)
  to   space 1024K, 26% used [0x00000000d6a80000,0x00000000d6ac4010,0x00000000d6b80000)
 ParOldGen       total 91648K, used 89990K [0x0000000080000000, 0x0000000085980000, 0x00000000d5580000)
  object space 91648K, 98% used [0x0000000080000000,0x00000000857e1828,0x0000000085980000)
 Metaspace       used 58434K, committed 59840K, reserved 1114112K
  class space    used 6273K, committed 6912K, reserved 1048576K
}
Event: 40.041 GC heap after
{Heap after GC invocations=45 (full 3):
 PSYoungGen      total 17920K, used 0K [0x00000000d5580000, 0x00000000d6b00000, 0x0000000100000000)
  eden space 17408K, 0% used [0x00000000d5580000,0x00000000d5580000,0x00000000d6680000)
  from space 512K, 0% used [0x00000000d6a80000,0x00000000d6a80000,0x00000000d6b00000)
  to   space 1024K, 0% used [0x00000000d6900000,0x00000000d6900000,0x00000000d6a00000)
 ParOldGen       total 90112K, used 63472K [0x0000000080000000, 0x0000000085800000, 0x00000000d5580000)
  object space 90112K, 70% used [0x0000000080000000,0x0000000083dfc1d0,0x0000000085800000)
 Metaspace       used 58434K, committed 59840K, reserved 1114112K
  class space    used 6273K, committed 6912K, reserved 1048576K
}
Event: 40.061 GC heap before
{Heap before GC invocations=46 (full 3):
 PSYoungGen      total 17920K, used 17408K [0x00000000d5580000, 0x00000000d6b00000, 0x0000000100000000)
  eden space 17408K, 100% used [0x00000000d5580000,0x00000000d6680000,0x00000000d6680000)
  from space 512K, 0% used [0x00000000d6a80000,0x00000000d6a80000,0x00000000d6b00000)
  to   space 1024K, 0% used [0x00000000d6900000,0x00000000d6900000,0x00000000d6a00000)
 ParOldGen       total 90112K, used 63472K [0x0000000080000000, 0x0000000085800000, 0x00000000d5580000)
  object space 90112K, 70% used [0x0000000080000000,0x0000000083dfc1d0,0x0000000085800000)
 Metaspace       used 58452K, committed 59840K, reserved 1114112K
  class space    used 6274K, committed 6912K, reserved 1048576K
}
Event: 40.064 GC heap after
{Heap after GC invocations=46 (full 3):
 PSYoungGen      total 18432K, used 480K [0x00000000d5580000, 0x00000000d6b00000, 0x0000000100000000)
  eden space 17408K, 0% used [0x00000000d5580000,0x00000000d5580000,0x00000000d6680000)
  from space 1024K, 46% used [0x00000000d6900000,0x00000000d6978010,0x00000000d6a00000)
  to   space 1024K, 0% used [0x00000000d6a00000,0x00000000d6a00000,0x00000000d6b00000)
 ParOldGen       total 90112K, used 74489K [0x0000000080000000, 0x0000000085800000, 0x00000000d5580000)
  object space 90112K, 82% used [0x0000000080000000,0x00000000848be770,0x0000000085800000)
 Metaspace       used 58452K, committed 59840K, reserved 1114112K
  class space    used 6274K, committed 6912K, reserved 1048576K
}
Event: 40.304 GC heap before
{Heap before GC invocations=47 (full 3):
 PSYoungGen      total 18432K, used 17888K [0x00000000d5580000, 0x00000000d6b00000, 0x0000000100000000)
  eden space 17408K, 100% used [0x00000000d5580000,0x00000000d6680000,0x00000000d6680000)
  from space 1024K, 46% used [0x00000000d6900000,0x00000000d6978010,0x00000000d6a00000)
  to   space 1024K, 0% used [0x00000000d6a00000,0x00000000d6a00000,0x00000000d6b00000)
 ParOldGen       total 90112K, used 74489K [0x0000000080000000, 0x0000000085800000, 0x00000000d5580000)
  object space 90112K, 82% used [0x0000000080000000,0x00000000848be770,0x0000000085800000)
 Metaspace       used 58654K, committed 60032K, reserved 1114112K
  class space    used 6285K, committed 6912K, reserved 1048576K
}
Event: 40.311 GC heap after
{Heap after GC invocations=47 (full 3):
 PSYoungGen      total 18432K, used 1010K [0x00000000d5580000, 0x00000000d6b00000, 0x0000000100000000)
  eden space 17408K, 0% used [0x00000000d5580000,0x00000000d5580000,0x00000000d6680000)
  from space 1024K, 98% used [0x00000000d6a00000,0x00000000d6afcac0,0x00000000d6b00000)
  to   space 1024K, 0% used [0x00000000d6900000,0x00000000d6900000,0x00000000d6a00000)
 ParOldGen       total 90112K, used 77385K [0x0000000080000000, 0x0000000085800000, 0x00000000d5580000)
  object space 90112K, 85% used [0x0000000080000000,0x0000000084b92520,0x0000000085800000)
 Metaspace       used 58654K, committed 60032K, reserved 1114112K
  class space    used 6285K, committed 6912K, reserved 1048576K
}

