# JRE version: OpenJDK Runtime Environment Temurin-21.0.9+10 (21.0.9+10) (build 21.0.9+10-LTS)
# Java VM: OpenJDK 64-Bit Server VM Temurin-21.0.9+10 (21.0.9+10-LTS, mixed mode, sharing, tiered, compressed oops, compressed class ptrs, parallel gc, windows-amd64)
GC Precious Log:
 CardTable entry size: 512
 CPUs: 4 total, 4 available
 Memory: 16263M
 Large Page Support: Disabled
 NUMA Support: Disabled
 Compressed Oops: Enabled (32-bit)
 Alignments: Space 512K, Generation 512K, Heap 2M
 Heap Min Capacity: 100M
 Heap Initial Capacity: 100M
 Heap Max Capacity: 2G
 Pre-touch: Disabled
 Parallel Workers: 4
Heap:
 PSYoungGen      total 5632K, used 612K [0x00000000d5580000, 0x00000000d5c80000, 0x0000000100000000)
  eden space 5120K, 7% used [0x00000000d5580000,0x00000000d55e12f0,0x00000000d5a80000)
  from space 512K, 43% used [0x00000000d5b80000,0x00000000d5bb8000,0x00000000d5c00000)
  to   space 512K, 0% used [0x00000000d5c00000,0x00000000d5c00000,0x00000000d5c80000)
 ParOldGen       total 1227264K, used 1222194K [0x0000000080000000, 0x00000000cae80000, 0x00000000d5580000)
  object space 1227264K, 99% used [0x0000000080000000,0x00000000ca98c990,0x00000000cae80000)
 Metaspace       used 93436K, committed 95488K, reserved 1179648K
  class space    used 9524K, committed 10432K, reserved 1048576K
GC Heap History (20 events):
Event: 702.957 GC heap before
{Heap before GC invocations=2937 (full 5):
 PSYoungGen      total 6144K, used 6119K [0x00000000d5580000, 0x00000000d5e80000, 0x0000000100000000)
  eden space 5120K, 100% used [0x00000000d5580000,0x00000000d5a80000,0x00000000d5a80000)
  from space 1024K, 97% used [0x00000000d5a80000,0x00000000d5b79de0,0x00000000d5b80000)
  to   space 2048K, 0% used [0x00000000d5c80000,0x00000000d5c80000,0x00000000d5e80000)
 ParOldGen       total 1064960K, used 1064505K [0x0000000080000000, 0x00000000c1000000, 0x00000000d5580000)
  object space 1064960K, 99% used [0x0000000080000000,0x00000000c0f8e730,0x00000000c1000000)
 Metaspace       used 93379K, committed 95424K, reserved 1179648K
  class space    used 9523K, committed 10432K, reserved 1048576K
}
Event: 702.963 GC heap after
{Heap after GC invocations=2937 (full 5):
 PSYoungGen      total 6144K, used 868K [0x00000000d5580000, 0x00000000d5d80000, 0x0000000100000000)
  eden space 5120K, 0% used [0x00000000d5580000,0x00000000d5580000,0x00000000d5a80000)
  from space 1024K, 84% used [0x00000000d5c80000,0x00000000d5d59210,0x00000000d5d80000)
  to   space 1536K, 0% used [0x00000000d5a80000,0x00000000d5a80000,0x00000000d5c00000)
 ParOldGen       total 1065984K, used 1065487K [0x0000000080000000, 0x00000000c1100000, 0x00000000d5580000)
  object space 1065984K, 99% used [0x0000000080000000,0x00000000c1083eb0,0x00000000c1100000)
 Metaspace       used 93379K, committed 95424K, reserved 1179648K
  class space    used 9523K, committed 10432K, reserved 1048576K
}
Event: 702.989 GC heap before
{Heap before GC invocations=2938 (full 5):
 PSYoungGen      total 6144K, used 5988K [0x00000000d5580000, 0x00000000d5d80000, 0x0000000100000000)
  eden space 5120K, 100% used [0x00000000d5580000,0x00000000d5a80000,0x00000000d5a80000)
  from space 1024K, 84% used [0x00000000d5c80000,0x00000000d5d59210,0x00000000d5d80000)
  to   space 1536K, 0% used [0x00000000d5a80000,0x00000000d5a80000,0x00000000d5c00000)
 ParOldGen       total 1065984K, used 1065487K [0x0000000080000000, 0x00000000c1100000, 0x00000000d5580000)
  object space 1065984K, 99% used [0x0000000080000000,0x00000000c1083eb0,0x00000000c1100000)
 Metaspace       used 93379K, committed 95424K, reserved 1179648K
  class space    used 9523K, committed 10432K, reserved 1048576K
}
Event: 702.994 GC heap after
{Heap after GC invocations=2938 (full 5):
 PSYoungGen      total 6656K, used 608K [0x00000000d5580000, 0x00000000d5d00000, 0x0000000100000000)
  eden space 5120K, 0% used [0x00000000d5580000,0x00000000d5580000,0x00000000d5a80000)
  from space 1536K, 39% used [0x00000000d5a80000,0x00000000d5b18000,0x00000000d5c00000)
  to   space 1024K, 0% used [0x00000000d5c00000,0x00000000d5c00000,0x00000000d5d00000)
 ParOldGen       total 1066496K, used 1066307K [0x0000000080000000, 0x00000000c1180000, 0x00000000d5580000)
  object space 1066496K, 99% used [0x0000000080000000,0x00000000c1150da0,0x00000000c1180000)
 Metaspace       used 93379K, committed 95424K, reserved 1179648K
  class space    used 9523K, committed 10432K, reserved 1048576K
}
Event: 703.028 GC heap before
{Heap before GC invocations=2939 (full 5):
 PSYoungGen      total 6656K, used 5728K [0x00000000d5580000, 0x00000000d5d00000, 0x0000000100000000)
  eden space 5120K, 100% used [0x00000000d5580000,0x00000000d5a80000,0x00000000d5a80000)
  from space 1536K, 39% used [0x00000000d5a80000,0x00000000d5b18000,0x00000000d5c00000)
  to   space 1024K, 0% used [0x00000000d5c00000,0x00000000d5c00000,0x00000000d5d00000)
 ParOldGen       total 1066496K, used 1066307K [0x0000000080000000, 0x00000000c1180000, 0x00000000d5580000)
  object space 1066496K, 99% used [0x0000000080000000,0x00000000c1150da0,0x00000000c1180000)
 Metaspace       used 93379K, committed 95424K, reserved 1179648K
  class space    used 9523K, committed 10432K, reserved 1048576K
}
Event: 703.034 GC heap after
{Heap after GC invocations=2939 (full 5):
 PSYoungGen      total 6144K, used 900K [0x00000000d5580000, 0x00000000d5d00000, 0x0000000100000000)
  eden space 5120K, 0% used [0x00000000d5580000,0x00000000d5580000,0x00000000d5a80000)
  from space 1024K, 87% used [0x00000000d5c00000,0x00000000d5ce1210,0x00000000d5d00000)
  to   space 1024K, 0% used [0x00000000d5b00000,0x00000000d5b00000,0x00000000d5c00000)
 ParOldGen       total 1067008K, used 1066827K [0x0000000080000000, 0x00000000c1200000, 0x00000000d5580000)
  object space 1067008K, 99% used [0x0000000080000000,0x00000000c11d2da0,0x00000000c1200000)
 Metaspace       used 93379K, committed 95424K, reserved 1179648K
  class space    used 9523K, committed 10432K, reserved 1048576K
}
Event: 703.073 GC heap before
{Heap before GC invocations=2940 (full 5):
 PSYoungGen      total 6144K, used 6020K [0x00000000d5580000, 0x00000000d5d00000, 0x0000000100000000)
  eden space 5120K, 100% used [0x00000000d5580000,0x00000000d5a80000,0x00000000d5a80000)
  from space 1024K, 87% used [0x00000000d5c00000,0x00000000d5ce1210,0x00000000d5d00000)
  to   space 1024K, 0% used [0x00000000d5b00000,0x00000000d5b00000,0x00000000d5c00000)
 ParOldGen       total 1067008K, used 1066827K [0x0000000080000000, 0x00000000c1200000, 0x00000000d5580000)
  object space 1067008K, 99% used [0x0000000080000000,0x00000000c11d2da0,0x00000000c1200000)
 Metaspace       used 93379K, committed 95424K, reserved 1179648K
  class space    used 9523K, committed 10432K, reserved 1048576K
}
Event: 703.078 GC heap after
{Heap after GC invocations=2940 (full 5):
 PSYoungGen      total 6144K, used 544K [0x00000000d5580000, 0x00000000d5c80000, 0x0000000100000000)
  eden space 5120K, 0% used [0x00000000d5580000,0x00000000d5580000,0x00000000d5a80000)
  from space 1024K, 53% used [0x00000000d5b00000,0x00000000d5b88000,0x00000000d5c00000)
  to   space 512K, 0% used [0x00000000d5c00000,0x00000000d5c00000,0x00000000d5c80000)
 ParOldGen       total 1068032K, used 1067674K [0x0000000080000000, 0x00000000c1300000, 0x00000000d5580000)
  object space 1068032K, 99% used [0x0000000080000000,0x00000000c12a6880,0x00000000c1300000)
 Metaspace       used 93379K, committed 95424K, reserved 1179648K
  class space    used 9523K, committed 10432K, reserved 1048576K
}
Event: 1227.191 GC heap before
{Heap before GC invocations=2941 (full 5):
 PSYoungGen      total 6144K, used 5663K [0x00000000d5580000, 0x00000000d5c80000, 0x0000000100000000)
  eden space 5120K, 99% used [0x00000000d5580000,0x00000000d5a7fff0,0x00000000d5a80000)
  from space 1024K, 53% used [0x00000000d5b00000,0x00000000d5b88000,0x00000000d5c00000)
  to   space 512K, 0% used [0x00000000d5c00000,0x00000000d5c00000,0x00000000d5c80000)
 ParOldGen       total 1068032K, used 1067674K [0x0000000080000000, 0x00000000c1300000, 0x00000000d5580000)
  object space 1068032K, 99% used [0x0000000080000000,0x00000000c12a6880,0x00000000c1300000)
 Metaspace       used 93411K, committed 95488K, reserved 1179648K
  class space    used 9524K, committed 10432K, reserved 1048576K
}
Event: 1227.198 GC heap after
{Heap after GC invocations=2941 (full 5):
 PSYoungGen      total 5632K, used 400K [0x00000000d5580000, 0x00000000d5c80000, 0x0000000100000000)
  eden space 5120K, 0% used [0x00000000d5580000,0x00000000d5580000,0x00000000d5a80000)
  from space 512K, 78% used [0x00000000d5c00000,0x00000000d5c64010,0x00000000d5c80000)
  to   space 512K, 0% used [0x00000000d5b80000,0x00000000d5b80000,0x00000000d5c00000)
 ParOldGen       total 1068544K, used 1068138K [0x0000000080000000, 0x00000000c1380000, 0x00000000d5580000)
  object space 1068544K, 99% used [0x0000000080000000,0x00000000c131a880,0x00000000c1380000)
 Metaspace       used 93411K, committed 95488K, reserved 1179648K
  class space    used 9524K, committed 10432K, reserved 1048576K
}
Event: 1234.121 GC heap before
{Heap before GC invocations=2942 (full 5):
 PSYoungGen      total 5632K, used 5520K [0x00000000d5580000, 0x00000000d5c80000, 0x0000000100000000)
  eden space 5120K, 100% used [0x00000000d5580000,0x00000000d5a80000,0x00000000d5a80000)
  from space 512K, 78% used [0x00000000d5c00000,0x00000000d5c64010,0x00000000d5c80000)
  to   space 512K, 0% used [0x00000000d5b80000,0x00000000d5b80000,0x00000000d5c00000)
 ParOldGen       total 1100288K, used 1098858K [0x0000000080000000, 0x00000000c3280000, 0x00000000d5580000)
  object space 1100288K, 99% used [0x0000000080000000,0x00000000c311a8b0,0x00000000c3280000)
 Metaspace       used 93420K, committed 95488K, reserved 1179648K
  class space    used 9524K, committed 10432K, reserved 1048576K
}
Event: 1234.126 GC heap after
{Heap after GC invocations=2942 (full 5):
 PSYoungGen      total 5632K, used 224K [0x00000000d5580000, 0x00000000d5c80000, 0x0000000100000000)
  eden space 5120K, 0% used [0x00000000d5580000,0x00000000d5580000,0x00000000d5a80000)
  from space 512K, 43% used [0x00000000d5b80000,0x00000000d5bb8000,0x00000000d5c00000)
  to   space 512K, 0% used [0x00000000d5c00000,0x00000000d5c00000,0x00000000d5c80000)
 ParOldGen       total 1100288K, used 1099074K [0x0000000080000000, 0x00000000c3280000, 0x00000000d5580000)
  object space 1100288K, 99% used [0x0000000080000000,0x00000000c31508b0,0x00000000c3280000)
 Metaspace       used 93420K, committed 95488K, reserved 1179648K
  class space    used 9524K, committed 10432K, reserved 1048576K
}
Event: 1235.971 GC heap before
{Heap before GC invocations=2943 (full 5):
 PSYoungGen      total 5632K, used 5344K [0x00000000d5580000, 0x00000000d5c80000, 0x0000000100000000)
  eden space 5120K, 100% used [0x00000000d5580000,0x00000000d5a80000,0x00000000d5a80000)
  from space 512K, 43% used [0x00000000d5b80000,0x00000000d5bb8000,0x00000000d5c00000)
  to   space 512K, 0% used [0x00000000d5c00000,0x00000000d5c00000,0x00000000d5c80000)
 ParOldGen       total 1132032K, used 1129794K [0x0000000080000000, 0x00000000c5180000, 0x00000000d5580000)
  object space 1132032K, 99% used [0x0000000080000000,0x00000000c4f508e0,0x00000000c5180000)
 Metaspace       used 93425K, committed 95488K, reserved 1179648K
  class space    used 9524K, committed 10432K, reserved 1048576K
}
Event: 1235.977 GC heap after
{Heap after GC invocations=2943 (full 5):
 PSYoungGen      total 5632K, used 128K [0x00000000d5580000, 0x00000000d5c80000, 0x0000000100000000)
  eden space 5120K, 0% used [0x00000000d5580000,0x00000000d5580000,0x00000000d5a80000)
  from space 512K, 25% used [0x00000000d5c00000,0x00000000d5c20000,0x00000000d5c80000)
  to   space 512K, 0% used [0x00000000d5b80000,0x00000000d5b80000,0x00000000d5c00000)
 ParOldGen       total 1132032K, used 1129890K [0x0000000080000000, 0x00000000c5180000, 0x00000000d5580000)
  object space 1132032K, 99% used [0x0000000080000000,0x00000000c4f688e0,0x00000000c5180000)
 Metaspace       used 93425K, committed 95488K, reserved 1179648K
  class space    used 9524K, committed 10432K, reserved 1048576K
}
Event: 1236.447 GC heap before
{Heap before GC invocations=2944 (full 5):
 PSYoungGen      total 5632K, used 5248K [0x00000000d5580000, 0x00000000d5c80000, 0x0000000100000000)
  eden space 5120K, 100% used [0x00000000d5580000,0x00000000d5a80000,0x00000000d5a80000)
  from space 512K, 25% used [0x00000000d5c00000,0x00000000d5c20000,0x00000000d5c80000)
  to   space 512K, 0% used [0x00000000d5b80000,0x00000000d5b80000,0x00000000d5c00000)
 ParOldGen       total 1163776K, used 1160610K [0x0000000080000000, 0x00000000c7080000, 0x00000000d5580000)
  object space 1163776K, 99% used [0x0000000080000000,0x00000000c6d68910,0x00000000c7080000)
 Metaspace       used 93428K, committed 95488K, reserved 1179648K
  class space    used 9524K, committed 10432K, reserved 1048576K
}
Event: 1236.450 GC heap after
{Heap after GC invocations=2944 (full 5):
 PSYoungGen      total 5632K, used 192K [0x00000000d5580000, 0x00000000d5c80000, 0x0000000100000000)
  eden space 5120K, 0% used [0x00000000d5580000,0x00000000d5580000,0x00000000d5a80000)
  from space 512K, 37% used [0x00000000d5b80000,0x00000000d5bb0020,0x00000000d5c00000)
  to   space 512K, 0% used [0x00000000d5c00000,0x00000000d5c00000,0x00000000d5c80000)
 ParOldGen       total 1163776K, used 1160650K [0x0000000080000000, 0x00000000c7080000, 0x00000000d5580000)
  object space 1163776K, 99% used [0x0000000080000000,0x00000000c6d72910,0x00000000c7080000)
 Metaspace       used 93428K, committed 95488K, reserved 1179648K
  class space    used 9524K, committed 10432K, reserved 1048576K
}
Event: 1247.094 GC heap before
{Heap before GC invocations=2945 (full 5):
 PSYoungGen      total 5632K, used 5312K [0x00000000d5580000, 0x00000000d5c80000, 0x0000000100000000)
  eden space 5120K, 100% used [0x00000000d5580000,0x00000000d5a80000,0x00000000d5a80000)
  from space 512K, 37% used [0x00000000d5b80000,0x00000000d5bb0020,0x00000000d5c00000)
  to   space 512K, 0% used [0x00000000d5c00000,0x00000000d5c00000,0x00000000d5c80000)
 ParOldGen       total 1195520K, used 1191370K [0x0000000080000000, 0x00000000c8f80000, 0x00000000d5580000)
  object space 1195520K, 99% used [0x0000000080000000,0x00000000c8b72940,0x00000000c8f80000)
 Metaspace       used 93429K, committed 95488K, reserved 1179648K
  class space    used 9524K, committed 10432K, reserved 1048576K
}
Event: 1247.106 GC heap after
{Heap after GC invocations=2945 (full 5):
 PSYoungGen      total 5632K, used 256K [0x00000000d5580000, 0x00000000d5c80000, 0x0000000100000000)
  eden space 5120K, 0% used [0x00000000d5580000,0x00000000d5580000,0x00000000d5a80000)
  from space 512K, 50% used [0x00000000d5c00000,0x00000000d5c40000,0x00000000d5c80000)
  to   space 512K, 0% used [0x00000000d5b80000,0x00000000d5b80000,0x00000000d5c00000)
 ParOldGen       total 1195520K, used 1191450K [0x0000000080000000, 0x00000000c8f80000, 0x00000000d5580000)
  object space 1195520K, 99% used [0x0000000080000000,0x00000000c8b86960,0x00000000c8f80000)
 Metaspace       used 93429K, committed 95488K, reserved 1179648K
  class space    used 9524K, committed 10432K, reserved 1048576K
}
Event: 1266.239 GC heap before
{Heap before GC invocations=2946 (full 5):
 PSYoungGen      total 5632K, used 5376K [0x00000000d5580000, 0x00000000d5c80000, 0x0000000100000000)
  eden space 5120K, 100% used [0x00000000d5580000,0x00000000d5a80000,0x00000000d5a80000)
  from space 512K, 50% used [0x00000000d5c00000,0x00000000d5c40000,0x00000000d5c80000)
  to   space 512K, 0% used [0x00000000d5b80000,0x00000000d5b80000,0x00000000d5c00000)
 ParOldGen       total 1227264K, used 1222170K [0x0000000080000000, 0x00000000cae80000, 0x00000000d5580000)
  object space 1227264K, 99% used [0x0000000080000000,0x00000000ca986990,0x00000000cae80000)
 Metaspace       used 93435K, committed 95488K, reserved 1179648K
  class space    used 9524K, committed 10432K, reserved 1048576K
}
Event: 1266.243 GC heap after
{Heap after GC invocations=2946 (full 5):
 PSYoungGen      total 5632K, used 224K [0x00000000d5580000, 0x00000000d5c80000, 0x0000000100000000)
  eden space 5120K, 0% used [0x00000000d5580000,0x00000000d5580000,0x00000000d5a80000)
  from space 512K, 43% used [0x00000000d5b80000,0x00000000d5bb8000,0x00000000d5c00000)
  to   space 512K, 0% used [0x00000000d5c00000,0x00000000d5c00000,0x00000000d5c80000)
 ParOldGen       total 1227264K, used 1222194K [0x0000000080000000, 0x00000000cae80000, 0x00000000d5580000)
  object space 1227264K, 99% used [0x0000000080000000,0x00000000ca98c990,0x00000000cae80000)
 Metaspace       used 93435K, committed 95488K, reserved 1179648K
  class space    used 9524K, committed 10432K, reserved 1048576K
}

