# JRE version: OpenJDK Runtime Environment Temurin-21.0.9+10 (21.0.9+10) (build 21.0.9+10-LTS)
# Java VM: OpenJDK 64-Bit Server VM Temurin-21.0.9+10 (21.0.9+10-LTS, mixed mode, sharing, tiered, compressed oops, compressed class ptrs, parallel gc, windows-amd64)
GC Precious Log:
 CardTable entry size: 512
 CPUs: 4 total, 4 available
 Memory: 16263M
 Large Page Support: Disabled
 NUMA Support: Disabled
 Compressed Oops: Enabled (32-bit)
 Alignments: Space 512K, Generation 512K, Heap 2M
 Heap Min Capacity: 100M
 Heap Initial Capacity: 100M
 Heap Max Capacity: 2G
 Pre-touch: Disabled
 Parallel Workers: 4
Heap:
 PSYoungGen      total 19968K, used 19695K [0x00000000d5580000, 0x00000000d6e00000, 0x0000000100000000)
  eden space 18944K, 98% used [0x00000000d5580000,0x00000000d67bdcb8,0x00000000d6800000)
  from space 1024K, 99% used [0x00000000d6a80000,0x00000000d6b7df80,0x00000000d6b80000)
  to   space 2560K, 0% used [0x00000000d6800000,0x00000000d6800000,0x00000000d6a80000)
 ParOldGen       total 68608K, used 51053K [0x0000000080000000, 0x0000000084300000, 0x00000000d5580000)
  object space 68608K, 74% used [0x0000000080000000,0x00000000831db598,0x0000000084300000)
 Metaspace       used 53592K, committed 54912K, reserved 1114112K
  class space    used 5788K, committed 6336K, reserved 1048576K
GC Heap History (20 events):
Event: 28.866 GC heap before
{Heap before GC invocations=25 (full 2):
 PSYoungGen      total 23040K, used 23008K [0x00000000d5580000, 0x00000000d7000000, 0x0000000100000000)
  eden space 22016K, 100% used [0x00000000d5580000,0x00000000d6b00000,0x00000000d6b00000)
  from space 1024K, 96% used [0x00000000d6f00000,0x00000000d6ff8030,0x00000000d7000000)
  to   space 2560K, 0% used [0x00000000d6b00000,0x00000000d6b00000,0x00000000d6d80000)
 ParOldGen       total 68608K, used 36040K [0x0000000080000000, 0x0000000084300000, 0x00000000d5580000)
  object space 68608K, 52% used [0x0000000080000000,0x00000000823320a0,0x0000000084300000)
 Metaspace       used 48819K, committed 50112K, reserved 1114112K
  class space    used 5274K, committed 5824K, reserved 1048576K
}
Event: 28.874 GC heap after
{Heap after GC invocations=25 (full 2):
 PSYoungGen      total 24576K, used 1984K [0x00000000d5580000, 0x00000000d6f80000, 0x0000000100000000)
  eden space 22016K, 0% used [0x00000000d5580000,0x00000000d5580000,0x00000000d6b00000)
  from space 2560K, 77% used [0x00000000d6b00000,0x00000000d6cf0010,0x00000000d6d80000)
  to   space 2048K, 0% used [0x00000000d6d80000,0x00000000d6d80000,0x00000000d6f80000)
 ParOldGen       total 68608K, used 36999K [0x0000000080000000, 0x0000000084300000, 0x00000000d5580000)
  object space 68608K, 53% used [0x0000000080000000,0x0000000082421cd8,0x0000000084300000)
 Metaspace       used 48819K, committed 50112K, reserved 1114112K
  class space    used 5274K, committed 5824K, reserved 1048576K
}
Event: 29.032 GC heap before
{Heap before GC invocations=26 (full 2):
 PSYoungGen      total 24576K, used 24000K [0x00000000d5580000, 0x00000000d6f80000, 0x0000000100000000)
  eden space 22016K, 100% used [0x00000000d5580000,0x00000000d6b00000,0x00000000d6b00000)
  from space 2560K, 77% used [0x00000000d6b00000,0x00000000d6cf0010,0x00000000d6d80000)
  to   space 2048K, 0% used [0x00000000d6d80000,0x00000000d6d80000,0x00000000d6f80000)
 ParOldGen       total 68608K, used 36999K [0x0000000080000000, 0x0000000084300000, 0x00000000d5580000)
  object space 68608K, 53% used [0x0000000080000000,0x0000000082421cd8,0x0000000084300000)
 Metaspace       used 49172K, committed 50496K, reserved 1114112K
  class space    used 5327K, committed 5888K, reserved 1048576K
}
Event: 29.039 GC heap after
{Heap after GC invocations=26 (full 2):
 PSYoungGen      total 22016K, used 2018K [0x00000000d5580000, 0x00000000d7400000, 0x0000000100000000)
  eden space 19968K, 0% used [0x00000000d5580000,0x00000000d5580000,0x00000000d6900000)
  from space 2048K, 98% used [0x00000000d6d80000,0x00000000d6f78810,0x00000000d6f80000)
  to   space 4608K, 0% used [0x00000000d6900000,0x00000000d6900000,0x00000000d6d80000)
 ParOldGen       total 68608K, used 39175K [0x0000000080000000, 0x0000000084300000, 0x00000000d5580000)
  object space 68608K, 57% used [0x0000000080000000,0x0000000082641ce8,0x0000000084300000)
 Metaspace       used 49172K, committed 50496K, reserved 1114112K
  class space    used 5327K, committed 5888K, reserved 1048576K
}
Event: 29.165 GC heap before
{Heap before GC invocations=27 (full 2):
 PSYoungGen      total 22016K, used 21986K [0x00000000d5580000, 0x00000000d7400000, 0x0000000100000000)
  eden space 19968K, 100% used [0x00000000d5580000,0x00000000d6900000,0x00000000d6900000)
  from space 2048K, 98% used [0x00000000d6d80000,0x00000000d6f78810,0x00000000d6f80000)
  to   space 4608K, 0% used [0x00000000d6900000,0x00000000d6900000,0x00000000d6d80000)
 ParOldGen       total 68608K, used 39175K [0x0000000080000000, 0x0000000084300000, 0x00000000d5580000)
  object space 68608K, 57% used [0x0000000080000000,0x0000000082641ce8,0x0000000084300000)
 Metaspace       used 49190K, committed 50560K, reserved 1114112K
  class space    used 5327K, committed 5888K, reserved 1048576K
}
Event: 29.175 GC heap after
{Heap after GC invocations=27 (full 2):
 PSYoungGen      total 22016K, used 1920K [0x00000000d5580000, 0x00000000d6f00000, 0x0000000100000000)
  eden space 19968K, 0% used [0x00000000d5580000,0x00000000d5580000,0x00000000d6900000)
  from space 2048K, 93% used [0x00000000d6900000,0x00000000d6ae0000,0x00000000d6b00000)
  to   space 3072K, 0% used [0x00000000d6c00000,0x00000000d6c00000,0x00000000d6f00000)
 ParOldGen       total 68608K, used 41173K [0x0000000080000000, 0x0000000084300000, 0x00000000d5580000)
  object space 68608K, 60% used [0x0000000080000000,0x0000000082835608,0x0000000084300000)
 Metaspace       used 49190K, committed 50560K, reserved 1114112K
  class space    used 5327K, committed 5888K, reserved 1048576K
}
Event: 29.300 GC heap before
{Heap before GC invocations=28 (full 2):
 PSYoungGen      total 22016K, used 21888K [0x00000000d5580000, 0x00000000d6f00000, 0x0000000100000000)
  eden space 19968K, 100% used [0x00000000d5580000,0x00000000d6900000,0x00000000d6900000)
  from space 2048K, 93% used [0x00000000d6900000,0x00000000d6ae0000,0x00000000d6b00000)
  to   space 3072K, 0% used [0x00000000d6c00000,0x00000000d6c00000,0x00000000d6f00000)
 ParOldGen       total 68608K, used 41173K [0x0000000080000000, 0x0000000084300000, 0x00000000d5580000)
  object space 68608K, 60% used [0x0000000080000000,0x0000000082835608,0x0000000084300000)
 Metaspace       used 49195K, committed 50560K, reserved 1114112K
  class space    used 5327K, committed 5888K, reserved 1048576K
}
Event: 29.309 GC heap after
{Heap after GC invocations=28 (full 2):
 PSYoungGen      total 22016K, used 1796K [0x00000000d5580000, 0x00000000d6e00000, 0x0000000100000000)
  eden space 19968K, 0% used [0x00000000d5580000,0x00000000d5580000,0x00000000d6900000)
  from space 2048K, 87% used [0x00000000d6c00000,0x00000000d6dc1000,0x00000000d6e00000)
  to   space 2048K, 0% used [0x00000000d6900000,0x00000000d6900000,0x00000000d6b00000)
 ParOldGen       total 68608K, used 43019K [0x0000000080000000, 0x0000000084300000, 0x00000000d5580000)
  object space 68608K, 62% used [0x0000000080000000,0x0000000082a02fb8,0x0000000084300000)
 Metaspace       used 49195K, committed 50560K, reserved 1114112K
  class space    used 5327K, committed 5888K, reserved 1048576K
}
Event: 29.454 GC heap before
{Heap before GC invocations=29 (full 2):
 PSYoungGen      total 22016K, used 21764K [0x00000000d5580000, 0x00000000d6e00000, 0x0000000100000000)
  eden space 19968K, 100% used [0x00000000d5580000,0x00000000d6900000,0x00000000d6900000)
  from space 2048K, 87% used [0x00000000d6c00000,0x00000000d6dc1000,0x00000000d6e00000)
  to   space 2048K, 0% used [0x00000000d6900000,0x00000000d6900000,0x00000000d6b00000)
 ParOldGen       total 68608K, used 43019K [0x0000000080000000, 0x0000000084300000, 0x00000000d5580000)
  object space 68608K, 62% used [0x0000000080000000,0x0000000082a02fb8,0x0000000084300000)
 Metaspace       used 49208K, committed 50560K, reserved 1114112K
  class space    used 5327K, committed 5888K, reserved 1048576K
}
Event: 29.459 GC heap after
{Heap after GC invocations=29 (full 2):
 PSYoungGen      total 22016K, used 1952K [0x00000000d5580000, 0x00000000d6d00000, 0x0000000100000000)
  eden space 19968K, 0% used [0x00000000d5580000,0x00000000d5580000,0x00000000d6900000)
  from space 2048K, 95% used [0x00000000d6900000,0x00000000d6ae8010,0x00000000d6b00000)
  to   space 2048K, 0% used [0x00000000d6b00000,0x00000000d6b00000,0x00000000d6d00000)
 ParOldGen       total 68608K, used 44756K [0x0000000080000000, 0x0000000084300000, 0x00000000d5580000)
  object space 68608K, 65% used [0x0000000080000000,0x0000000082bb50b8,0x0000000084300000)
 Metaspace       used 49208K, committed 50560K, reserved 1114112K
  class space    used 5327K, committed 5888K, reserved 1048576K
}
Event: 29.762 GC heap before
{Heap before GC invocations=30 (full 2):
 PSYoungGen      total 22016K, used 21920K [0x00000000d5580000, 0x00000000d6d00000, 0x0000000100000000)
  eden space 19968K, 100% used [0x00000000d5580000,0x00000000d6900000,0x00000000d6900000)
  from space 2048K, 95% used [0x00000000d6900000,0x00000000d6ae8010,0x00000000d6b00000)
  to   space 2048K, 0% used [0x00000000d6b00000,0x00000000d6b00000,0x00000000d6d00000)
 ParOldGen       total 68608K, used 44756K [0x0000000080000000, 0x0000000084300000, 0x00000000d5580000)
  object space 68608K, 65% used [0x0000000080000000,0x0000000082bb50b8,0x0000000084300000)
 Metaspace       used 49242K, committed 50560K, reserved 1114112K
  class space    used 5329K, committed 5888K, reserved 1048576K
}
Event: 29.774 GC heap after
{Heap after GC invocations=30 (full 2):
 PSYoungGen      total 22016K, used 1688K [0x00000000d5580000, 0x00000000d6d00000, 0x0000000100000000)
  eden space 19968K, 0% used [0x00000000d5580000,0x00000000d5580000,0x00000000d6900000)
  from space 2048K, 82% used [0x00000000d6b00000,0x00000000d6ca6200,0x00000000d6d00000)
  to   space 2048K, 0% used [0x00000000d6900000,0x00000000d6900000,0x00000000d6b00000)
 ParOldGen       total 68608K, used 46660K [0x0000000080000000, 0x0000000084300000, 0x00000000d5580000)
  object space 68608K, 68% used [0x0000000080000000,0x0000000082d910c8,0x0000000084300000)
 Metaspace       used 49242K, committed 50560K, reserved 1114112K
  class space    used 5329K, committed 5888K, reserved 1048576K
}
Event: 30.494 GC heap before
{Heap before GC invocations=31 (full 2):
 PSYoungGen      total 22016K, used 21656K [0x00000000d5580000, 0x00000000d6d00000, 0x0000000100000000)
  eden space 19968K, 100% used [0x00000000d5580000,0x00000000d6900000,0x00000000d6900000)
  from space 2048K, 82% used [0x00000000d6b00000,0x00000000d6ca6200,0x00000000d6d00000)
  to   space 2048K, 0% used [0x00000000d6900000,0x00000000d6900000,0x00000000d6b00000)
 ParOldGen       total 68608K, used 46660K [0x0000000080000000, 0x0000000084300000, 0x00000000d5580000)
  object space 68608K, 68% used [0x0000000080000000,0x0000000082d910c8,0x0000000084300000)
 Metaspace       used 49732K, committed 51008K, reserved 1114112K
  class space    used 5401K, committed 5952K, reserved 1048576K
}
Event: 30.501 GC heap after
{Heap after GC invocations=31 (full 2):
 PSYoungGen      total 22016K, used 1487K [0x00000000d5580000, 0x00000000d6d00000, 0x0000000100000000)
  eden space 19968K, 0% used [0x00000000d5580000,0x00000000d5580000,0x00000000d6900000)
  from space 2048K, 72% used [0x00000000d6900000,0x00000000d6a73d10,0x00000000d6b00000)
  to   space 2048K, 0% used [0x00000000d6b00000,0x00000000d6b00000,0x00000000d6d00000)
 ParOldGen       total 68608K, used 48300K [0x0000000080000000, 0x0000000084300000, 0x00000000d5580000)
  object space 68608K, 70% used [0x0000000080000000,0x0000000082f2b2c8,0x0000000084300000)
 Metaspace       used 49732K, committed 51008K, reserved 1114112K
  class space    used 5401K, committed 5952K, reserved 1048576K
}
Event: 32.575 GC heap before
{Heap before GC invocations=32 (full 2):
 PSYoungGen      total 22016K, used 21455K [0x00000000d5580000, 0x00000000d6d00000, 0x0000000100000000)
  eden space 19968K, 100% used [0x00000000d5580000,0x00000000d6900000,0x00000000d6900000)
  from space 2048K, 72% used [0x00000000d6900000,0x00000000d6a73d10,0x00000000d6b00000)
  to   space 2048K, 0% used [0x00000000d6b00000,0x00000000d6b00000,0x00000000d6d00000)
 ParOldGen       total 68608K, used 48300K [0x0000000080000000, 0x0000000084300000, 0x00000000d5580000)
  object space 68608K, 70% used [0x0000000080000000,0x0000000082f2b2c8,0x0000000084300000)
 Metaspace       used 51651K, committed 52992K, reserved 1114112K
  class space    used 5620K, committed 6208K, reserved 1048576K
}
Event: 32.580 GC heap after
{Heap after GC invocations=32 (full 2):
 PSYoungGen      total 20992K, used 568K [0x00000000d5580000, 0x00000000d6c00000, 0x0000000100000000)
  eden space 19968K, 0% used [0x00000000d5580000,0x00000000d5580000,0x00000000d6900000)
  from space 1024K, 55% used [0x00000000d6b00000,0x00000000d6b8e2f8,0x00000000d6c00000)
  to   space 1024K, 0% used [0x00000000d6a00000,0x00000000d6a00000,0x00000000d6b00000)
 ParOldGen       total 68608K, used 49747K [0x0000000080000000, 0x0000000084300000, 0x00000000d5580000)
  object space 68608K, 72% used [0x0000000080000000,0x0000000083094f48,0x0000000084300000)
 Metaspace       used 51651K, committed 52992K, reserved 1114112K
  class space    used 5620K, committed 6208K, reserved 1048576K
}
Event: 34.451 GC heap before
{Heap before GC invocations=33 (full 2):
 PSYoungGen      total 20992K, used 20536K [0x00000000d5580000, 0x00000000d6c00000, 0x0000000100000000)
  eden space 19968K, 100% used [0x00000000d5580000,0x00000000d6900000,0x00000000d6900000)
  from space 1024K, 55% used [0x00000000d6b00000,0x00000000d6b8e2f8,0x00000000d6c00000)
  to   space 1024K, 0% used [0x00000000d6a00000,0x00000000d6a00000,0x00000000d6b00000)
 ParOldGen       total 68608K, used 49747K [0x0000000080000000, 0x0000000084300000, 0x00000000d5580000)
  object space 68608K, 72% used [0x0000000080000000,0x0000000083094f48,0x0000000084300000)
 Metaspace       used 52935K, committed 54208K, reserved 1114112K
  class space    used 5733K, committed 6272K, reserved 1048576K
}
Event: 34.453 GC heap after
{Heap after GC invocations=33 (full 2):
 PSYoungGen      total 20480K, used 384K [0x00000000d5580000, 0x00000000d6b80000, 0x0000000100000000)
  eden space 19968K, 0% used [0x00000000d5580000,0x00000000d5580000,0x00000000d6900000)
  from space 512K, 75% used [0x00000000d6a00000,0x00000000d6a60000,0x00000000d6a80000)
  to   space 1024K, 0% used [0x00000000d6a80000,0x00000000d6a80000,0x00000000d6b80000)
 ParOldGen       total 68608K, used 50187K [0x0000000080000000, 0x0000000084300000, 0x00000000d5580000)
  object space 68608K, 73% used [0x0000000080000000,0x0000000083102cd8,0x0000000084300000)
 Metaspace       used 52935K, committed 54208K, reserved 1114112K
  class space    used 5733K, committed 6272K, reserved 1048576K
}
Event: 34.950 GC heap before
{Heap before GC invocations=34 (full 2):
 PSYoungGen      total 20480K, used 20352K [0x00000000d5580000, 0x00000000d6b80000, 0x0000000100000000)
  eden space 19968K, 100% used [0x00000000d5580000,0x00000000d6900000,0x00000000d6900000)
  from space 512K, 75% used [0x00000000d6a00000,0x00000000d6a60000,0x00000000d6a80000)
  to   space 1024K, 0% used [0x00000000d6a80000,0x00000000d6a80000,0x00000000d6b80000)
 ParOldGen       total 68608K, used 50187K [0x0000000080000000, 0x0000000084300000, 0x00000000d5580000)
  object space 68608K, 73% used [0x0000000080000000,0x0000000083102cd8,0x0000000084300000)
 Metaspace       used 53393K, committed 54720K, reserved 1114112K
  class space    used 5782K, committed 6336K, reserved 1048576K
}
Event: 34.953 GC heap after
{Heap after GC invocations=34 (full 2):
 PSYoungGen      total 19968K, used 1015K [0x00000000d5580000, 0x00000000d6e00000, 0x0000000100000000)
  eden space 18944K, 0% used [0x00000000d5580000,0x00000000d5580000,0x00000000d6800000)
  from space 1024K, 99% used [0x00000000d6a80000,0x00000000d6b7df80,0x00000000d6b80000)
  to   space 2560K, 0% used [0x00000000d6800000,0x00000000d6800000,0x00000000d6a80000)
 ParOldGen       total 68608K, used 51053K [0x0000000080000000, 0x0000000084300000, 0x00000000d5580000)
  object space 68608K, 74% used [0x0000000080000000,0x00000000831db598,0x0000000084300000)
 Metaspace       used 53393K, committed 54720K, reserved 1114112K
  class space    used 5782K, committed 6336K, reserved 1048576K
}

